#
# A fatal error has been detected by the Java Runtime Environment:
#
#  SIGSEGV (0xb) at pc=0x00000001939f23c8, pid=28156, tid=56371
#
# JRE version: OpenJDK Runtime Environment Homebrew (21.0) (build 21)
# Java VM: OpenJDK 64-Bit Server VM Homebrew (21, mixed mode, sharing, tiered, compressed oops, compressed class ptrs, g1 gc, bsd-aarch64)
# Problematic frame:
# C  [CoreVideo+0x23c8]  CVHWTime::reset()+0x38
#
# No core dump will be written. Core dumps have been disabled. To enable core dumping, try "ulimit -c unlimited" before starting Java again
#
# If you would like to submit a bug report, please visit:
#   https://github.com/Homebrew/homebrew-core/issues
#

---------------  S U M M A R Y ------------

Command Line: /Users/kamui-nakahara/programs/logic2/target/logic2-1.0-SNAPSHOT.jar

Host: "MacBookAir10,1" arm64, 8 cores, 8G, Darwin 22.6.0, macOS 13.5.2 (22G91)
Time: Tue Dec  5 02:50:15 2023 JST elapsed time: 5870.497729 seconds (0d 1h 37m 50s)

---------------  T H R E A D  ---------------

Current thread is native thread

Stack: [0x0000000293f94000,0x0000000294017000],  sp=0x0000000294016dc0,  free space=523k
Native frames: (J=compiled Java code, j=interpreted, Vv=VM code, C=native code)
C  [CoreVideo+0x23c8]  CVHWTime::reset()+0x38
C  [CoreVideo+0x2ec0]  CVXTime::reset()+0x34
C  [CoreVideo+0x2bf4]  CVDisplayLink::runIOThread()+0xb4
C  [libsystem_pthread.dylib+0x6fa8]  _pthread_start+0x94

siginfo: si_signo: 11 (SIGSEGV), si_code: 2 (SEGV_ACCERR), si_addr: 0x0000000000000217

Registers:
 x0=0x0000000000000000  x1=0x0000000193a124f4  x2=0x0000000000000000  x3=0x00011f230000dc33
 x4=0x00000e2100000000  x5=0x00011f2300000000  x6=0x000000000000002c  x7=0x0000000000000000
 x8=0x000000000000004f  x9=0x0000000000000008 x10=0x0000000132008250 x11=0x00000000012c786f
x12=0x0000000000000001 x13=0x0000020000000200 x14=0x0000020000000202 x15=0x0000000000000000
x16=0x000000018bc5bc94 x17=0x00000001eb804730 x18=0x0000000000000000 x19=0x00006000022c5d58
x20=0x0000000132008238 x21=0x0000000000000000 x22=0x0000000000000000 x23=0x0000000000000000
x24=0x0000000000000000 x25=0x0000000000000000 x26=0x0000000000000000 x27=0x0000000000000000
x28=0x0000000000000000  fp=0x0000000294016de0  lr=0xa93f0001939f23c0  sp=0x0000000294016dc0
pc=0x00000001939f23c8 cpsr=0x0000000080001000

Top of Stack: (sp=0x0000000294016dc0)
0x0000000294016dc0:   00006000022c5d58 0000000000000000
0x0000000294016dd0:   0000000132008238 00006000022c5d50
0x0000000294016de0:   0000000294016e10 70598001939f2ec0
0x0000000294016df0:   00006000022c5d50 cc7980018bc26328
0x0000000294016e00:   0000000132008238 0000000132008220
0x0000000294016e10:   0000000294016fc0 f03d8001939f2bf4
0x0000000294016e20:   0000000000000017 0000000000000000
0x0000000294016e30:   0000000000000000 0000000000000000
0x0000000294016e40:   0000000000000000 0000000000000000
0x0000000294016e50:   0000000000000000 0000000000000000
0x0000000294016e60:   0000000000000000 0000000000000000
0x0000000294016e70:   0000000000000000 0000000201404410
0x0000000294016e80:   00006dfc00000000 000001f500006dfb
0x0000000294016e90:   000001f500000014 000001f500000014
0x0000000294016ea0:   0000000000000014 6e7561006176616a
0x0000000294016eb0:   0000000072656863 6e7561006176616a
0x0000000294016ec0:   0000000072656863 0000000000000000
0x0000000294016ed0:   0000000000000000 00006dfb00000019
0x0000000294016ee0:   ffffffff00000001 0000000000000000
0x0000000294016ef0:   00000000656df898 000000000006976d
0x0000000294016f00:   00000062cecb0000 00000000070d4000
0x0000000294016f10:   0000000bbd9f4bdd 000000020d60620c
0x0000000294016f20:   0000000b4eab0357 00000000fb2e0bf8
0x0000000294016f30:   000ad4dc00000001 000003ce00000ff4
0x0000000294016f40:   004b7b530070a04f 00f4435f00943ddd
0x0000000294016f50:   0000002500c9a1b3 0000001f00000004
0x0000000294016f60:   abbd4c546dd00053 0000000193a4189e
0x0000000294016f70:   0000000000000000 0000000000000000
0x0000000294016f80:   0000000000000000 0000000000000000
0x0000000294016f90:   0000000000000000 0000000000000000
0x0000000294016fa0:   0000000000000000 0000000000000000
0x0000000294016fb0:   0000000000000000 0000000294017000 

Instructions: (pc=0x00000001939f23c8)
0x00000001939f22c8:   f9012e60 f9412a61 b0274b08 f9437108
0x00000001939f22d8:   f9400102 940133c7 9109a268 b00002e9
0x00000001939f22e8:   3dc2cd20 3d800100 52800028 39004268
0x00000001939f22f8:   f85e83a8 f0274ac9 f9436929 f9400129
0x00000001939f2308:   eb08013f 540000c1 aa1303e0 a9467bfd
0x00000001939f2318:   a9454ff4 9101c3ff d65f0fff 940135f5
0x00000001939f2328:   aa0003f3 aa1403e0 94013656 aa1303e0
0x00000001939f2338:   940135dc d503237f a9be4ff4 a9017bfd
0x00000001939f2348:   910043fd aa0003f3 f8008401 94000009
0x00000001939f2358:   f900267f b900527f a905fe7f 9400000b
0x00000001939f2368:   aa1303e0 a9417bfd a8c24ff4 d65f0fff
0x00000001939f2378:   f940e428 a9002001 6f00e400 3c82c000
0x00000001939f2388:   ad008000 d65f03c0 d503237f d100c3ff
0x00000001939f2398:   a9014ff4 a9027bfd 910083fd aa0003f3
0x00000001939f23a8:   f9401408 a90023e0 b00002e1 91131c21
0x00000001939f23b8:   52800080 9400800f f900167f f9400268
0x00000001939f23c8:   f940e508 f9001a7f b9003a7f a901fe7f
0x00000001939f23d8:   a900fe68 a9427bfd a9414ff4 9100c3ff
0x00000001939f23e8:   d65f0fff d503237f d10183ff a90167fa
0x00000001939f23f8:   a9025ff8 a90357f6 a9044ff4 a9057bfd
0x00000001939f2408:   910143fd aa0103f4 aa0003f3 aa0103e0
0x00000001939f2418:   94013404 aa0003f5 52807d28 f900de68
0x00000001939f2428:   b00002e8 fd45f500 fd00e260 d02858c8
0x00000001939f2438:   91001508 39400108 35000048 9400005a
0x00000001939f2448:   b02858c8 913fd108 bd400100 7e61d800
0x00000001939f2458:   b02858c8 913fe108 bd400101 7e61d821
0x00000001939f2468:   b00002e8 fd45f902 1e601840 1e610800
0x00000001939f2478:   9e790008 f900e668 34000455 52800017
0x00000001939f2488:   1ad726a8 37000088 110006f7 710082ff
0x00000001939f2498:   54ffff81 a90053f3 b0000281 91142021
0x00000001939f24a8:   52800020 94007fd3 91006276 aa1603e0
0x00000001939f24b8:   940137e4 39474278 34000318 aa1603e0 



---------------  P R O C E S S  ---------------

VM state: not at safepoint (normal execution)

VM Mutex/Monitor currently owned by a thread: None

Heap address: 0x0000000780000000, size: 2048 MB, Compressed Oops mode: Zero based, Oop shift amount: 3

CDS archive(s) mapped at: [0x000000b800000000-0x000000b800ca4000-0x000000b800ca4000), size 13254656, SharedBaseAddress: 0x000000b800000000, ArchiveRelocationMode: 1.
Compressed class space mapped at: 0x000000b801000000-0x000000b841000000, reserved size: 1073741824
Narrow klass base: 0x000000b800000000, Narrow klass shift: 0, Narrow klass range: 0x100000000

GC Precious Log:
<Skipped>

Heap:
 garbage-first heap   total 133120K, used 61593K [0x0000000780000000, 0x0000000800000000)
  region size 1024K, 47 young (48128K), 1 survivors (1024K)
 Metaspace       used 11278K, committed 11584K, reserved 1114112K
  class space    used 1213K, committed 1344K, reserved 1048576K

Heap Regions: E=young(eden), S=young(survivor), O=old, HS=humongous(starts), HC=humongous(continues), CS=collection set, F=free, TAMS=top-at-mark-start, PB=parsable bottom
|   0|0x0000000780000000, 0x0000000780100000, 0x0000000780100000|100%| O|  |TAMS 0x0000000780000000| PB 0x0000000780000000| Untracked 
|   1|0x0000000780100000, 0x0000000780200000, 0x0000000780200000|100%| O|  |TAMS 0x0000000780100000| PB 0x0000000780100000| Untracked 
|   2|0x0000000780200000, 0x0000000780300000, 0x0000000780300000|100%| O|  |TAMS 0x0000000780200000| PB 0x0000000780200000| Untracked 
|   3|0x0000000780300000, 0x0000000780400000, 0x0000000780400000|100%| O|  |TAMS 0x0000000780300000| PB 0x0000000780300000| Untracked 
|   4|0x0000000780400000, 0x0000000780500000, 0x0000000780500000|100%| O|  |TAMS 0x0000000780400000| PB 0x0000000780400000| Untracked 
|   5|0x0000000780500000, 0x0000000780600000, 0x0000000780600000|100%| O|  |TAMS 0x0000000780500000| PB 0x0000000780500000| Untracked 
|   6|0x0000000780600000, 0x0000000780700000, 0x0000000780700000|100%| O|  |TAMS 0x0000000780600000| PB 0x0000000780600000| Untracked 
|   7|0x0000000780700000, 0x0000000780800000, 0x0000000780800000|100%| O|  |TAMS 0x0000000780700000| PB 0x0000000780700000| Untracked 
|   8|0x0000000780800000, 0x0000000780900000, 0x0000000780900000|100%| O|  |TAMS 0x0000000780800000| PB 0x0000000780800000| Untracked 
|   9|0x0000000780900000, 0x0000000780a00000, 0x0000000780a00000|100%| O|  |TAMS 0x0000000780900000| PB 0x0000000780900000| Untracked 
|  10|0x0000000780a00000, 0x0000000780b00000, 0x0000000780b00000|100%| O|  |TAMS 0x0000000780a00000| PB 0x0000000780a00000| Untracked 
|  11|0x0000000780b00000, 0x0000000780c00000, 0x0000000780c00000|100%| O|  |TAMS 0x0000000780b00000| PB 0x0000000780b00000| Untracked 
|  12|0x0000000780c00000, 0x0000000780d00000, 0x0000000780d00000|100%| O|  |TAMS 0x0000000780c00000| PB 0x0000000780c00000| Untracked 
|  13|0x0000000780d00000, 0x0000000780d70e00, 0x0000000780e00000| 44%| O|  |TAMS 0x0000000780d00000| PB 0x0000000780d00000| Untracked 
|  14|0x0000000780e00000, 0x0000000780e00000, 0x0000000780f00000|  0%| F|  |TAMS 0x0000000780e00000| PB 0x0000000780e00000| Untracked 
|  15|0x0000000780f00000, 0x0000000780f00000, 0x0000000781000000|  0%| F|  |TAMS 0x0000000780f00000| PB 0x0000000780f00000| Untracked 
|  16|0x0000000781000000, 0x0000000781000000, 0x0000000781100000|  0%| F|  |TAMS 0x0000000781000000| PB 0x0000000781000000| Untracked 
|  17|0x0000000781100000, 0x0000000781100000, 0x0000000781200000|  0%| F|  |TAMS 0x0000000781100000| PB 0x0000000781100000| Untracked 
|  18|0x0000000781200000, 0x0000000781200000, 0x0000000781300000|  0%| F|  |TAMS 0x0000000781200000| PB 0x0000000781200000| Untracked 
|  19|0x0000000781300000, 0x0000000781300000, 0x0000000781400000|  0%| F|  |TAMS 0x0000000781300000| PB 0x0000000781300000| Untracked 
|  20|0x0000000781400000, 0x0000000781400000, 0x0000000781500000|  0%| F|  |TAMS 0x0000000781400000| PB 0x0000000781400000| Untracked 
|  21|0x0000000781500000, 0x0000000781500000, 0x0000000781600000|  0%| F|  |TAMS 0x0000000781500000| PB 0x0000000781500000| Untracked 
|  22|0x0000000781600000, 0x0000000781600000, 0x0000000781700000|  0%| F|  |TAMS 0x0000000781600000| PB 0x0000000781600000| Untracked 
|  23|0x0000000781700000, 0x0000000781700000, 0x0000000781800000|  0%| F|  |TAMS 0x0000000781700000| PB 0x0000000781700000| Untracked 
|  24|0x0000000781800000, 0x0000000781800000, 0x0000000781900000|  0%| F|  |TAMS 0x0000000781800000| PB 0x0000000781800000| Untracked 
|  25|0x0000000781900000, 0x0000000781900000, 0x0000000781a00000|  0%| F|  |TAMS 0x0000000781900000| PB 0x0000000781900000| Untracked 
|  26|0x0000000781a00000, 0x0000000781a00000, 0x0000000781b00000|  0%| F|  |TAMS 0x0000000781a00000| PB 0x0000000781a00000| Untracked 
|  27|0x0000000781b00000, 0x0000000781b00000, 0x0000000781c00000|  0%| F|  |TAMS 0x0000000781b00000| PB 0x0000000781b00000| Untracked 
|  28|0x0000000781c00000, 0x0000000781c00000, 0x0000000781d00000|  0%| F|  |TAMS 0x0000000781c00000| PB 0x0000000781c00000| Untracked 
|  29|0x0000000781d00000, 0x0000000781d00000, 0x0000000781e00000|  0%| F|  |TAMS 0x0000000781d00000| PB 0x0000000781d00000| Untracked 
|  30|0x0000000781e00000, 0x0000000781e00000, 0x0000000781f00000|  0%| F|  |TAMS 0x0000000781e00000| PB 0x0000000781e00000| Untracked 
|  31|0x0000000781f00000, 0x0000000781f00000, 0x0000000782000000|  0%| F|  |TAMS 0x0000000781f00000| PB 0x0000000781f00000| Untracked 
|  32|0x0000000782000000, 0x0000000782000000, 0x0000000782100000|  0%| F|  |TAMS 0x0000000782000000| PB 0x0000000782000000| Untracked 
|  33|0x0000000782100000, 0x0000000782100000, 0x0000000782200000|  0%| F|  |TAMS 0x0000000782100000| PB 0x0000000782100000| Untracked 
|  34|0x0000000782200000, 0x0000000782200000, 0x0000000782300000|  0%| F|  |TAMS 0x0000000782200000| PB 0x0000000782200000| Untracked 
|  35|0x0000000782300000, 0x0000000782300000, 0x0000000782400000|  0%| F|  |TAMS 0x0000000782300000| PB 0x0000000782300000| Untracked 
|  36|0x0000000782400000, 0x0000000782400000, 0x0000000782500000|  0%| F|  |TAMS 0x0000000782400000| PB 0x0000000782400000| Untracked 
|  37|0x0000000782500000, 0x0000000782500000, 0x0000000782600000|  0%| F|  |TAMS 0x0000000782500000| PB 0x0000000782500000| Untracked 
|  38|0x0000000782600000, 0x0000000782600000, 0x0000000782700000|  0%| F|  |TAMS 0x0000000782600000| PB 0x0000000782600000| Untracked 
|  39|0x0000000782700000, 0x0000000782700000, 0x0000000782800000|  0%| F|  |TAMS 0x0000000782700000| PB 0x0000000782700000| Untracked 
|  40|0x0000000782800000, 0x0000000782800000, 0x0000000782900000|  0%| F|  |TAMS 0x0000000782800000| PB 0x0000000782800000| Untracked 
|  41|0x0000000782900000, 0x0000000782900000, 0x0000000782a00000|  0%| F|  |TAMS 0x0000000782900000| PB 0x0000000782900000| Untracked 
|  42|0x0000000782a00000, 0x0000000782a00000, 0x0000000782b00000|  0%| F|  |TAMS 0x0000000782a00000| PB 0x0000000782a00000| Untracked 
|  43|0x0000000782b00000, 0x0000000782b00000, 0x0000000782c00000|  0%| F|  |TAMS 0x0000000782b00000| PB 0x0000000782b00000| Untracked 
|  44|0x0000000782c00000, 0x0000000782c00000, 0x0000000782d00000|  0%| F|  |TAMS 0x0000000782c00000| PB 0x0000000782c00000| Untracked 
|  45|0x0000000782d00000, 0x0000000782d00000, 0x0000000782e00000|  0%| F|  |TAMS 0x0000000782d00000| PB 0x0000000782d00000| Untracked 
|  46|0x0000000782e00000, 0x0000000782e00000, 0x0000000782f00000|  0%| F|  |TAMS 0x0000000782e00000| PB 0x0000000782e00000| Untracked 
|  47|0x0000000782f00000, 0x0000000782f00000, 0x0000000783000000|  0%| F|  |TAMS 0x0000000782f00000| PB 0x0000000782f00000| Untracked 
|  48|0x0000000783000000, 0x0000000783000000, 0x0000000783100000|  0%| F|  |TAMS 0x0000000783000000| PB 0x0000000783000000| Untracked 
|  49|0x0000000783100000, 0x0000000783100000, 0x0000000783200000|  0%| F|  |TAMS 0x0000000783100000| PB 0x0000000783100000| Untracked 
|  50|0x0000000783200000, 0x0000000783200000, 0x0000000783300000|  0%| F|  |TAMS 0x0000000783200000| PB 0x0000000783200000| Untracked 
|  51|0x0000000783300000, 0x0000000783332000, 0x0000000783400000| 19%| S|CS|TAMS 0x0000000783300000| PB 0x0000000783300000| Complete 
|  52|0x0000000783400000, 0x0000000783400000, 0x0000000783500000|  0%| F|  |TAMS 0x0000000783400000| PB 0x0000000783400000| Untracked 
|  53|0x0000000783500000, 0x0000000783500000, 0x0000000783600000|  0%| F|  |TAMS 0x0000000783500000| PB 0x0000000783500000| Untracked 
|  54|0x0000000783600000, 0x0000000783600000, 0x0000000783700000|  0%| F|  |TAMS 0x0000000783600000| PB 0x0000000783600000| Untracked 
|  55|0x0000000783700000, 0x0000000783700000, 0x0000000783800000|  0%| F|  |TAMS 0x0000000783700000| PB 0x0000000783700000| Untracked 
|  56|0x0000000783800000, 0x0000000783800000, 0x0000000783900000|  0%| F|  |TAMS 0x0000000783800000| PB 0x0000000783800000| Untracked 
|  57|0x0000000783900000, 0x0000000783900000, 0x0000000783a00000|  0%| F|  |TAMS 0x0000000783900000| PB 0x0000000783900000| Untracked 
|  58|0x0000000783a00000, 0x0000000783a00000, 0x0000000783b00000|  0%| F|  |TAMS 0x0000000783a00000| PB 0x0000000783a00000| Untracked 
|  59|0x0000000783b00000, 0x0000000783b00000, 0x0000000783c00000|  0%| F|  |TAMS 0x0000000783b00000| PB 0x0000000783b00000| Untracked 
|  60|0x0000000783c00000, 0x0000000783c00000, 0x0000000783d00000|  0%| F|  |TAMS 0x0000000783c00000| PB 0x0000000783c00000| Untracked 
|  61|0x0000000783d00000, 0x0000000783d00000, 0x0000000783e00000|  0%| F|  |TAMS 0x0000000783d00000| PB 0x0000000783d00000| Untracked 
|  62|0x0000000783e00000, 0x0000000783e00000, 0x0000000783f00000|  0%| F|  |TAMS 0x0000000783e00000| PB 0x0000000783e00000| Untracked 
|  63|0x0000000783f00000, 0x0000000783f00000, 0x0000000784000000|  0%| F|  |TAMS 0x0000000783f00000| PB 0x0000000783f00000| Untracked 
|  64|0x0000000784000000, 0x0000000784000000, 0x0000000784100000|  0%| F|  |TAMS 0x0000000784000000| PB 0x0000000784000000| Untracked 
|  65|0x0000000784100000, 0x0000000784100000, 0x0000000784200000|  0%| F|  |TAMS 0x0000000784100000| PB 0x0000000784100000| Untracked 
|  66|0x0000000784200000, 0x0000000784200000, 0x0000000784300000|  0%| F|  |TAMS 0x0000000784200000| PB 0x0000000784200000| Untracked 
|  67|0x0000000784300000, 0x0000000784300000, 0x0000000784400000|  0%| F|  |TAMS 0x0000000784300000| PB 0x0000000784300000| Untracked 
|  68|0x0000000784400000, 0x0000000784400000, 0x0000000784500000|  0%| F|  |TAMS 0x0000000784400000| PB 0x0000000784400000| Untracked 
|  69|0x0000000784500000, 0x0000000784500000, 0x0000000784600000|  0%| F|  |TAMS 0x0000000784500000| PB 0x0000000784500000| Untracked 
|  70|0x0000000784600000, 0x0000000784600000, 0x0000000784700000|  0%| F|  |TAMS 0x0000000784600000| PB 0x0000000784600000| Untracked 
|  71|0x0000000784700000, 0x0000000784700000, 0x0000000784800000|  0%| F|  |TAMS 0x0000000784700000| PB 0x0000000784700000| Untracked 
|  72|0x0000000784800000, 0x0000000784800000, 0x0000000784900000|  0%| F|  |TAMS 0x0000000784800000| PB 0x0000000784800000| Untracked 
|  73|0x0000000784900000, 0x0000000784900000, 0x0000000784a00000|  0%| F|  |TAMS 0x0000000784900000| PB 0x0000000784900000| Untracked 
|  74|0x0000000784a00000, 0x0000000784a00000, 0x0000000784b00000|  0%| F|  |TAMS 0x0000000784a00000| PB 0x0000000784a00000| Untracked 
|  75|0x0000000784b00000, 0x0000000784b00000, 0x0000000784c00000|  0%| F|  |TAMS 0x0000000784b00000| PB 0x0000000784b00000| Untracked 
|  76|0x0000000784c00000, 0x0000000784c00000, 0x0000000784d00000|  0%| F|  |TAMS 0x0000000784c00000| PB 0x0000000784c00000| Untracked 
|  77|0x0000000784d00000, 0x0000000784d00000, 0x0000000784e00000|  0%| F|  |TAMS 0x0000000784d00000| PB 0x0000000784d00000| Untracked 
|  78|0x0000000784e00000, 0x0000000784e00000, 0x0000000784f00000|  0%| F|  |TAMS 0x0000000784e00000| PB 0x0000000784e00000| Untracked 
|  79|0x0000000784f00000, 0x0000000784f00000, 0x0000000785000000|  0%| F|  |TAMS 0x0000000784f00000| PB 0x0000000784f00000| Untracked 
|  80|0x0000000785000000, 0x0000000785000000, 0x0000000785100000|  0%| F|  |TAMS 0x0000000785000000| PB 0x0000000785000000| Untracked 
|  81|0x0000000785100000, 0x0000000785100000, 0x0000000785200000|  0%| F|  |TAMS 0x0000000785100000| PB 0x0000000785100000| Untracked 
|  82|0x0000000785200000, 0x0000000785280800, 0x0000000785300000| 50%| E|  |TAMS 0x0000000785200000| PB 0x0000000785200000| Complete 
|  83|0x0000000785300000, 0x0000000785400000, 0x0000000785400000|100%| E|CS|TAMS 0x0000000785300000| PB 0x0000000785300000| Complete 
|  84|0x0000000785400000, 0x0000000785500000, 0x0000000785500000|100%| E|CS|TAMS 0x0000000785400000| PB 0x0000000785400000| Complete 
|  85|0x0000000785500000, 0x0000000785600000, 0x0000000785600000|100%| E|CS|TAMS 0x0000000785500000| PB 0x0000000785500000| Complete 
|  86|0x0000000785600000, 0x0000000785700000, 0x0000000785700000|100%| E|CS|TAMS 0x0000000785600000| PB 0x0000000785600000| Complete 
|  87|0x0000000785700000, 0x0000000785800000, 0x0000000785800000|100%| E|CS|TAMS 0x0000000785700000| PB 0x0000000785700000| Complete 
|  88|0x0000000785800000, 0x0000000785900000, 0x0000000785900000|100%| E|CS|TAMS 0x0000000785800000| PB 0x0000000785800000| Complete 
|  89|0x0000000785900000, 0x0000000785a00000, 0x0000000785a00000|100%| E|CS|TAMS 0x0000000785900000| PB 0x0000000785900000| Complete 
|  90|0x0000000785a00000, 0x0000000785b00000, 0x0000000785b00000|100%| E|CS|TAMS 0x0000000785a00000| PB 0x0000000785a00000| Complete 
|  91|0x0000000785b00000, 0x0000000785c00000, 0x0000000785c00000|100%| E|CS|TAMS 0x0000000785b00000| PB 0x0000000785b00000| Complete 
|  92|0x0000000785c00000, 0x0000000785d00000, 0x0000000785d00000|100%| E|CS|TAMS 0x0000000785c00000| PB 0x0000000785c00000| Complete 
|  93|0x0000000785d00000, 0x0000000785e00000, 0x0000000785e00000|100%| E|CS|TAMS 0x0000000785d00000| PB 0x0000000785d00000| Complete 
|  94|0x0000000785e00000, 0x0000000785f00000, 0x0000000785f00000|100%| E|CS|TAMS 0x0000000785e00000| PB 0x0000000785e00000| Complete 
|  95|0x0000000785f00000, 0x0000000786000000, 0x0000000786000000|100%| E|CS|TAMS 0x0000000785f00000| PB 0x0000000785f00000| Complete 
|  96|0x0000000786000000, 0x0000000786100000, 0x0000000786100000|100%| E|CS|TAMS 0x0000000786000000| PB 0x0000000786000000| Complete 
|  97|0x0000000786100000, 0x0000000786200000, 0x0000000786200000|100%| E|CS|TAMS 0x0000000786100000| PB 0x0000000786100000| Complete 
|  98|0x0000000786200000, 0x0000000786300000, 0x0000000786300000|100%| E|CS|TAMS 0x0000000786200000| PB 0x0000000786200000| Complete 
|  99|0x0000000786300000, 0x0000000786400000, 0x0000000786400000|100%| E|CS|TAMS 0x0000000786300000| PB 0x0000000786300000| Complete 
| 100|0x0000000786400000, 0x0000000786500000, 0x0000000786500000|100%| E|CS|TAMS 0x0000000786400000| PB 0x0000000786400000| Complete 
| 101|0x0000000786500000, 0x0000000786600000, 0x0000000786600000|100%| E|CS|TAMS 0x0000000786500000| PB 0x0000000786500000| Complete 
| 102|0x0000000786600000, 0x0000000786700000, 0x0000000786700000|100%| E|CS|TAMS 0x0000000786600000| PB 0x0000000786600000| Complete 
| 103|0x0000000786700000, 0x0000000786800000, 0x0000000786800000|100%| E|CS|TAMS 0x0000000786700000| PB 0x0000000786700000| Complete 
| 104|0x0000000786800000, 0x0000000786900000, 0x0000000786900000|100%| E|CS|TAMS 0x0000000786800000| PB 0x0000000786800000| Complete 
| 105|0x0000000786900000, 0x0000000786a00000, 0x0000000786a00000|100%| E|CS|TAMS 0x0000000786900000| PB 0x0000000786900000| Complete 
| 106|0x0000000786a00000, 0x0000000786b00000, 0x0000000786b00000|100%| E|CS|TAMS 0x0000000786a00000| PB 0x0000000786a00000| Complete 
| 107|0x0000000786b00000, 0x0000000786c00000, 0x0000000786c00000|100%| E|CS|TAMS 0x0000000786b00000| PB 0x0000000786b00000| Complete 
| 108|0x0000000786c00000, 0x0000000786d00000, 0x0000000786d00000|100%| E|CS|TAMS 0x0000000786c00000| PB 0x0000000786c00000| Complete 
| 109|0x0000000786d00000, 0x0000000786e00000, 0x0000000786e00000|100%| E|CS|TAMS 0x0000000786d00000| PB 0x0000000786d00000| Complete 
| 110|0x0000000786e00000, 0x0000000786f00000, 0x0000000786f00000|100%| E|CS|TAMS 0x0000000786e00000| PB 0x0000000786e00000| Complete 
| 111|0x0000000786f00000, 0x0000000787000000, 0x0000000787000000|100%| E|CS|TAMS 0x0000000786f00000| PB 0x0000000786f00000| Complete 
| 112|0x0000000787000000, 0x0000000787100000, 0x0000000787100000|100%| E|CS|TAMS 0x0000000787000000| PB 0x0000000787000000| Complete 
| 113|0x0000000787100000, 0x0000000787200000, 0x0000000787200000|100%| E|CS|TAMS 0x0000000787100000| PB 0x0000000787100000| Complete 
| 114|0x0000000787200000, 0x0000000787300000, 0x0000000787300000|100%| E|CS|TAMS 0x0000000787200000| PB 0x0000000787200000| Complete 
| 115|0x0000000787300000, 0x0000000787400000, 0x0000000787400000|100%| E|CS|TAMS 0x0000000787300000| PB 0x0000000787300000| Complete 
| 116|0x0000000787400000, 0x0000000787500000, 0x0000000787500000|100%| E|CS|TAMS 0x0000000787400000| PB 0x0000000787400000| Complete 
| 117|0x0000000787500000, 0x0000000787600000, 0x0000000787600000|100%| E|CS|TAMS 0x0000000787500000| PB 0x0000000787500000| Complete 
| 118|0x0000000787600000, 0x0000000787700000, 0x0000000787700000|100%| E|CS|TAMS 0x0000000787600000| PB 0x0000000787600000| Complete 
| 119|0x0000000787700000, 0x0000000787800000, 0x0000000787800000|100%| E|CS|TAMS 0x0000000787700000| PB 0x0000000787700000| Complete 
| 120|0x0000000787800000, 0x0000000787900000, 0x0000000787900000|100%| E|CS|TAMS 0x0000000787800000| PB 0x0000000787800000| Complete 
| 121|0x0000000787900000, 0x0000000787a00000, 0x0000000787a00000|100%| E|CS|TAMS 0x0000000787900000| PB 0x0000000787900000| Complete 
| 122|0x0000000787a00000, 0x0000000787b00000, 0x0000000787b00000|100%| E|CS|TAMS 0x0000000787a00000| PB 0x0000000787a00000| Complete 
| 123|0x0000000787b00000, 0x0000000787c00000, 0x0000000787c00000|100%| E|CS|TAMS 0x0000000787b00000| PB 0x0000000787b00000| Complete 
| 124|0x0000000787c00000, 0x0000000787d00000, 0x0000000787d00000|100%| E|CS|TAMS 0x0000000787c00000| PB 0x0000000787c00000| Complete 
| 125|0x0000000787d00000, 0x0000000787e00000, 0x0000000787e00000|100%| E|CS|TAMS 0x0000000787d00000| PB 0x0000000787d00000| Complete 
| 126|0x0000000787e00000, 0x0000000787f00000, 0x0000000787f00000|100%| E|CS|TAMS 0x0000000787e00000| PB 0x0000000787e00000| Complete 
| 127|0x0000000787f00000, 0x0000000788000000, 0x0000000788000000|100%| E|CS|TAMS 0x0000000787f00000| PB 0x0000000787f00000| Complete 
|2046|0x00000007ffe00000, 0x00000007fff00000, 0x00000007fff00000|100%| O|  |TAMS 0x00000007ffe00000| PB 0x00000007ffe00000| Untracked 
|2047|0x00000007fff00000, 0x00000007fff02f58, 0x0000000800000000|  1%| O|  |TAMS 0x00000007fff00000| PB 0x00000007fff00000| Untracked 

Card table byte_map: [0x0000000100858000,0x0000000100c58000] _byte_map_base: 0x00000000fcc58000

Marking Bits: (CMBitMap*) 0x000000013403b410
 Bits: [0x0000000119678000, 0x000000011b678000)

Polling page: 0x00000001001f8000

Metaspace:

Usage:
  Non-class:      9.83 MB used.
      Class:      1.19 MB used.
       Both:     11.01 MB used.

Virtual space:
  Non-class space:       64.00 MB reserved,      10.00 MB ( 16%) committed,  1 nodes.
      Class space:        1.00 GB reserved,       1.31 MB ( <1%) committed,  1 nodes.
             Both:        1.06 GB reserved,      11.31 MB (  1%) committed. 

Chunk freelists:
   Non-Class:  6.05 MB
       Class:  14.75 MB
        Both:  20.79 MB

MaxMetaspaceSize: unlimited
CompressedClassSpaceSize: 1.00 GB
Initial GC threshold: 21.00 MB
Current GC threshold: 21.00 MB
CDS: on
 - commit_granule_bytes: 65536.
 - commit_granule_words: 8192.
 - virtual_space_node_default_size: 8388608.
 - enlarge_chunks_in_place: 1.
 - use_allocation_guard: 0.


Internal statistics:

num_allocs_failed_limit: 0.
num_arena_births: 216.
num_arena_deaths: 0.
num_vsnodes_births: 2.
num_vsnodes_deaths: 0.
num_space_committed: 181.
num_space_uncommitted: 0.
num_chunks_returned_to_freelist: 0.
num_chunks_taken_from_freelist: 280.
num_chunk_merges: 0.
num_chunk_splits: 175.
num_chunks_enlarged: 96.
num_inconsistent_stats: 0.

CodeHeap 'non-profiled nmethods': size=120032Kb used=6703Kb max_used=6703Kb free=113328Kb
 bounds [0x0000000112140000, 0x00000001127d0000, 0x0000000119678000]
CodeHeap 'profiled nmethods': size=120016Kb used=7963Kb max_used=7963Kb free=112052Kb
 bounds [0x000000010a678000, 0x000000010ae48000, 0x0000000111bac000]
CodeHeap 'non-nmethods': size=5712Kb used=1533Kb max_used=1650Kb free=4178Kb
 bounds [0x0000000111bac000, 0x0000000111e1c000, 0x0000000112140000]
 total_blobs=4159 nmethods=3449 adapters=618
 compilation: enabled
              stopped_count=0, restarted_count=0
 full_count=0

Compilation events (20 events):
Event: 1199.094 Thread 0x00000001340b5c00 55892 %s!   4       sun.java2d.metal.MTLRenderQueue$QueueFlusher::run @ 2 (234 bytes)
Event: 1199.146 Thread 0x00000001340b5c00 nmethod 55892% 0x00000001127c2490 code [0x00000001127c2940, 0x00000001127c4530]
Event: 1224.326 Thread 0x00000001340b5c00 57450       4       sun.java2d.pipe.RenderQueue::ensureAlignment (28 bytes)
Event: 1224.330 Thread 0x00000001340b5c00 nmethod 57450 0x00000001127c5310 code [0x00000001127c5480, 0x00000001127c5568]
Event: 1224.352 Thread 0x00000001340b6400 57453   !   3       sun.java2d.pipe.BufferedTextPipe::drawGlyphList (58 bytes)
Event: 1224.356 Thread 0x00000001340b6400 nmethod 57453 0x000000010ae39910 code [0x000000010ae39c40, 0x000000010ae3aa40]
Event: 1224.382 Thread 0x00000001340b6400 57456       3       sun.java2d.pipe.BufferedTextPipe::enqueueGlyphList (220 bytes)
Event: 1224.386 Thread 0x00000001340b6400 nmethod 57456 0x000000010ae3af90 code [0x000000010ae3b400, 0x000000010ae3c908]
Event: 1225.251 Thread 0x00000001340b5c00 57510       4       sun.java2d.pipe.RenderBuffer::put (91 bytes)
Event: 1225.254 Thread 0x00000001340b5c00 nmethod 57510 0x00000001127c5690 code [0x00000001127c5800, 0x00000001127c5960]
Event: 1229.118 Thread 0x00000001340b5c00 57749   !   4       sun.java2d.pipe.BufferedTextPipe::drawGlyphList (58 bytes)
Event: 1229.158 Thread 0x00000001340b5c00 nmethod 57749 0x00000001127c5a90 code [0x00000001127c5e80, 0x00000001127c7bd0]
Event: 1229.158 Thread 0x00000001340b5c00 57752       4       sun.java2d.pipe.BufferedTextPipe::enqueueGlyphList (220 bytes)
Event: 1229.173 Thread 0x00000001340b5c00 nmethod 57752 0x00000001127c9010 code [0x00000001127c9300, 0x00000001127ca738]
Event: 1738.848 Thread 0x00000001340b6400 89389 % !   3       kamui.App::main @ 23 (40 bytes)
Event: 1738.856 Thread 0x00000001340b6400 nmethod 89389% 0x000000010ae3d290 code [0x000000010ae3d500, 0x000000010ae3dd08]
Event: 1768.166 Thread 0x00000001340b6400 91199   !   3       kamui.App::main (40 bytes)
Event: 1768.167 Thread 0x00000001340b6400 nmethod 91199 0x000000010ae3e010 code [0x000000010ae3e280, 0x000000010ae3e9f0]
Event: 2910.318 Thread 0x00000001340b5c00 162167 % !   4       kamui.App::main @ 23 (40 bytes)
Event: 2910.346 Thread 0x00000001340b5c00 nmethod 162167% 0x00000001127cb590 code [0x00000001127cb780, 0x00000001127cba68]

GC Heap History (20 events):
Event: 5865.090 GC heap before
{Heap before GC invocations=10944 (full 0):
 garbage-first heap   total 133120K, used 91805K [0x0000000780000000, 0x0000000800000000)
  region size 1024K, 76 young (77824K), 1 survivors (1024K)
 Metaspace       used 11278K, committed 11584K, reserved 1114112K
  class space    used 1213K, committed 1344K, reserved 1048576K
}
Event: 5865.091 GC heap after
{Heap after GC invocations=10945 (full 0):
 garbage-first heap   total 133120K, used 15012K [0x0000000780000000, 0x0000000800000000)
  region size 1024K, 1 young (1024K), 1 survivors (1024K)
 Metaspace       used 11278K, committed 11584K, reserved 1114112K
  class space    used 1213K, committed 1344K, reserved 1048576K
}
Event: 5865.605 GC heap before
{Heap before GC invocations=10945 (full 0):
 garbage-first heap   total 133120K, used 91812K [0x0000000780000000, 0x0000000800000000)
  region size 1024K, 76 young (77824K), 1 survivors (1024K)
 Metaspace       used 11278K, committed 11584K, reserved 1114112K
  class space    used 1213K, committed 1344K, reserved 1048576K
}
Event: 5865.606 GC heap after
{Heap after GC invocations=10946 (full 0):
 garbage-first heap   total 133120K, used 15018K [0x0000000780000000, 0x0000000800000000)
  region size 1024K, 1 young (1024K), 1 survivors (1024K)
 Metaspace       used 11278K, committed 11584K, reserved 1114112K
  class space    used 1213K, committed 1344K, reserved 1048576K
}
Event: 5866.160 GC heap before
{Heap before GC invocations=10946 (full 0):
 garbage-first heap   total 133120K, used 91818K [0x0000000780000000, 0x0000000800000000)
  region size 1024K, 76 young (77824K), 1 survivors (1024K)
 Metaspace       used 11278K, committed 11584K, reserved 1114112K
  class space    used 1213K, committed 1344K, reserved 1048576K
}
Event: 5866.162 GC heap after
{Heap after GC invocations=10947 (full 0):
 garbage-first heap   total 133120K, used 15005K [0x0000000780000000, 0x0000000800000000)
  region size 1024K, 1 young (1024K), 1 survivors (1024K)
 Metaspace       used 11278K, committed 11584K, reserved 1114112K
  class space    used 1213K, committed 1344K, reserved 1048576K
}
Event: 5866.707 GC heap before
{Heap before GC invocations=10947 (full 0):
 garbage-first heap   total 133120K, used 91805K [0x0000000780000000, 0x0000000800000000)
  region size 1024K, 76 young (77824K), 1 survivors (1024K)
 Metaspace       used 11278K, committed 11584K, reserved 1114112K
  class space    used 1213K, committed 1344K, reserved 1048576K
}
Event: 5866.708 GC heap after
{Heap after GC invocations=10948 (full 0):
 garbage-first heap   total 133120K, used 15024K [0x0000000780000000, 0x0000000800000000)
  region size 1024K, 1 young (1024K), 1 survivors (1024K)
 Metaspace       used 11278K, committed 11584K, reserved 1114112K
  class space    used 1213K, committed 1344K, reserved 1048576K
}
Event: 5867.235 GC heap before
{Heap before GC invocations=10948 (full 0):
 garbage-first heap   total 133120K, used 91824K [0x0000000780000000, 0x0000000800000000)
  region size 1024K, 76 young (77824K), 1 survivors (1024K)
 Metaspace       used 11278K, committed 11584K, reserved 1114112K
  class space    used 1213K, committed 1344K, reserved 1048576K
}
Event: 5867.236 GC heap after
{Heap after GC invocations=10949 (full 0):
 garbage-first heap   total 133120K, used 15005K [0x0000000780000000, 0x0000000800000000)
  region size 1024K, 1 young (1024K), 1 survivors (1024K)
 Metaspace       used 11278K, committed 11584K, reserved 1114112K
  class space    used 1213K, committed 1344K, reserved 1048576K
}
Event: 5867.746 GC heap before
{Heap before GC invocations=10949 (full 0):
 garbage-first heap   total 133120K, used 91805K [0x0000000780000000, 0x0000000800000000)
  region size 1024K, 76 young (77824K), 1 survivors (1024K)
 Metaspace       used 11278K, committed 11584K, reserved 1114112K
  class space    used 1213K, committed 1344K, reserved 1048576K
}
Event: 5867.748 GC heap after
{Heap after GC invocations=10950 (full 0):
 garbage-first heap   total 133120K, used 14993K [0x0000000780000000, 0x0000000800000000)
  region size 1024K, 1 young (1024K), 1 survivors (1024K)
 Metaspace       used 11278K, committed 11584K, reserved 1114112K
  class space    used 1213K, committed 1344K, reserved 1048576K
}
Event: 5868.266 GC heap before
{Heap before GC invocations=10950 (full 0):
 garbage-first heap   total 133120K, used 91793K [0x0000000780000000, 0x0000000800000000)
  region size 1024K, 76 young (77824K), 1 survivors (1024K)
 Metaspace       used 11278K, committed 11584K, reserved 1114112K
  class space    used 1213K, committed 1344K, reserved 1048576K
}
Event: 5868.272 GC heap after
{Heap after GC invocations=10951 (full 0):
 garbage-first heap   total 133120K, used 14999K [0x0000000780000000, 0x0000000800000000)
  region size 1024K, 1 young (1024K), 1 survivors (1024K)
 Metaspace       used 11278K, committed 11584K, reserved 1114112K
  class space    used 1213K, committed 1344K, reserved 1048576K
}
Event: 5868.821 GC heap before
{Heap before GC invocations=10951 (full 0):
 garbage-first heap   total 133120K, used 91799K [0x0000000780000000, 0x0000000800000000)
  region size 1024K, 76 young (77824K), 1 survivors (1024K)
 Metaspace       used 11278K, committed 11584K, reserved 1114112K
  class space    used 1213K, committed 1344K, reserved 1048576K
}
Event: 5868.822 GC heap after
{Heap after GC invocations=10952 (full 0):
 garbage-first heap   total 133120K, used 15012K [0x0000000780000000, 0x0000000800000000)
  region size 1024K, 1 young (1024K), 1 survivors (1024K)
 Metaspace       used 11278K, committed 11584K, reserved 1114112K
  class space    used 1213K, committed 1344K, reserved 1048576K
}
Event: 5869.335 GC heap before
{Heap before GC invocations=10952 (full 0):
 garbage-first heap   total 133120K, used 91812K [0x0000000780000000, 0x0000000800000000)
  region size 1024K, 76 young (77824K), 1 survivors (1024K)
 Metaspace       used 11278K, committed 11584K, reserved 1114112K
  class space    used 1213K, committed 1344K, reserved 1048576K
}
Event: 5869.336 GC heap after
{Heap after GC invocations=10953 (full 0):
 garbage-first heap   total 133120K, used 15011K [0x0000000780000000, 0x0000000800000000)
  region size 1024K, 1 young (1024K), 1 survivors (1024K)
 Metaspace       used 11278K, committed 11584K, reserved 1114112K
  class space    used 1213K, committed 1344K, reserved 1048576K
}
Event: 5869.841 GC heap before
{Heap before GC invocations=10953 (full 0):
 garbage-first heap   total 133120K, used 91811K [0x0000000780000000, 0x0000000800000000)
  region size 1024K, 76 young (77824K), 1 survivors (1024K)
 Metaspace       used 11278K, committed 11584K, reserved 1114112K
  class space    used 1213K, committed 1344K, reserved 1048576K
}
Event: 5869.842 GC heap after
{Heap after GC invocations=10954 (full 0):
 garbage-first heap   total 133120K, used 14999K [0x0000000780000000, 0x0000000800000000)
  region size 1024K, 1 young (1024K), 1 survivors (1024K)
 Metaspace       used 11278K, committed 11584K, reserved 1114112K
  class space    used 1213K, committed 1344K, reserved 1048576K
}

Dll operation events (8 events):
Event: 0.021 Loaded shared library /opt/homebrew/Cellar/openjdk/21/libexec/openjdk.jdk/Contents/Home/lib/libjava.dylib
Event: 0.092 Loaded shared library /opt/homebrew/Cellar/openjdk/21/libexec/openjdk.jdk/Contents/Home/lib/libnio.dylib
Event: 0.096 Loaded shared library /opt/homebrew/Cellar/openjdk/21/libexec/openjdk.jdk/Contents/Home/lib/libzip.dylib
Event: 0.113 Loaded shared library /opt/homebrew/Cellar/openjdk/21/libexec/openjdk.jdk/Contents/Home/lib/libjimage.dylib
Event: 0.147 Loaded shared library /opt/homebrew/Cellar/openjdk/21/libexec/openjdk.jdk/Contents/Home/lib/libawt.dylib
Event: 0.165 Loaded shared library /opt/homebrew/Cellar/openjdk/21/libexec/openjdk.jdk/Contents/Home/lib/libawt_lwawt.dylib
Event: 0.228 Loaded shared library /opt/homebrew/Cellar/openjdk/21/libexec/openjdk.jdk/Contents/Home/lib/libfontmanager.dylib
Event: 0.452 Loaded shared library /opt/homebrew/Cellar/openjdk/21/libexec/openjdk.jdk/Contents/Home/lib/libosxui.dylib

Deoptimization events (20 events):
Event: 704.958 Thread 0x000000013424f400 DEOPT PACKING pc=0x00000001121c5114 sp=0x0000000172b5d7c0
Event: 704.958 Thread 0x000000013424f400 DEOPT UNPACKING pc=0x0000000111bef01c sp=0x0000000172b5d650 mode 2
Event: 888.683 Thread 0x0000000135173800 DEOPT PACKING pc=0x000000010ae304cc sp=0x0000000172746880
Event: 888.683 Thread 0x0000000135173800 DEOPT UNPACKING pc=0x0000000111beee7c sp=0x00000001727465d0 mode 0
Event: 1024.761 Thread 0x0000000135173800 Uncommon trap: trap_request=0xffffff45 fr.pc=0x00000001127c05dc relative=0x000000000000085c
Event: 1024.761 Thread 0x0000000135173800 Uncommon trap: reason=unstable_if action=reinterpret pc=0x00000001127c05dc method=sun.java2d.metal.MTLRenderQueue$QueueFlusher.run()V @ 101 c2
Event: 1024.761 Thread 0x0000000135173800 DEOPT PACKING pc=0x00000001127c05dc sp=0x0000000172746920
Event: 1024.761 Thread 0x0000000135173800 DEOPT UNPACKING pc=0x0000000111bef01c sp=0x00000001727468c0 mode 2
Event: 1224.268 Thread 0x000000013424f400 Uncommon trap: trap_request=0xffffff45 fr.pc=0x000000011246dc5c relative=0x00000000000013dc
Event: 1224.269 Thread 0x000000013424f400 Uncommon trap: reason=unstable_if action=reinterpret pc=0x000000011246dc5c method=sun.java2d.pipe.BufferedTextPipe.enqueueGlyphList(Lsun/java2d/SunGraphics2D;Lsun/font/GlyphList;)V @ 99 c2
Event: 1224.269 Thread 0x000000013424f400 DEOPT PACKING pc=0x000000011246dc5c sp=0x0000000172b5d770
Event: 1224.269 Thread 0x000000013424f400 DEOPT UNPACKING pc=0x0000000111bef01c sp=0x0000000172b5d650 mode 2
Event: 1224.295 Thread 0x000000013424f400 Uncommon trap: trap_request=0xffffff45 fr.pc=0x0000000112471028 relative=0x0000000000000e28
Event: 1224.295 Thread 0x000000013424f400 Uncommon trap: reason=unstable_if action=reinterpret pc=0x0000000112471028 method=sun.java2d.pipe.BufferedTextPipe.enqueueGlyphList(Lsun/java2d/SunGraphics2D;Lsun/font/GlyphList;)V @ 99 c2
Event: 1224.295 Thread 0x000000013424f400 DEOPT PACKING pc=0x0000000112471028 sp=0x0000000172b5d6b0
Event: 1224.295 Thread 0x000000013424f400 DEOPT UNPACKING pc=0x0000000111bef01c sp=0x0000000172b5d630 mode 2
Event: 1228.349 Thread 0x0000000135173800 DEOPT PACKING pc=0x000000010ae385ec sp=0x0000000172746880
Event: 1228.349 Thread 0x0000000135173800 DEOPT UNPACKING pc=0x0000000111beee7c sp=0x00000001727465d0 mode 0
Event: 3151.710 Thread 0x000000013480c000 DEOPT PACKING pc=0x000000010ae3dbb4 sp=0x000000016ffb2ae0
Event: 3151.710 Thread 0x000000013480c000 DEOPT UNPACKING pc=0x0000000111beee7c sp=0x000000016ffb27d0 mode 0

Classes loaded (20 events):
Event: 106.906 Loading class sun/swing/text/UndoableEditLockSupport done
Event: 106.907 Loading class javax/swing/text/AbstractDocument$DefaultDocumentEventUndoableWrapper done
Event: 106.907 Loading class javax/swing/event/UndoableEditListener
Event: 106.907 Loading class javax/swing/event/UndoableEditListener done
Event: 106.907 Loading class javax/swing/RepaintManager$3
Event: 106.907 Loading class javax/swing/RepaintManager$3 done
Event: 108.502 Loading class java/awt/Window$1DisposeAction
Event: 108.502 Loading class java/awt/Window$1DisposeAction done
Event: 108.502 Loading class java/awt/KeyboardFocusManager$2
Event: 108.502 Loading class java/awt/KeyboardFocusManager$2 done
Event: 108.502 Loading class sun/awt/SunToolkit$1
Event: 108.503 Loading class sun/awt/SunToolkit$1 done
Event: 108.505 Loading class javax/swing/Autoscroller
Event: 108.505 Loading class javax/swing/Autoscroller done
Event: 533.050 Loading class java/awt/event/MouseWheelEvent
Event: 533.050 Loading class java/awt/event/MouseWheelEvent done
Event: 533.070 Loading class javax/swing/plaf/basic/BasicScrollBarUI
Event: 533.072 Loading class javax/swing/plaf/basic/BasicScrollBarUI done
Event: 533.126 Loading class java/lang/FdLibm$Acos
Event: 533.126 Loading class java/lang/FdLibm$Acos done

Classes unloaded (0 events):
No events

Classes redefined (0 events):
No events

Internal exceptions (20 events):
Event: 0.564 Thread 0x000000013480c000 Exception <a 'java/lang/NoSuchMethodError'{0x0000000787c93358}: 'void java.lang.invoke.DirectMethodHandle$Holder.invokeStatic(java.lang.Object, int, long)'> (0x0000000787c93358) 
thrown [src/hotspot/share/interpreter/linkResolver.cpp, line 773]
Event: 0.567 Thread 0x000000013424f400 Exception <a 'java/lang/NoSuchMethodError'{0x0000000787b015b8}: 'void java.lang.invoke.DirectMethodHandle$Holder.invokeStatic(java.lang.Object, long)'> (0x0000000787b015b8) 
thrown [src/hotspot/share/interpreter/linkResolver.cpp, line 773]
Event: 0.577 Thread 0x000000013480c000 Exception <a 'java/lang/NoSuchMethodError'{0x0000000787cb7ef0}: 'java.lang.Object java.lang.invoke.Invokers$Holder.linkToTargetMethod(int, int, int, int, java.lang.Object)'> (0x0000000787cb7ef0) 
thrown [src/hotspot/share/interpreter/linkResolver.cpp, line 773]
Event: 0.577 Thread 0x000000013480c000 Exception <a 'java/lang/NoSuchMethodError'{0x0000000787cbb520}: 'void java.lang.invoke.DirectMethodHandle$Holder.invokeStatic(java.lang.Object, java.lang.Object, long)'> (0x0000000787cbb520) 
thrown [src/hotspot/share/interpreter/linkResolver.cpp, line 773]
Event: 0.585 Thread 0x00000001340b0a00 Exception <a 'java/lang/NoSuchMethodError'{0x0000000787b9ca20}: 'void java.lang.invoke.DirectMethodHandle$Holder.invokeSpecial(java.lang.Object, java.lang.Object, long)'> (0x0000000787b9ca20) 
thrown [src/hotspot/share/interpreter/linkResolver.cpp, line 773]
Event: 0.616 Thread 0x000000013480c000 Exception <a 'java/lang/NoSuchMethodError'{0x0000000787a3b9c0}: 'java.lang.Object java.lang.invoke.DirectMethodHandle$Holder.invokeSpecial(java.lang.Object, java.lang.Object, double, double)'> (0x0000000787a3b9c0) 
thrown [src/hotspot/share/interpreter/linkResolver.cpp, line 773]
Event: 0.619 Thread 0x000000013480c000 Exception <a 'java/lang/NoSuchMethodError'{0x0000000787a50e78}: 'java.lang.Object java.lang.invoke.DirectMethodHandle$Holder.newInvokeSpecial(java.lang.Object, java.lang.Object, int, int)'> (0x0000000787a50e78) 
thrown [src/hotspot/share/interpreter/linkResolver.cpp, line 773]
Event: 0.632 Thread 0x000000013480c000 Exception <a 'java/lang/NoSuchMethodError'{0x0000000787a792b8}: 'void java.lang.invoke.DirectMethodHandle$Holder.invokeSpecial(java.lang.Object, java.lang.Object, java.lang.Object, long)'> (0x0000000787a792b8) 
thrown [src/hotspot/share/interpreter/linkResolver.cpp, line 773]
Event: 0.636 Thread 0x000000013480c000 Exception <a 'java/lang/NoSuchMethodError'{0x0000000787a9ad90}: 'void java.lang.invoke.DirectMethodHandle$Holder.invokeStatic(java.lang.Object, long, long)'> (0x0000000787a9ad90) 
thrown [src/hotspot/share/interpreter/linkResolver.cpp, line 773]
Event: 0.636 Thread 0x000000013480c000 Exception <a 'java/lang/NoSuchMethodError'{0x0000000787a9fdf0}: 'java.lang.Object java.lang.invoke.DirectMethodHandle$Holder.newInvokeSpecial(java.lang.Object, long)'> (0x0000000787a9fdf0) 
thrown [src/hotspot/share/interpreter/linkResolver.cpp, line 773]
Event: 1.639 Thread 0x000000013480c000 Exception <a 'java/lang/NoSuchMethodError'{0x00000007879532e0}: 'java.lang.Object java.lang.invoke.DirectMethodHandle$Holder.newInvokeSpecial(java.lang.Object, java.lang.Object, int)'> (0x00000007879532e0) 
thrown [src/hotspot/share/interpreter/linkResolver.cpp, line 773]
Event: 105.911 Thread 0x000000013424f400 Implicit null exception at 0x0000000112262620 to 0x00000001122626b0
Event: 105.911 Thread 0x000000013424f400 Implicit null exception at 0x000000011220dd88 to 0x000000011220ddf4
Event: 105.911 Thread 0x000000013424f400 Implicit null exception at 0x00000001122513c0 to 0x0000000112251408
Event: 105.940 Thread 0x000000013424f400 Implicit null exception at 0x0000000112270608 to 0x0000000112270870
Event: 105.959 Thread 0x00000001340b0a00 Implicit null exception at 0x0000000112204338 to 0x00000001122043d4
Event: 105.975 Thread 0x00000001340b0a00 Implicit null exception at 0x0000000112187e64 to 0x00000001121897f8
Event: 105.991 Thread 0x000000013424f400 Implicit null exception at 0x00000001121d8a38 to 0x00000001121d8cc0
Event: 108.503 Thread 0x000000013424f400 Implicit null exception at 0x000000011235afec to 0x000000011235ba1c
Event: 533.469 Thread 0x000000013424f400 Implicit null exception at 0x00000001123cf6b8 to 0x00000001123d1060

ZGC Phase Switch (0 events):
No events

VM Operations (20 events):
Event: 5865.090 Executing VM operation: G1CollectForAllocation (G1 Evacuation Pause)
Event: 5865.091 Executing VM operation: G1CollectForAllocation (G1 Evacuation Pause) done
Event: 5865.605 Executing VM operation: G1CollectForAllocation (G1 Evacuation Pause)
Event: 5865.606 Executing VM operation: G1CollectForAllocation (G1 Evacuation Pause) done
Event: 5866.160 Executing VM operation: G1CollectForAllocation (G1 Evacuation Pause)
Event: 5866.162 Executing VM operation: G1CollectForAllocation (G1 Evacuation Pause) done
Event: 5866.707 Executing VM operation: G1CollectForAllocation (G1 Evacuation Pause)
Event: 5866.708 Executing VM operation: G1CollectForAllocation (G1 Evacuation Pause) done
Event: 5867.235 Executing VM operation: G1CollectForAllocation (G1 Evacuation Pause)
Event: 5867.236 Executing VM operation: G1CollectForAllocation (G1 Evacuation Pause) done
Event: 5867.746 Executing VM operation: G1CollectForAllocation (G1 Evacuation Pause)
Event: 5867.748 Executing VM operation: G1CollectForAllocation (G1 Evacuation Pause) done
Event: 5868.266 Executing VM operation: G1CollectForAllocation (G1 Evacuation Pause)
Event: 5868.272 Executing VM operation: G1CollectForAllocation (G1 Evacuation Pause) done
Event: 5868.820 Executing VM operation: G1CollectForAllocation (G1 Evacuation Pause)
Event: 5868.822 Executing VM operation: G1CollectForAllocation (G1 Evacuation Pause) done
Event: 5869.335 Executing VM operation: G1CollectForAllocation (G1 Evacuation Pause)
Event: 5869.336 Executing VM operation: G1CollectForAllocation (G1 Evacuation Pause) done
Event: 5869.841 Executing VM operation: G1CollectForAllocation (G1 Evacuation Pause)
Event: 5869.842 Executing VM operation: G1CollectForAllocation (G1 Evacuation Pause) done

Events (20 events):
Event: 0.077 Thread 0x00000001340b5c00 Thread added: 0x00000001340b5c00
Event: 0.077 Protecting memory [0x0000000171964000,0x0000000171970000] with protection modes 0
Event: 0.077 Thread 0x00000001340b6400 Thread added: 0x00000001340b6400
Event: 0.077 Protecting memory [0x0000000171b70000,0x0000000171b7c000] with protection modes 0
Event: 0.081 Thread 0x000000013481da00 Thread added: 0x000000013481da00
Event: 0.081 Protecting memory [0x0000000171d7c000,0x0000000171d88000] with protection modes 0
Event: 0.083 Thread 0x00000001340e1400 Thread added: 0x00000001340e1400
Event: 0.083 Protecting memory [0x0000000171f88000,0x0000000171f94000] with protection modes 0
Event: 0.232 Protecting memory [0x000000016f528000,0x000000016f534000] with protection modes 0
Event: 0.232 Thread 0x00000001340b0a00 Thread added: 0x00000001340b0a00
Event: 0.277 Thread 0x0000000134189800 Thread added: 0x0000000134189800
Event: 0.277 Protecting memory [0x0000000172194000,0x00000001721a0000] with protection modes 0
Event: 0.428 Thread 0x0000000135173800 Thread added: 0x0000000135173800
Event: 0.428 Protecting memory [0x0000000172544000,0x0000000172550000] with protection modes 0
Event: 0.431 Thread 0x00000001341e8200 Thread added: 0x00000001341e8200
Event: 0.431 Protecting memory [0x0000000172750000,0x000000017275c000] with protection modes 0
Event: 0.566 Thread 0x000000013424f400 Thread added: 0x000000013424f400
Event: 0.566 Protecting memory [0x000000017295c000,0x0000000172968000] with protection modes 0
Event: 105.991 Thread 0x00000002b02b5800 Thread added: 0x00000002b02b5800
Event: 105.991 Protecting memory [0x00000002968c8000,0x00000002968d4000] with protection modes 0


Dynamic libraries:
0x0000000100158000 	/opt/homebrew/Cellar/openjdk/21/libexec/openjdk.jdk/Contents/Home/lib/libjli.dylib
0x0000000197538000 	/usr/lib/libz.1.dylib
0x00000001975f2000 	/usr/lib/libSystem.B.dylib
0x00000001975ec000 	/usr/lib/system/libcache.dylib
0x00000001975a8000 	/usr/lib/system/libcommonCrypto.dylib
0x00000001975d3000 	/usr/lib/system/libcompiler_rt.dylib
0x00000001975c9000 	/usr/lib/system/libcopyfile.dylib
0x000000018b9f5000 	/usr/lib/system/libcorecrypto.dylib
0x000000018baac000 	/usr/lib/system/libdispatch.dylib
0x000000018bc66000 	/usr/lib/system/libdyld.dylib
0x00000001975e2000 	/usr/lib/system/libkeymgr.dylib
0x0000000197582000 	/usr/lib/system/libmacho.dylib
0x0000000196b87000 	/usr/lib/system/libquarantine.dylib
0x00000001975df000 	/usr/lib/system/libremovefile.dylib
0x0000000190914000 	/usr/lib/system/libsystem_asl.dylib
0x000000018b991000 	/usr/lib/system/libsystem_blocks.dylib
0x000000018baf7000 	/usr/lib/system/libsystem_c.dylib
0x00000001975d7000 	/usr/lib/system/libsystem_collections.dylib
0x0000000195fc6000 	/usr/lib/system/libsystem_configuration.dylib
0x000000019505c000 	/usr/lib/system/libsystem_containermanager.dylib
0x0000000197276000 	/usr/lib/system/libsystem_coreservices.dylib
0x000000018ea5b000 	/usr/lib/system/libsystem_darwin.dylib
0x00000001975e3000 	/usr/lib/system/libsystem_dnssd.dylib
0x000000018baf4000 	/usr/lib/system/libsystem_featureflags.dylib
0x000000018bc92000 	/usr/lib/system/libsystem_info.dylib
0x000000019754a000 	/usr/lib/system/libsystem_m.dylib
0x000000018ba80000 	/usr/lib/system/libsystem_malloc.dylib
0x0000000190892000 	/usr/lib/system/libsystem_networkextension.dylib
0x000000018eec5000 	/usr/lib/system/libsystem_notify.dylib
0x0000000195fcb000 	/usr/lib/system/libsystem_sandbox.dylib
0x00000001975dc000 	/usr/lib/system/libsystem_secinit.dylib
0x000000018bc1f000 	/usr/lib/system/libsystem_kernel.dylib
0x000000018bc8b000 	/usr/lib/system/libsystem_platform.dylib
0x000000018bc59000 	/usr/lib/system/libsystem_pthread.dylib
0x00000001920dc000 	/usr/lib/system/libsystem_symptoms.dylib
0x000000018b9da000 	/usr/lib/system/libsystem_trace.dylib
0x00000001975b6000 	/usr/lib/system/libunwind.dylib
0x000000018b996000 	/usr/lib/system/libxpc.dylib
0x000000018bc03000 	/usr/lib/libc++abi.dylib
0x000000018b8bc000 	/usr/lib/libobjc.A.dylib
0x00000001975c1000 	/usr/lib/liboah.dylib
0x000000018bb76000 	/usr/lib/libc++.1.dylib
0x00000001a424e000 	/System/Library/Frameworks/Cocoa.framework/Versions/A/Cocoa
0x000000018ef2a000 	/System/Library/Frameworks/AppKit.framework/Versions/C/AppKit
0x000000019192c000 	/System/Library/Frameworks/CoreData.framework/Versions/A/CoreData
0x000000018cc59000 	/System/Library/Frameworks/Foundation.framework/Versions/C/Foundation
0x000000018fe3a000 	/System/Library/PrivateFrameworks/UIFoundation.framework/Versions/A/UIFoundation
0x00000001fa846000 	/System/Library/PrivateFrameworks/CollectionViewCore.framework/Versions/A/CollectionViewCore
0x000000019e564000 	/System/Library/PrivateFrameworks/RemoteViewServices.framework/Versions/A/RemoteViewServices
0x00000001958aa000 	/System/Library/PrivateFrameworks/XCTTargetBootstrap.framework/Versions/A/XCTTargetBootstrap
0x000000019a001000 	/System/Library/PrivateFrameworks/InternationalSupport.framework/Versions/A/InternationalSupport
0x000000019a088000 	/System/Library/PrivateFrameworks/UserActivity.framework/Versions/A/UserActivity
0x000000021294c000 	/System/Library/PrivateFrameworks/WindowManagement.framework/Versions/A/WindowManagement
0x000000018c926000 	/System/Library/Frameworks/SystemConfiguration.framework/Versions/A/SystemConfiguration
0x00000001994e7000 	/usr/lib/libspindump.dylib
0x000000018ffe0000 	/System/Library/Frameworks/UniformTypeIdentifiers.framework/Versions/A/UniformTypeIdentifiers
0x00000001938b6000 	/usr/lib/libapp_launch_measurement.dylib
0x0000000192d68000 	/System/Library/PrivateFrameworks/CoreAnalytics.framework/Versions/A/CoreAnalytics
0x00000001938bd000 	/System/Library/PrivateFrameworks/CoreAutoLayout.framework/Versions/A/CoreAutoLayout
0x00000001950b0000 	/System/Library/Frameworks/Metal.framework/Versions/A/Metal
0x0000000195fd7000 	/usr/lib/liblangid.dylib
0x00000001958b0000 	/System/Library/PrivateFrameworks/CoreSVG.framework/Versions/A/CoreSVG
0x000000019094a000 	/System/Library/PrivateFrameworks/SkyLight.framework/Versions/A/SkyLight
0x0000000190d76000 	/System/Library/Frameworks/CoreGraphics.framework/Versions/A/CoreGraphics
0x000000019ec40000 	/System/Library/Frameworks/Accelerate.framework/Versions/A/Accelerate
0x0000000198f54000 	/System/Library/PrivateFrameworks/IconServices.framework/Versions/A/IconServices
0x000000019508e000 	/System/Library/Frameworks/IOSurface.framework/Versions/A/IOSurface
0x0000000192d96000 	/usr/lib/libDiagnosticMessagesClient.dylib
0x00000001a2064000 	/System/Library/Frameworks/ApplicationServices.framework/Versions/A/ApplicationServices
0x0000000195892000 	/System/Library/PrivateFrameworks/DFRFoundation.framework/Versions/A/DFRFoundation
0x000000018e7a7000 	/usr/lib/libicucore.A.dylib
0x000000019af99000 	/System/Library/Frameworks/AudioToolbox.framework/Versions/A/AudioToolbox
0x000000019a00c000 	/System/Library/PrivateFrameworks/DataDetectorsCore.framework/Versions/A/DataDetectorsCore
0x00000001b184c000 	/System/Library/PrivateFrameworks/TextInput.framework/Versions/A/TextInput
0x00000001908ad000 	/usr/lib/libMobileGestalt.dylib
0x000000019555e000 	/System/Library/Frameworks/Carbon.framework/Versions/A/Frameworks/HIToolbox.framework/Versions/A/HIToolbox
0x0000000193225000 	/System/Library/Frameworks/QuartzCore.framework/Versions/A/QuartzCore
0x000000018e3f1000 	/System/Library/Frameworks/Security.framework/Versions/A/Security
0x000000019e5a4000 	/System/Library/Frameworks/Carbon.framework/Versions/A/Frameworks/SpeechRecognition.framework/Versions/A/SpeechRecognition
0x00000001935f5000 	/System/Library/PrivateFrameworks/CoreUI.framework/Versions/A/CoreUI
0x000000018dd5d000 	/System/Library/Frameworks/CoreAudio.framework/Versions/A/CoreAudio
0x0000000192e73000 	/System/Library/Frameworks/DiskArbitration.framework/Versions/A/DiskArbitration
0x0000000199928000 	/System/Library/PrivateFrameworks/MultitouchSupport.framework/Versions/A/MultitouchSupport
0x00000001908ab000 	/usr/lib/libenergytrace.dylib
0x000000018edea000 	/System/Library/Frameworks/IOKit.framework/Versions/A/IOKit
0x000000019e98f000 	/System/Library/Frameworks/CoreServices.framework/Versions/A/CoreServices
0x0000000193843000 	/System/Library/PrivateFrameworks/PerformanceAnalysis.framework/Versions/A/PerformanceAnalysis
0x00000001f085c000 	/System/Library/Frameworks/OpenGL.framework/Versions/A/OpenGL
0x0000000193907000 	/usr/lib/libxml2.2.dylib
0x0000000196a8f000 	/System/Library/PrivateFrameworks/MobileKeyBag.framework/Versions/A/MobileKeyBag
0x00000001913bd000 	/System/Library/Frameworks/ColorSync.framework/Versions/A/ColorSync
0x000000018bcbf000 	/System/Library/Frameworks/CoreFoundation.framework/Versions/A/CoreFoundation
0x0000000195bec000 	/System/Library/Frameworks/CoreImage.framework/Versions/A/CoreImage
0x000000018db7a000 	/System/Library/Frameworks/CoreText.framework/Versions/A/CoreText
0x00000001958e8000 	/System/Library/Frameworks/ImageIO.framework/Versions/A/ImageIO
0x00000001975f8000 	/System/Library/PrivateFrameworks/SoftLinking.framework/Versions/A/SoftLinking
0x000000019788e000 	/usr/lib/libcompression.dylib
0x0000000199f5c000 	/System/Library/PrivateFrameworks/TextureIO.framework/Versions/A/TextureIO
0x0000000198c21000 	/usr/lib/libate.dylib
0x0000000198ada000 	/usr/lib/liblzma.5.dylib
0x00000001975f4000 	/usr/lib/libfakelink.dylib
0x00000001904cf000 	/System/Library/Frameworks/CFNetwork.framework/Versions/A/CFNetwork
0x0000000197732000 	/usr/lib/libarchive.2.dylib
0x000000019c8c8000 	/System/Library/Frameworks/Combine.framework/Versions/A/Combine
0x000000019a978000 	/usr/lib/swift/libswiftCore.dylib
0x00000001ae8d4000 	/usr/lib/swift/libswiftCoreFoundation.dylib
0x00000001ac843000 	/usr/lib/swift/libswiftDarwin.dylib
0x000000019fedc000 	/usr/lib/swift/libswiftDispatch.dylib
0x00000001ae8f5000 	/usr/lib/swift/libswiftIOKit.dylib
0x00000001a249a000 	/usr/lib/swift/libswiftObjectiveC.dylib
0x00000001ae8e8000 	/usr/lib/swift/libswiftXPC.dylib
0x00000002193d5000 	/usr/lib/swift/libswift_Concurrency.dylib
0x0000000219523000 	/usr/lib/swift/libswift_StringProcessing.dylib
0x00000001a249e000 	/usr/lib/swift/libswiftos.dylib
0x000000018ed6e000 	/System/Library/PrivateFrameworks/CoreServicesInternal.framework/Versions/A/CoreServicesInternal
0x0000000196bae000 	/usr/lib/libbsm.0.dylib
0x0000000197588000 	/usr/lib/system/libkxld.dylib
0x000000019387f000 	/System/Library/Frameworks/CoreServices.framework/Versions/A/Frameworks/FSEvents.framework/Versions/A/FSEvents
0x000000018ea66000 	/System/Library/Frameworks/CoreServices.framework/Versions/A/Frameworks/CarbonCore.framework/Versions/A/CarbonCore
0x0000000192dda000 	/System/Library/Frameworks/CoreServices.framework/Versions/A/Frameworks/Metadata.framework/Versions/A/Metadata
0x000000019727c000 	/System/Library/Frameworks/CoreServices.framework/Versions/A/Frameworks/OSServices.framework/Versions/A/OSServices
0x00000001977ba000 	/System/Library/Frameworks/CoreServices.framework/Versions/A/Frameworks/SearchKit.framework/Versions/A/SearchKit
0x000000019205e000 	/System/Library/Frameworks/CoreServices.framework/Versions/A/Frameworks/AE.framework/Versions/A/AE
0x000000018c199000 	/System/Library/Frameworks/CoreServices.framework/Versions/A/Frameworks/LaunchServices.framework/Versions/A/LaunchServices
0x0000000198a83000 	/System/Library/Frameworks/CoreServices.framework/Versions/A/Frameworks/DictionaryServices.framework/Versions/A/DictionaryServices
0x000000019388c000 	/System/Library/Frameworks/CoreServices.framework/Versions/A/Frameworks/SharedFileList.framework/Versions/A/SharedFileList
0x0000000197858000 	/usr/lib/libapple_nghttp2.dylib
0x00000001904cb000 	/usr/lib/libnetwork.dylib
0x0000000191d0d000 	/usr/lib/libsqlite3.dylib
0x00000001920e5000 	/System/Library/Frameworks/Network.framework/Versions/A/Network
0x00000002184b4000 	/usr/lib/libCoreEntitlements.dylib
0x0000000204449000 	/System/Library/PrivateFrameworks/MessageSecurity.framework/Versions/A/MessageSecurity
0x0000000191cf3000 	/System/Library/PrivateFrameworks/ProtocolBuffer.framework/Versions/A/ProtocolBuffer
0x00000001971a4000 	/System/Library/PrivateFrameworks/AppleFSCompression.framework/Versions/A/AppleFSCompression
0x0000000196b96000 	/usr/lib/libcoretls.dylib
0x0000000198af3000 	/usr/lib/libcoretls_cfhelpers.dylib
0x0000000197888000 	/usr/lib/libpam.2.dylib
0x0000000198b5f000 	/usr/lib/libxar.1.dylib
0x0000000198f2e000 	/usr/lib/libheimdal-asn1.dylib
0x00000001975f9000 	/usr/lib/libpcap.A.dylib
0x00000001920d2000 	/usr/lib/libdns_services.dylib
0x0000000195fd3000 	/System/Library/PrivateFrameworks/AppleSystemInfo.framework/Versions/A/AppleSystemInfo
0x000000019688a000 	/System/Library/PrivateFrameworks/IOMobileFramebuffer.framework/Versions/A/IOMobileFramebuffer
0x0000000197269000 	/usr/lib/libbz2.1.0.dylib
0x0000000196b8a000 	/usr/lib/libCheckFix.dylib
0x000000019092c000 	/System/Library/PrivateFrameworks/TCC.framework/Versions/A/TCC
0x0000000195fd9000 	/System/Library/PrivateFrameworks/CoreNLP.framework/Versions/A/CoreNLP
0x0000000192d98000 	/System/Library/PrivateFrameworks/MetadataUtilities.framework/Versions/A/MetadataUtilities
0x0000000196bc0000 	/usr/lib/libmecab.dylib
0x000000018c9b0000 	/usr/lib/libCRFSuite.dylib
0x0000000196c1c000 	/usr/lib/libgermantok.dylib
0x0000000197831000 	/usr/lib/libThaiTokenizer.dylib
0x0000000192e7c000 	/System/Library/Frameworks/Accelerate.framework/Versions/A/Frameworks/vImage.framework/Versions/A/vImage
0x000000019e966000 	/System/Library/Frameworks/Accelerate.framework/Versions/A/Frameworks/vecLib.framework/Versions/A/vecLib
0x0000000198ba5000 	/System/Library/Frameworks/Accelerate.framework/Versions/A/Frameworks/vecLib.framework/Versions/A/libvMisc.dylib
0x0000000196789000 	/System/Library/Frameworks/Accelerate.framework/Versions/A/Frameworks/vecLib.framework/Versions/A/libvDSP.dylib
0x000000018c551000 	/System/Library/Frameworks/Accelerate.framework/Versions/A/Frameworks/vecLib.framework/Versions/A/libBLAS.dylib
0x0000000197963000 	/System/Library/Frameworks/Accelerate.framework/Versions/A/Frameworks/vecLib.framework/Versions/A/libLAPACK.dylib
0x0000000196c1f000 	/System/Library/Frameworks/Accelerate.framework/Versions/A/Frameworks/vecLib.framework/Versions/A/libLinearAlgebra.dylib
0x0000000197873000 	/System/Library/Frameworks/Accelerate.framework/Versions/A/Frameworks/vecLib.framework/Versions/A/libSparseBLAS.dylib
0x000000019795e000 	/System/Library/Frameworks/Accelerate.framework/Versions/A/Frameworks/vecLib.framework/Versions/A/libQuadrature.dylib
0x00000001960ce000 	/System/Library/Frameworks/Accelerate.framework/Versions/A/Frameworks/vecLib.framework/Versions/A/libBNNS.dylib
0x000000018c8be000 	/System/Library/Frameworks/Accelerate.framework/Versions/A/Frameworks/vecLib.framework/Versions/A/libSparse.dylib
0x0000000203677000 	/System/Library/PrivateFrameworks/MIL.framework/Versions/A/MIL
0x000000019762e000 	/usr/lib/libiconv.2.dylib
0x0000000197581000 	/usr/lib/libcharset.1.dylib
0x000000019385f000 	/System/Library/Frameworks/OpenDirectory.framework/Versions/A/Frameworks/CFOpenDirectory.framework/Versions/A/CFOpenDirectory
0x000000019384f000 	/System/Library/Frameworks/OpenDirectory.framework/Versions/A/OpenDirectory
0x0000000198af5000 	/System/Library/PrivateFrameworks/APFS.framework/Versions/A/APFS
0x0000000196ac5000 	/System/Library/Frameworks/SecurityFoundation.framework/Versions/A/SecurityFoundation
0x0000000198b6e000 	/usr/lib/libutil.dylib
0x00000002024cb000 	/System/Library/PrivateFrameworks/InstalledContentLibrary.framework/Versions/A/InstalledContentLibrary
0x000000018edad000 	/System/Library/PrivateFrameworks/CoreServicesStore.framework/Versions/A/CoreServicesStore
0x00000001f91eb000 	/System/Library/PrivateFrameworks/AppleMobileFileIntegrity.framework/Versions/A/AppleMobileFileIntegrity
0x00000001ae8b4000 	/usr/lib/libmis.dylib
0x00000001bcaa5000 	/System/Library/PrivateFrameworks/MobileSystemServices.framework/Versions/A/MobileSystemServices
0x00000001d8005000 	/System/Library/PrivateFrameworks/ConfigProfileHelper.framework/Versions/A/ConfigProfileHelper
0x0000000197833000 	/System/Library/PrivateFrameworks/AppleSauce.framework/Versions/A/AppleSauce
0x000000018d61f000 	/System/Library/PrivateFrameworks/LanguageModeling.framework/Versions/A/LanguageModeling
0x0000000198b72000 	/usr/lib/libxslt.1.dylib
0x0000000197720000 	/usr/lib/libcmph.dylib
0x0000000196877000 	/System/Library/PrivateFrameworks/CoreEmoji.framework/Versions/A/CoreEmoji
0x00000001960c8000 	/System/Library/PrivateFrameworks/LinguisticData.framework/Versions/A/LinguisticData
0x000000018c876000 	/System/Library/PrivateFrameworks/Lexicon.framework/Versions/A/Lexicon
0x0000000196b57000 	/System/Library/PrivateFrameworks/BackgroundTaskManagement.framework/Versions/A/BackgroundTaskManagement
0x0000000218657000 	/usr/lib/libTLE.dylib
0x0000000219473000 	/usr/lib/swift/libswift_RegexParser.dylib
0x00000001997ed000 	/System/Library/PrivateFrameworks/AppleJPEG.framework/Versions/A/AppleJPEG
0x0000000198f13000 	/usr/lib/libexpat.1.dylib
0x0000000199dbf000 	/System/Library/Frameworks/ImageIO.framework/Versions/A/Resources/libPng.dylib
0x0000000199dea000 	/System/Library/Frameworks/ImageIO.framework/Versions/A/Resources/libTIFF.dylib
0x0000000199ed2000 	/System/Library/Frameworks/ImageIO.framework/Versions/A/Resources/libGIF.dylib
0x0000000199833000 	/System/Library/Frameworks/ImageIO.framework/Versions/A/Resources/libJP2.dylib
0x0000000199e77000 	/System/Library/Frameworks/ImageIO.framework/Versions/A/Resources/libJPEG.dylib
0x0000000199e6e000 	/System/Library/Frameworks/ImageIO.framework/Versions/A/Resources/libRadiance.dylib
0x00000001953eb000 	/System/Library/PrivateFrameworks/FontServices.framework/libFontParser.dylib
0x0000000191fff000 	/System/Library/PrivateFrameworks/RunningBoardServices.framework/Versions/A/RunningBoardServices
0x00000001a49f9000 	/System/Library/PrivateFrameworks/IOSurfaceAccelerator.framework/Versions/A/IOSurfaceAccelerator
0x0000000199924000 	/System/Library/PrivateFrameworks/WatchdogClient.framework/Versions/A/WatchdogClient
0x000000018d79b000 	/System/Library/Frameworks/CoreDisplay.framework/Versions/A/CoreDisplay
0x00000001952c2000 	/System/Library/Frameworks/CoreMedia.framework/Versions/A/CoreMedia
0x00000001950a6000 	/System/Library/PrivateFrameworks/IOAccelerator.framework/Versions/A/IOAccelerator
0x00000001939f0000 	/System/Library/Frameworks/CoreVideo.framework/Versions/A/CoreVideo
0x0000000197886000 	/System/Library/Frameworks/MetalPerformanceShaders.framework/Versions/A/MetalPerformanceShaders
0x0000000199965000 	/System/Library/Frameworks/VideoToolbox.framework/Versions/A/VideoToolbox
0x0000000191f3c000 	/System/Library/PrivateFrameworks/BaseBoard.framework/Versions/A/BaseBoard
0x0000000199e69000 	/System/Library/PrivateFrameworks/GPUWrangler.framework/Versions/A/GPUWrangler
0x0000000199e49000 	/System/Library/PrivateFrameworks/IOPresentment.framework/Versions/A/IOPresentment
0x0000000199e71000 	/System/Library/PrivateFrameworks/DSExternalDisplay.framework/Versions/A/DSExternalDisplay
0x00000001feae8000 	/System/Library/PrivateFrameworks/GPUCompiler.framework/Versions/31001/Libraries/libllvm-flatbuffers.dylib
0x00000001f084f000 	/System/Library/Frameworks/OpenGL.framework/Versions/A/Libraries/libCoreFSCache.dylib
0x00000001feae4000 	/System/Library/PrivateFrameworks/GPUCompiler.framework/Versions/31001/Libraries/libGPUCompilerUtils.dylib
0x0000000199ed8000 	/System/Library/PrivateFrameworks/CMCaptureCore.framework/Versions/A/CMCaptureCore
0x00000001f31e3000 	/System/Library/Frameworks/ExtensionFoundation.framework/Versions/A/ExtensionFoundation
0x00000001a069f000 	/System/Library/PrivateFrameworks/CoreTime.framework/Versions/A/CoreTime
0x00000001994d2000 	/System/Library/PrivateFrameworks/AppServerSupport.framework/Versions/A/AppServerSupport
0x000000019b87d000 	/System/Library/PrivateFrameworks/perfdata.framework/Versions/A/perfdata
0x000000018d8bb000 	/System/Library/PrivateFrameworks/AudioToolboxCore.framework/Versions/A/AudioToolboxCore
0x0000000195299000 	/System/Library/PrivateFrameworks/caulk.framework/Versions/A/caulk
0x000000019b134000 	/usr/lib/libAudioStatistics.dylib
0x00000001adcf2000 	/System/Library/PrivateFrameworks/SystemPolicy.framework/Versions/A/SystemPolicy
0x000000019b3d4000 	/usr/lib/libSMC.dylib
0x00000001a4117000 	/System/Library/Frameworks/CoreMIDI.framework/Versions/A/CoreMIDI
0x0000000199d8c000 	/usr/lib/libAudioToolboxUtility.dylib
0x00000001a996e000 	/System/Library/PrivateFrameworks/OSAServicesClient.framework/Versions/A/OSAServicesClient
0x000000019b88b000 	/usr/lib/libperfcheck.dylib
0x0000000198dfe000 	/System/Library/PrivateFrameworks/PlugInKit.framework/Versions/A/PlugInKit
0x0000000196ab7000 	/System/Library/PrivateFrameworks/AssertionServices.framework/Versions/A/AssertionServices
0x00000001f08b1000 	/System/Library/Frameworks/OpenGL.framework/Versions/A/Libraries/libGLU.dylib
0x00000001f0870000 	/System/Library/Frameworks/OpenGL.framework/Versions/A/Libraries/libGFXShared.dylib
0x00000001f0a4b000 	/System/Library/Frameworks/OpenGL.framework/Versions/A/Libraries/libGL.dylib
0x00000001f0879000 	/System/Library/Frameworks/OpenGL.framework/Versions/A/Libraries/libGLImage.dylib
0x00000001f086d000 	/System/Library/Frameworks/OpenGL.framework/Versions/A/Libraries/libCVMSPluginSupport.dylib
0x0000000218636000 	/usr/lib/libRosetta.dylib
0x00000001f0856000 	/System/Library/Frameworks/OpenGL.framework/Versions/A/Libraries/libCoreVMClient.dylib
0x0000000195f4a000 	/System/Library/Frameworks/MetalPerformanceShaders.framework/Versions/A/Frameworks/MPSCore.framework/Versions/A/MPSCore
0x000000019711a000 	/System/Library/Frameworks/MetalPerformanceShaders.framework/Versions/A/Frameworks/MPSImage.framework/Versions/A/MPSImage
0x0000000196c34000 	/System/Library/Frameworks/MetalPerformanceShaders.framework/Versions/A/Frameworks/MPSNeuralNetwork.framework/Versions/A/MPSNeuralNetwork
0x000000019701c000 	/System/Library/Frameworks/MetalPerformanceShaders.framework/Versions/A/Frameworks/MPSMatrix.framework/Versions/A/MPSMatrix
0x0000000196e2e000 	/System/Library/Frameworks/MetalPerformanceShaders.framework/Versions/A/Frameworks/MPSRayIntersector.framework/Versions/A/MPSRayIntersector
0x000000019704b000 	/System/Library/Frameworks/MetalPerformanceShaders.framework/Versions/A/Frameworks/MPSNDArray.framework/Versions/A/MPSNDArray
0x00000001f46b3000 	/System/Library/Frameworks/MetalPerformanceShaders.framework/Versions/A/Frameworks/MPSFunctions.framework/Versions/A/MPSFunctions
0x000000018c416000 	/System/Library/PrivateFrameworks/MetalTools.framework/Versions/A/MetalTools
0x0000000195fd1000 	/System/Library/PrivateFrameworks/AggregateDictionary.framework/Versions/A/AggregateDictionary
0x0000000198cb6000 	/usr/lib/libIOReport.dylib
0x00000001a3303000 	/System/Library/PrivateFrameworks/ASEProcessing.framework/Versions/A/ASEProcessing
0x00000002074d3000 	/System/Library/PrivateFrameworks/PhotosensitivityProcessing.framework/Versions/A/PhotosensitivityProcessing
0x0000000199070000 	/System/Library/PrivateFrameworks/GraphVisualizer.framework/Versions/A/GraphVisualizer
0x00000001fea05000 	/System/Library/PrivateFrameworks/FontServices.framework/Versions/A/FontServices
0x0000000199490000 	/System/Library/PrivateFrameworks/OTSVG.framework/Versions/A/OTSVG
0x00000001935a3000 	/System/Library/Frameworks/ApplicationServices.framework/Versions/A/Frameworks/ATS.framework/Versions/A/Resources/libFontRegistry.dylib
0x00000001994dc000 	/System/Library/PrivateFrameworks/FontServices.framework/libhvf.dylib
0x00000001fea06000 	/System/Library/PrivateFrameworks/FontServices.framework/libXTFontStaticRegistryData.dylib
0x00000001b9111000 	/usr/lib/swift/libswiftMetal.dylib
0x00000001b17b2000 	/usr/lib/swift/libswiftsimd.dylib
0x00000002114a4000 	/System/Library/PrivateFrameworks/VideoToolboxParavirtualizationSupport.framework/Versions/A/VideoToolboxParavirtualizationSupport
0x0000000198ec7000 	/System/Library/PrivateFrameworks/AppleVA.framework/Versions/A/AppleVA
0x000000019b174000 	/System/Library/Frameworks/ApplicationServices.framework/Versions/A/Frameworks/ATS.framework/Versions/A/ATS
0x00000001914af000 	/System/Library/Frameworks/ApplicationServices.framework/Versions/A/Frameworks/HIServices.framework/Versions/A/HIServices
0x0000000199ee4000 	/System/Library/Frameworks/ApplicationServices.framework/Versions/A/Frameworks/PrintCore.framework/Versions/A/PrintCore
0x000000019b52d000 	/System/Library/Frameworks/ApplicationServices.framework/Versions/A/Frameworks/QD.framework/Versions/A/QD
0x000000019b521000 	/System/Library/Frameworks/ApplicationServices.framework/Versions/A/Frameworks/ColorSyncLegacy.framework/Versions/A/ColorSyncLegacy
0x000000019b148000 	/System/Library/Frameworks/ApplicationServices.framework/Versions/A/Frameworks/SpeechSynthesis.framework/Versions/A/SpeechSynthesis
0x0000000199ea2000 	/System/Library/Frameworks/ApplicationServices.framework/Versions/A/Frameworks/ATSUI.framework/Versions/A/ATSUI
0x000000019b4b4000 	/usr/lib/libcups.2.dylib
0x000000019b899000 	/System/Library/Frameworks/Kerberos.framework/Versions/A/Kerberos
0x000000019b8aa000 	/System/Library/Frameworks/GSS.framework/Versions/A/GSS
0x000000019b1e6000 	/usr/lib/libresolv.9.dylib
0x00000001994ec000 	/System/Library/PrivateFrameworks/Heimdal.framework/Versions/A/Heimdal
0x00000001a241c000 	/System/Library/Frameworks/Kerberos.framework/Versions/A/Libraries/libHeimdalProxy.dylib
0x000000019b902000 	/System/Library/PrivateFrameworks/CommonAuth.framework/Versions/A/CommonAuth
0x00000001f23eb000 	/System/Library/Frameworks/AVFAudio.framework/Versions/A/AVFAudio
0x00000001a99bd000 	/System/Library/PrivateFrameworks/AXCoreUtilities.framework/Versions/A/AXCoreUtilities
0x000000019b0c0000 	/System/Library/PrivateFrameworks/AudioSession.framework/Versions/A/AudioSession
0x000000019c67a000 	/System/Library/Frameworks/IOBluetooth.framework/Versions/A/IOBluetooth
0x0000000198fc9000 	/System/Library/PrivateFrameworks/MediaExperience.framework/Versions/A/MediaExperience
0x000000019af5f000 	/System/Library/PrivateFrameworks/AudioSession.framework/libSessionUtility.dylib
0x000000019b539000 	/System/Library/PrivateFrameworks/AudioResourceArbitration.framework/Versions/A/AudioResourceArbitration
0x000000019f5a2000 	/System/Library/PrivateFrameworks/PowerLog.framework/Versions/A/PowerLog
0x000000019f4e1000 	/System/Library/Frameworks/CoreBluetooth.framework/Versions/A/CoreBluetooth
0x00000001a241d000 	/System/Library/Frameworks/AudioUnit.framework/Versions/A/AudioUnit
0x0000000196916000 	/System/Library/PrivateFrameworks/CoreUtils.framework/Versions/A/CoreUtils
0x00000001fd2d8000 	/System/Library/PrivateFrameworks/CoreUtilsExtras.framework/Versions/A/CoreUtilsExtras
0x0000000202361000 	/System/Library/PrivateFrameworks/IO80211.framework/Versions/A/IO80211
0x0000000198f39000 	/System/Library/PrivateFrameworks/IconFoundation.framework/Versions/A/IconFoundation
0x000000019e590000 	/System/Library/PrivateFrameworks/SpeechRecognitionCore.framework/Versions/A/SpeechRecognitionCore
0x0000000101118000 	/opt/homebrew/Cellar/openjdk/21/libexec/openjdk.jdk/Contents/Home/lib/server/libjvm.dylib
0x000000010020c000 	/opt/homebrew/Cellar/openjdk/21/libexec/openjdk.jdk/Contents/Home/lib/libjimage.dylib
0x0000000100250000 	/opt/homebrew/Cellar/openjdk/21/libexec/openjdk.jdk/Contents/Home/lib/libjava.dylib
0x0000000100ce0000 	/opt/homebrew/Cellar/openjdk/21/libexec/openjdk.jdk/Contents/Home/lib/libnio.dylib
0x0000000100d00000 	/opt/homebrew/Cellar/openjdk/21/libexec/openjdk.jdk/Contents/Home/lib/libnet.dylib
0x0000000100cc0000 	/opt/homebrew/Cellar/openjdk/21/libexec/openjdk.jdk/Contents/Home/lib/libzip.dylib
0x0000000101000000 	/opt/homebrew/Cellar/openjdk/21/libexec/openjdk.jdk/Contents/Home/lib/libawt.dylib
0x0000000100d78000 	/opt/homebrew/Cellar/openjdk/21/libexec/openjdk.jdk/Contents/Home/lib/libmlib_image.dylib
0x00000001f37e4000 	/System/Library/Frameworks/JavaRuntimeSupport.framework/Versions/A/JavaRuntimeSupport
0x00000001ad6ea000 	/System/Library/Frameworks/Carbon.framework/Versions/A/Carbon
0x00000001a05b3000 	/System/Library/PrivateFrameworks/CoreSymbolication.framework/Versions/A/CoreSymbolication
0x00000001a5f90000 	/System/Library/Frameworks/Carbon.framework/Versions/A/Frameworks/CommonPanels.framework/Versions/A/CommonPanels
0x00000001a1d88000 	/System/Library/Frameworks/Carbon.framework/Versions/A/Frameworks/Help.framework/Versions/A/Help
0x00000001a5f94000 	/System/Library/Frameworks/Carbon.framework/Versions/A/Frameworks/ImageCapture.framework/Versions/A/ImageCapture
0x00000001a5f68000 	/System/Library/Frameworks/Carbon.framework/Versions/A/Frameworks/OpenScripting.framework/Versions/A/OpenScripting
0x00000001a5f8c000 	/System/Library/Frameworks/Carbon.framework/Versions/A/Frameworks/Ink.framework/Versions/A/Ink
0x00000001ad6e6000 	/System/Library/Frameworks/Carbon.framework/Versions/A/Frameworks/Print.framework/Versions/A/Print
0x00000001a5f88000 	/System/Library/Frameworks/Carbon.framework/Versions/A/Frameworks/SecurityHI.framework/Versions/A/SecurityHI
0x00000001a056e000 	/System/Library/PrivateFrameworks/DebugSymbols.framework/Versions/A/DebugSymbols
0x000000011d7a4000 	/opt/homebrew/Cellar/openjdk/21/libexec/openjdk.jdk/Contents/Home/lib/libawt_lwawt.dylib
0x00000001010a8000 	/opt/homebrew/Cellar/openjdk/21/libexec/openjdk.jdk/Contents/Home/lib/libosxapp.dylib
0x00000001ac8bb000 	/System/Library/Frameworks/ExceptionHandling.framework/Versions/A/ExceptionHandling
0x0000000100d1c000 	/opt/homebrew/Cellar/openjdk/21/libexec/openjdk.jdk/Contents/Home/lib/libfontmanager.dylib
0x000000011d8d4000 	/opt/homebrew/Cellar/harfbuzz/8.2.1/lib/libharfbuzz.0.dylib
0x000000011d700000 	/opt/homebrew/Cellar/openjdk/21/libexec/openjdk.jdk/Contents/Home/lib/libfreetype.dylib
0x000000011da9c000 	/opt/homebrew/Cellar/freetype/2.13.2/lib/libfreetype.6.dylib
0x000000011dc64000 	/opt/homebrew/Cellar/glib/2.78.0/lib/libglib-2.0.0.dylib
0x0000000100dd4000 	/opt/homebrew/Cellar/graphite2/1.3.14/lib/libgraphite2.3.2.1.dylib
0x00000001010dc000 	/opt/homebrew/Cellar/libpng/1.6.40/lib/libpng16.16.dylib
0x000000011d678000 	/opt/homebrew/Cellar/gettext/0.22.2/lib/libintl.8.dylib
0x000000011db3c000 	/opt/homebrew/Cellar/pcre2/10.42/lib/libpcre2-8.0.dylib
0x000000019f7f3000 	/System/Library/Frameworks/FileProvider.framework/Versions/A/FileProvider
0x0000000191ea5000 	/System/Library/Frameworks/Accounts.framework/Versions/A/Accounts
0x0000000193a8e000 	/System/Library/PrivateFrameworks/UserManagement.framework/Versions/A/UserManagement
0x000000019f98b000 	/System/Library/PrivateFrameworks/GenerationalStorage.framework/Versions/A/GenerationalStorage
0x000000019f596000 	/System/Library/PrivateFrameworks/SymptomDiagnosticReporter.framework/Versions/A/SymptomDiagnosticReporter
0x000000018fff6000 	/System/Library/PrivateFrameworks/DesktopServicesPriv.framework/Versions/A/DesktopServicesPriv
0x000000018eed6000 	/usr/lib/libsandbox.1.dylib
0x000000019b514000 	/System/Library/PrivateFrameworks/NetAuth.framework/Versions/A/NetAuth
0x000000019c4ed000 	/System/Library/PrivateFrameworks/Sharing.framework/Versions/A/Sharing
0x0000000193a52000 	/System/Library/PrivateFrameworks/login.framework/Versions/A/Frameworks/loginsupport.framework/Versions/A/loginsupport
0x00000001a18e9000 	/System/Library/PrivateFrameworks/Apple80211.framework/Versions/A/Apple80211
0x00000001972af000 	/System/Library/PrivateFrameworks/AuthKit.framework/Versions/A/AuthKit
0x0000000196898000 	/System/Library/Frameworks/CoreWLAN.framework/Versions/A/CoreWLAN
0x00000001a18ed000 	/System/Library/PrivateFrameworks/CoreWiFi.framework/Versions/A/CoreWiFi
0x00000001d130a000 	/System/Library/PrivateFrameworks/WiFiPeerToPeer.framework/Versions/A/WiFiPeerToPeer
0x00000001a0123000 	/System/Library/PrivateFrameworks/FrontBoardServices.framework/Versions/A/FrontBoardServices
0x00000001a01c0000 	/System/Library/PrivateFrameworks/BoardServices.framework/Versions/A/BoardServices
0x00000001a1a8f000 	/System/Library/PrivateFrameworks/BackBoardServices.framework/Versions/A/BackBoardServices
0x000000019741c000 	/System/Library/Frameworks/UserNotifications.framework/Versions/A/UserNotifications
0x000000019ba01000 	/System/Library/PrivateFrameworks/CorePhoneNumbers.framework/Versions/A/CorePhoneNumbers
0x000000019b213000 	/System/Library/PrivateFrameworks/MultiverseSupport.framework/Versions/A/MultiverseSupport
0x00000001a1d18000 	/System/Library/PrivateFrameworks/RemoteServiceDiscovery.framework/Versions/A/RemoteServiceDiscovery
0x000000019f6c3000 	/System/Library/PrivateFrameworks/DiskManagement.framework/Versions/A/DiskManagement
0x000000019f5ca000 	/System/Library/PrivateFrameworks/AppleIDAuthSupport.framework/Versions/A/AppleIDAuthSupport
0x00000001f7686000 	/System/Library/PrivateFrameworks/AAAFoundation.framework/Versions/A/AAAFoundation
0x000000019b9d9000 	/System/Library/PrivateFrameworks/KeychainCircle.framework/Versions/A/KeychainCircle
0x00000001a1d2c000 	/System/Library/PrivateFrameworks/RemoteXPC.framework/Versions/A/RemoteXPC
0x000000019f68f000 	/System/Library/PrivateFrameworks/MediaKit.framework/Versions/A/MediaKit
0x000000019f5d7000 	/System/Library/Frameworks/DiscRecording.framework/Versions/A/DiscRecording
0x0000000198e43000 	/usr/lib/libCoreStorage.dylib
0x00000001a1d94000 	/usr/lib/libcsfde.dylib
0x000000019c753000 	/System/Library/PrivateFrameworks/ProtectedCloudStorage.framework/Versions/A/ProtectedCloudStorage
0x00000001a1d8c000 	/System/Library/PrivateFrameworks/EFILogin.framework/Versions/A/EFILogin
0x000000019f9b1000 	/System/Library/PrivateFrameworks/OctagonTrust.framework/Versions/A/OctagonTrust
0x0000000198e3b000 	/usr/lib/libMatch.1.dylib
0x00000001b6413000 	/System/Library/CoreServices/RawCamera.bundle/Contents/MacOS/RawCamera
0x000000019b915000 	/System/Library/PrivateFrameworks/MobileAsset.framework/Versions/A/MobileAsset
0x00000001b3c90000 	/System/Library/PrivateFrameworks/SoftwareUpdateCoreSupport.framework/Versions/A/SoftwareUpdateCoreSupport
0x00000001b9df8000 	/System/Library/PrivateFrameworks/SoftwareUpdateCoreConnect.framework/Versions/A/SoftwareUpdateCoreConnect
0x00000001a2443000 	/System/Library/PrivateFrameworks/StreamingZip.framework/Versions/A/StreamingZip
0x00000001b3971000 	/System/Library/PrivateFrameworks/MSUDataAccessor.framework/Versions/A/MSUDataAccessor
0x00000001b007f000 	/usr/lib/libbootpolicy.dylib
0x00000001c0753000 	/usr/lib/libpartition2_dynamic.dylib
0x00000001f9d96000 	/System/Library/PrivateFrameworks/CMPhoto.framework/Versions/A/CMPhoto
0x000000019a0f4000 	/System/Library/Frameworks/MediaToolbox.framework/Versions/A/MediaToolbox
0x000000019f7bf000 	/System/Library/PrivateFrameworks/CoreAVCHD.framework/Versions/A/CoreAVCHD
0x000000019ec8b000 	/System/Library/Frameworks/MediaAccessibility.framework/Versions/A/MediaAccessibility
0x000000019f7bb000 	/System/Library/PrivateFrameworks/Mangrove.framework/Versions/A/Mangrove
0x000000019f7af000 	/System/Library/PrivateFrameworks/CoreAUC.framework/Versions/A/CoreAUC
0x00000001b334b000 	/System/Library/Frameworks/Accelerate.framework/Versions/A/Frameworks/vImage.framework/Versions/A/Libraries/libCGInterfaces.dylib
0x0000000123d54000 	/usr/lib/libobjc-trampolines.dylib
0x0000000218389000 	/usr/lib/libAccessibilityBaseImplementations.dylib
0x000000019373b000 	/System/Library/PrivateFrameworks/ViewBridge.framework/Versions/A/ViewBridge
0x00000001f0cc1000 	/System/Library/Extensions/AGXMetal13_3.bundle/Contents/MacOS/AGXMetal13_3
0x00000001ae8c7000 	/System/Library/PrivateFrameworks/GPURawCounter.framework/Versions/A/GPURawCounter
0x00000001a89b4000 	/System/Library/PrivateFrameworks/IOGPU.framework/Versions/A/IOGPU
0x0000000131a80000 	/opt/homebrew/Cellar/openjdk/21/libexec/openjdk.jdk/Contents/Home/lib/libosxui.dylib
0x00000001995bf000 	/System/Library/PrivateFrameworks/login.framework/Versions/A/login
0x00000001c7d53000 	/System/Library/PrivateFrameworks/Shortcut.framework/Versions/A/Shortcut
0x00000001c7d1f000 	/System/Library/PrivateFrameworks/HelpData.framework/Versions/A/HelpData
0x000000019ecc2000 	/System/Library/PrivateFrameworks/SystemAdministration.framework/Versions/A/SystemAdministration
0x000000019e558000 	/System/Library/Frameworks/DirectoryService.framework/Versions/A/DirectoryService
0x00000001a1c20000 	/System/Library/PrivateFrameworks/DiskImages.framework/Versions/A/DiskImages
0x0000000196b7c000 	/System/Library/Frameworks/ServiceManagement.framework/Versions/A/ServiceManagement
0x00000001a1e16000 	/System/Library/PrivateFrameworks/LoginUIKit.framework/Versions/A/Frameworks/LoginUICore.framework/Versions/A/LoginUICore
0x000000019977e000 	/usr/lib/libodfde.dylib
0x00000001a1da0000 	/usr/lib/libcurl.4.dylib
0x0000000218984000 	/usr/lib/libcrypto.46.dylib
0x0000000219008000 	/usr/lib/libssl.48.dylib
0x00000001a1ab2000 	/System/Library/Frameworks/LDAP.framework/Versions/A/LDAP
0x00000001a1af2000 	/System/Library/PrivateFrameworks/TrustEvaluationAgent.framework/Versions/A/TrustEvaluationAgent
0x000000019b1ff000 	/usr/lib/libsasl2.2.dylib


VM Arguments:
java_command: /Users/kamui-nakahara/programs/logic2/target/logic2-1.0-SNAPSHOT.jar
java_class_path (initial): /Users/kamui-nakahara/programs/logic2/target/logic2-1.0-SNAPSHOT.jar
Launcher Type: SUN_STANDARD

[Global flags]
     intx CICompilerCount                          = 4                                         {product} {ergonomic}
     uint ConcGCThreads                            = 2                                         {product} {ergonomic}
     uint G1ConcRefinementThreads                  = 8                                         {product} {ergonomic}
   size_t G1HeapRegionSize                         = 1048576                                   {product} {ergonomic}
    uintx GCDrainStackTargetSize                   = 64                                        {product} {ergonomic}
   size_t InitialHeapSize                          = 134217728                                 {product} {ergonomic}
   size_t MarkStackSize                            = 4194304                                   {product} {ergonomic}
   size_t MaxHeapSize                              = 2147483648                                {product} {ergonomic}
   size_t MaxNewSize                               = 1287651328                                {product} {ergonomic}
   size_t MinHeapDeltaBytes                        = 1048576                                   {product} {ergonomic}
   size_t MinHeapSize                              = 8388608                                   {product} {ergonomic}
    uintx NonNMethodCodeHeapSize                   = 5839564                                {pd product} {ergonomic}
    uintx NonProfiledCodeHeapSize                  = 122909338                              {pd product} {ergonomic}
    uintx ProfiledCodeHeapSize                     = 122909338                              {pd product} {ergonomic}
    uintx ReservedCodeCacheSize                    = 251658240                              {pd product} {ergonomic}
     bool SegmentedCodeCache                       = true                                      {product} {ergonomic}
   size_t SoftMaxHeapSize                          = 2147483648                             {manageable} {ergonomic}
     bool UseCompressedOops                        = true                           {product lp64_product} {ergonomic}
     bool UseG1GC                                  = true                                      {product} {ergonomic}
     bool UseNUMA                                  = false                                     {product} {ergonomic}
     bool UseNUMAInterleaving                      = false                                     {product} {ergonomic}

Logging:
Log output configuration:
 #0: stdout all=warning uptime,level,tags foldmultilines=false
 #1: stderr all=off uptime,level,tags foldmultilines=false

Environment Variables:
PATH=/usr/bin:/bin:/usr/sbin:/sbin
SHELL=/bin/zsh
DISPLAY=/private/tmp/com.apple.launchd.4Ha2J4UoXR/org.xquartz:0
TMPDIR=/var/folders/nd/h19n1myj6mx19n831b6j5wlc0000gn/T/

Active Locale:
LC_ALL=C
LC_COLLATE=C
LC_CTYPE=C
LC_MESSAGES=C
LC_MONETARY=C
LC_NUMERIC=C
LC_TIME=C

Signal Handlers:
   SIGSEGV: crash_handler in libjvm.dylib, mask=11100110000111110111111111111111, flags=SA_ONSTACK|SA_RESTART|SA_SIGINFO, unblocked
    SIGBUS: crash_handler in libjvm.dylib, mask=11100110000111110111111111111111, flags=SA_RESTART|SA_SIGINFO, unblocked
    SIGFPE: crash_handler in libjvm.dylib, mask=11100110000111110111111111111111, flags=SA_RESTART|SA_SIGINFO, unblocked
   SIGPIPE: javaSignalHandler in libjvm.dylib, mask=11100110000111110111111111111111, flags=SA_RESTART|SA_SIGINFO, blocked
   SIGXFSZ: javaSignalHandler in libjvm.dylib, mask=11100110000111110111111111111111, flags=SA_RESTART|SA_SIGINFO, blocked
    SIGILL: crash_handler in libjvm.dylib, mask=11100110000111110111111111111111, flags=SA_RESTART|SA_SIGINFO, unblocked
   SIGUSR2: SR_handler in libjvm.dylib, mask=00000000000000000000000000000000, flags=SA_RESTART|SA_SIGINFO, blocked
    SIGHUP: UserHandler in libjvm.dylib, mask=11100110000111110111111111111111, flags=SA_RESTART|SA_SIGINFO, blocked
    SIGINT: UserHandler in libjvm.dylib, mask=11100110000111110111111111111111, flags=SA_RESTART|SA_SIGINFO, blocked
   SIGTERM: UserHandler in libjvm.dylib, mask=11100110000111110111111111111111, flags=SA_RESTART|SA_SIGINFO, blocked
   SIGQUIT: UserHandler in libjvm.dylib, mask=11100110000111110111111111111111, flags=SA_RESTART|SA_SIGINFO, blocked
   SIGTRAP: crash_handler in libjvm.dylib, mask=11100110000111110111111111111111, flags=SA_RESTART|SA_SIGINFO, unblocked


---------------  S Y S T E M  ---------------

OS:
uname: Darwin 22.6.0 Darwin Kernel Version 22.6.0: Wed Jul  5 22:22:52 PDT 2023; root:xnu-8796.141.3~6/RELEASE_ARM64_T8103 arm64
OS uptime: 47 days 15:36 hours
rlimit (soft/hard): STACK 8176k/65520k , CORE 0k/infinity , NPROC 1333/2000 , NOFILE 10240/infinity , AS infinity/infinity , CPU infinity/infinity , DATA infinity/infinity , FSIZE infinity/infinity , MEMLOCK infinity/infinity , RSS infinity/infinity
load average: 2.68 2.51 2.77

CPU: total 8 (initial active 8) 0x61:0x0:0x1b588bb3:0, fp, asimd, aes, pmull, sha1, sha256, crc32, lse, sha3, sha512
machdep.cpu.brand_string:Apple M1
hw.cachelinesize:128
hw.l1icachesize:131072
hw.l1dcachesize:65536
hw.l2cachesize:4194304

Memory: 16k page, physical 8388608k(114640k free), swap 6291456k(1266880k free)

vm_info: OpenJDK 64-Bit Server VM (21) for bsd-aarch64 JRE (21), built on 2023-08-09T20:19:41Z by "brew" with clang Apple LLVM 14.0.3 (clang-1403.0.22.14.1)

END.
