#
# A fatal error has been detected by the Java Runtime Environment:
#
#  SIGSEGV (0xb) at pc=0x00000001939f3938, pid=3999, tid=71723
#
# JRE version: OpenJDK Runtime Environment Homebrew (21.0) (build 21)
# Java VM: OpenJDK 64-Bit Server VM Homebrew (21, mixed mode, sharing, tiered, compressed oops, compressed class ptrs, g1 gc, bsd-aarch64)
# Problematic frame:
# C  [CoreVideo+0x3938]  CVXTime::translateTime(CVTimeStamp const*, CVTimeStamp*) const+0x2c
#
# No core dump will be written. Core dumps have been disabled. To enable core dumping, try "ulimit -c unlimited" before starting Java again
#
# If you would like to submit a bug report, please visit:
#   https://github.com/Homebrew/homebrew-core/issues
#

---------------  S U M M A R Y ------------

Command Line: /Users/kamui-nakahara/programs/logic2/target/logic2-1.0-SNAPSHOT.jar

Host: "MacBookAir10,1" arm64, 8 cores, 8G, Darwin 22.6.0, macOS 13.5.2 (22G91)
Time: Mon Jan 22 16:11:24 2024 JST elapsed time: 4434.155426 seconds (0d 1h 13m 54s)

---------------  T H R E A D  ---------------

Current thread is native thread

Stack: [0x000000016fd94000,0x000000016fe17000],  sp=0x000000016fe16c00,  free space=523k
Native frames: (J=compiled Java code, j=interpreted, Vv=VM code, C=native code)
C  [CoreVideo+0x3938]  CVXTime::translateTime(CVTimeStamp const*, CVTimeStamp*) const+0x2c
C  [CoreVideo+0x36ac]  CVDisplayLink::calculateNextWakeUpTime(CVTimeStamp*, CVTimeStamp*, bool)+0xe0
C  [CoreVideo+0x2cd8]  CVDisplayLink::runIOThread()+0x198
C  [libsystem_pthread.dylib+0x6fa8]  _pthread_start+0x94

siginfo: si_signo: 11 (SIGSEGV), si_code: 2 (SEGV_ACCERR), si_addr: 0x00002df599e766e8

Registers:
 x0=0x0000600001246530  x1=0x000000016fe16d00  x2=0x000000016fe16e20  x3=0x0000000000000000
 x4=0x0094a7000094a800  x5=0x000000000094a801  x6=0x0000000000000000  x7=0x0000000000f5d692
 x8=0x00002df599e76530  x9=0x0000000000061a70 x10=0x000056261dbea820 x11=0x0000000000061a70
x12=0x0000000000000000 x13=0x0000000000000100 x14=0x0000000000000100 x15=0x0000000000000000
x16=0x00000001e8ed4a00 x17=0x67900001e8ed4a00 x18=0x0000000000000000 x19=0x0000600001246530
x20=0x000000016fe16e20 x21=0x000000016fe16d00 x22=0x0000000000000000 x23=0x0000000000000000
x24=0x000056261dc8301f x25=0x000000013385d618 x26=0x00000001e450c918 x27=0x000056261dc89767
x28=0x0000000000000000  fp=0x000000016fe16c70  lr=0xa8258001939f36ac  sp=0x000000016fe16c00
pc=0x00000001939f3938 cpsr=0x0000000080001000

Top of Stack: (sp=0x000000016fe16c00)
0x000000016fe16c00:   00000001e450c030 0000000193a124f4
0x000000016fe16c10:   0000000000000000 0000000000000004
0x000000016fe16c20:   5d6e0001939f36dc 0000000193a4169e
0x000000016fe16c30:   000000016fe16c70 4519800193a12438
0x000000016fe16c40:   000056261dc8301f 0000000000000000
0x000000016fe16c50:   0000000000000000 000000013385d600
0x000000016fe16c60:   000000013385d420 000000016fe16e20
0x000000016fe16c70:   000000016fe16e10 a8258001939f36ac
0x000000016fe16c80:   000000013385d420 0000000000000000
0x000000016fe16c90:   000056261dc522e7 000056261dc249a1
0x000000016fe16ca0:   000000000002d946 0000000000061a70
0x000000016fe16cb0:   0000000000000000 000000016fe16ddf
0x000000016fe16cc0:   000000016fe16dde 0000600001246538
0x000000016fe16cd0:   000000000000003c 0000000000000001
0x000000016fe16ce0:   000000013385d438 0000000000000000
0x000000016fe16cf0:   000000016fe16d10 b15880018bc5a690
0x000000016fe16d00:   016e360000000000 000056261dc4c290
0x000000016fe16d10:   000056261dc249a0 3ff0000000000000
0x000000016fe16d20:   0000000000061a70 0000000000000000
0x000000016fe16d30:   0000000000000000 0000000000000000
0x000000016fe16d40:   0000000000000001 0000000000000000
0x000000016fe16d50:   0000000000000000 0000000000000000
0x000000016fe16d60:   0000000000000000 0000000000000000
0x000000016fe16d70:   0000000000000000 0000000000000002
0x000000016fe16d80:   0000000000000000 0000000000000000
0x000000016fe16d90:   0000000000000000 0000000000000000
0x000000016fe16da0:   000000013385d518 000000013385d420
0x000000016fe16db0:   0000000000000000 0000000000000000
0x000000016fe16dc0:   00000001e450c918 00000001e450bff8
0x000000016fe16dd0:   0000000000000003 00000001e450bff4
0x000000016fe16de0:   000056261dc8301f 0000000000000000
0x000000016fe16df0:   000000013385d518 000000013385d4d8 

Instructions: (pc=0x00000001939f3938)
0x00000001939f3838:   97fffd95 f9411e80 97fffda7 f9400290
0x00000001939f3848:   aa1403f1 f2e859d1 dac11a30 f8488e08
0x00000001939f3858:   aa1003e9 aa1403e0 aa1503e1 aa0903f1
0x00000001939f3868:   f2f5dfd1 d73f0911 f9011a9f f9400290
0x00000001939f3878:   aa1403f1 f2e859d1 dac11a30 f8488e08
0x00000001939f3888:   aa1003e9 aa1403e0 aa1303e1 aa0903f1
0x00000001939f3898:   f2f5dfd1 d73f0911 a9597bfd a9584ff4
0x00000001939f38a8:   a95757f6 a9565ff8 a95567fa a9546ffc
0x00000001939f38b8:   6d5323e9 910683ff d65f0fff d503237f
0x00000001939f38c8:   a9bd57f6 a9014ff4 a9027bfd 910083fd
0x00000001939f38d8:   aa0003f3 91006014 aa1403e0 940132d9
0x00000001939f38e8:   a95bce75 aa1403e0 940132da aa1503e0
0x00000001939f38f8:   aa1303e1 a9427bfd a9414ff4 a8c357f6
0x00000001939f3908:   d65f0fff d503237f d10203ff a9045ff8
0x00000001939f3918:   a90557f6 a9064ff4 a9077bfd 9101c3fd
0x00000001939f3928:   aa0203f4 aa0103f5 aa0003f3 f9400008
0x00000001939f3938:   a95bd917 3cc08020 f9402028 f9000fe8
0x00000001939f3948:   3c8083e0 f90003e0 f00002c1 9120b821
0x00000001939f3958:   528000a0 94007aa7 3cc08280 f9402288
0x00000001939f3968:   fd400e81 f9401289 b940068a f9001be9
0x00000001939f3978:   fd0017e1 a901abe8 3c8083e0 f90003f3
0x00000001939f3988:   f00002c1 9121e421 528000a0 94007a99
0x00000001939f3998:   a900dbf7 f90003f3 f00002c1 91240c21
0x00000001939f39a8:   528000a0 94007a93 f9402e68 b9405269
0x00000001939f39b8:   a900a7e8 f90003f3 f00002c1 91254821
0x00000001939f39c8:   528000a0 94007a8b fd402660 fd400a61
0x00000001939f39d8:   7e61d821 6d0087e0 f90003f3 f00002c1
0x00000001939f39e8:   91265421 528000a0 94007a82 f9402288
0x00000001939f39f8:   36000348 f94022a9 37000089 370800a9
0x00000001939f3a08:   d2800009 14000014 f94006a9 14000012
0x00000001939f3a18:   f9400aa9 f9402e6a cb09014b 9e630160
0x00000001939f3a28:   1e614000 eb0a0129 9e630121 1e619c00 



---------------  P R O C E S S  ---------------

VM state: not at safepoint (normal execution)

VM Mutex/Monitor currently owned by a thread: None

Heap address: 0x0000000780000000, size: 2048 MB, Compressed Oops mode: Zero based, Oop shift amount: 3

CDS archive(s) mapped at: [0x0000007000000000-0x0000007000ca4000-0x0000007000ca4000), size 13254656, SharedBaseAddress: 0x0000007000000000, ArchiveRelocationMode: 1.
Compressed class space mapped at: 0x0000007001000000-0x0000007041000000, reserved size: 1073741824
Narrow klass base: 0x0000007000000000, Narrow klass shift: 0, Narrow klass range: 0x100000000

GC Precious Log:
<Skipped>

Heap:
 garbage-first heap   total 133120K, used 15337K [0x0000000780000000, 0x0000000800000000)
  region size 1024K, 11 young (11264K), 1 survivors (1024K)
 Metaspace       used 9526K, committed 9728K, reserved 1114112K
  class space    used 1009K, committed 1088K, reserved 1048576K

Heap Regions: E=young(eden), S=young(survivor), O=old, HS=humongous(starts), HC=humongous(continues), CS=collection set, F=free, TAMS=top-at-mark-start, PB=parsable bottom
|   0|0x0000000780000000, 0x0000000780100000, 0x0000000780100000|100%| O|  |TAMS 0x0000000780000000| PB 0x0000000780000000| Untracked 
|   1|0x0000000780100000, 0x0000000780200000, 0x0000000780200000|100%| O|  |TAMS 0x0000000780100000| PB 0x0000000780100000| Untracked 
|   2|0x0000000780200000, 0x0000000780300000, 0x0000000780300000|100%| O|  |TAMS 0x0000000780200000| PB 0x0000000780200000| Untracked 
|   3|0x0000000780300000, 0x0000000780400000, 0x0000000780400000|100%| O|  |TAMS 0x0000000780300000| PB 0x0000000780300000| Untracked 
|   4|0x0000000780400000, 0x00000007804efff0, 0x0000000780500000| 93%| O|  |TAMS 0x0000000780400000| PB 0x0000000780400000| Untracked 
|   5|0x0000000780500000, 0x0000000780500000, 0x0000000780600000|  0%| F|  |TAMS 0x0000000780500000| PB 0x0000000780500000| Untracked 
|   6|0x0000000780600000, 0x0000000780600000, 0x0000000780700000|  0%| F|  |TAMS 0x0000000780600000| PB 0x0000000780600000| Untracked 
|   7|0x0000000780700000, 0x0000000780700000, 0x0000000780800000|  0%| F|  |TAMS 0x0000000780700000| PB 0x0000000780700000| Untracked 
|   8|0x0000000780800000, 0x0000000780800000, 0x0000000780900000|  0%| F|  |TAMS 0x0000000780800000| PB 0x0000000780800000| Untracked 
|   9|0x0000000780900000, 0x0000000780900000, 0x0000000780a00000|  0%| F|  |TAMS 0x0000000780900000| PB 0x0000000780900000| Untracked 
|  10|0x0000000780a00000, 0x0000000780a00000, 0x0000000780b00000|  0%| F|  |TAMS 0x0000000780a00000| PB 0x0000000780a00000| Untracked 
|  11|0x0000000780b00000, 0x0000000780b00000, 0x0000000780c00000|  0%| F|  |TAMS 0x0000000780b00000| PB 0x0000000780b00000| Untracked 
|  12|0x0000000780c00000, 0x0000000780c00000, 0x0000000780d00000|  0%| F|  |TAMS 0x0000000780c00000| PB 0x0000000780c00000| Untracked 
|  13|0x0000000780d00000, 0x0000000780d00000, 0x0000000780e00000|  0%| F|  |TAMS 0x0000000780d00000| PB 0x0000000780d00000| Untracked 
|  14|0x0000000780e00000, 0x0000000780e00000, 0x0000000780f00000|  0%| F|  |TAMS 0x0000000780e00000| PB 0x0000000780e00000| Untracked 
|  15|0x0000000780f00000, 0x0000000780f00000, 0x0000000781000000|  0%| F|  |TAMS 0x0000000780f00000| PB 0x0000000780f00000| Untracked 
|  16|0x0000000781000000, 0x0000000781000000, 0x0000000781100000|  0%| F|  |TAMS 0x0000000781000000| PB 0x0000000781000000| Untracked 
|  17|0x0000000781100000, 0x0000000781100000, 0x0000000781200000|  0%| F|  |TAMS 0x0000000781100000| PB 0x0000000781100000| Untracked 
|  18|0x0000000781200000, 0x0000000781200000, 0x0000000781300000|  0%| F|  |TAMS 0x0000000781200000| PB 0x0000000781200000| Untracked 
|  19|0x0000000781300000, 0x0000000781300000, 0x0000000781400000|  0%| F|  |TAMS 0x0000000781300000| PB 0x0000000781300000| Untracked 
|  20|0x0000000781400000, 0x0000000781400000, 0x0000000781500000|  0%| F|  |TAMS 0x0000000781400000| PB 0x0000000781400000| Untracked 
|  21|0x0000000781500000, 0x0000000781500000, 0x0000000781600000|  0%| F|  |TAMS 0x0000000781500000| PB 0x0000000781500000| Untracked 
|  22|0x0000000781600000, 0x0000000781600000, 0x0000000781700000|  0%| F|  |TAMS 0x0000000781600000| PB 0x0000000781600000| Untracked 
|  23|0x0000000781700000, 0x0000000781700000, 0x0000000781800000|  0%| F|  |TAMS 0x0000000781700000| PB 0x0000000781700000| Untracked 
|  24|0x0000000781800000, 0x0000000781800000, 0x0000000781900000|  0%| F|  |TAMS 0x0000000781800000| PB 0x0000000781800000| Untracked 
|  25|0x0000000781900000, 0x0000000781900000, 0x0000000781a00000|  0%| F|  |TAMS 0x0000000781900000| PB 0x0000000781900000| Untracked 
|  26|0x0000000781a00000, 0x0000000781a00000, 0x0000000781b00000|  0%| F|  |TAMS 0x0000000781a00000| PB 0x0000000781a00000| Untracked 
|  27|0x0000000781b00000, 0x0000000781b00000, 0x0000000781c00000|  0%| F|  |TAMS 0x0000000781b00000| PB 0x0000000781b00000| Untracked 
|  28|0x0000000781c00000, 0x0000000781c00000, 0x0000000781d00000|  0%| F|  |TAMS 0x0000000781c00000| PB 0x0000000781c00000| Untracked 
|  29|0x0000000781d00000, 0x0000000781d00000, 0x0000000781e00000|  0%| F|  |TAMS 0x0000000781d00000| PB 0x0000000781d00000| Untracked 
|  30|0x0000000781e00000, 0x0000000781e00000, 0x0000000781f00000|  0%| F|  |TAMS 0x0000000781e00000| PB 0x0000000781e00000| Untracked 
|  31|0x0000000781f00000, 0x0000000781f00000, 0x0000000782000000|  0%| F|  |TAMS 0x0000000781f00000| PB 0x0000000781f00000| Untracked 
|  32|0x0000000782000000, 0x0000000782000000, 0x0000000782100000|  0%| F|  |TAMS 0x0000000782000000| PB 0x0000000782000000| Untracked 
|  33|0x0000000782100000, 0x0000000782100000, 0x0000000782200000|  0%| F|  |TAMS 0x0000000782100000| PB 0x0000000782100000| Untracked 
|  34|0x0000000782200000, 0x0000000782200000, 0x0000000782300000|  0%| F|  |TAMS 0x0000000782200000| PB 0x0000000782200000| Untracked 
|  35|0x0000000782300000, 0x0000000782300000, 0x0000000782400000|  0%| F|  |TAMS 0x0000000782300000| PB 0x0000000782300000| Untracked 
|  36|0x0000000782400000, 0x0000000782400000, 0x0000000782500000|  0%| F|  |TAMS 0x0000000782400000| PB 0x0000000782400000| Untracked 
|  37|0x0000000782500000, 0x0000000782500000, 0x0000000782600000|  0%| F|  |TAMS 0x0000000782500000| PB 0x0000000782500000| Untracked 
|  38|0x0000000782600000, 0x0000000782600000, 0x0000000782700000|  0%| F|  |TAMS 0x0000000782600000| PB 0x0000000782600000| Untracked 
|  39|0x0000000782700000, 0x0000000782700000, 0x0000000782800000|  0%| F|  |TAMS 0x0000000782700000| PB 0x0000000782700000| Untracked 
|  40|0x0000000782800000, 0x0000000782800000, 0x0000000782900000|  0%| F|  |TAMS 0x0000000782800000| PB 0x0000000782800000| Untracked 
|  41|0x0000000782900000, 0x0000000782900000, 0x0000000782a00000|  0%| F|  |TAMS 0x0000000782900000| PB 0x0000000782900000| Untracked 
|  42|0x0000000782a00000, 0x0000000782a00000, 0x0000000782b00000|  0%| F|  |TAMS 0x0000000782a00000| PB 0x0000000782a00000| Untracked 
|  43|0x0000000782b00000, 0x0000000782b00000, 0x0000000782c00000|  0%| F|  |TAMS 0x0000000782b00000| PB 0x0000000782b00000| Untracked 
|  44|0x0000000782c00000, 0x0000000782c00000, 0x0000000782d00000|  0%| F|  |TAMS 0x0000000782c00000| PB 0x0000000782c00000| Untracked 
|  45|0x0000000782d00000, 0x0000000782d00000, 0x0000000782e00000|  0%| F|  |TAMS 0x0000000782d00000| PB 0x0000000782d00000| Untracked 
|  46|0x0000000782e00000, 0x0000000782e00000, 0x0000000782f00000|  0%| F|  |TAMS 0x0000000782e00000| PB 0x0000000782e00000| Untracked 
|  47|0x0000000782f00000, 0x0000000782f00000, 0x0000000783000000|  0%| F|  |TAMS 0x0000000782f00000| PB 0x0000000782f00000| Untracked 
|  48|0x0000000783000000, 0x0000000783000000, 0x0000000783100000|  0%| F|  |TAMS 0x0000000783000000| PB 0x0000000783000000| Untracked 
|  49|0x0000000783100000, 0x0000000783100000, 0x0000000783200000|  0%| F|  |TAMS 0x0000000783100000| PB 0x0000000783100000| Untracked 
|  50|0x0000000783200000, 0x0000000783200000, 0x0000000783300000|  0%| F|  |TAMS 0x0000000783200000| PB 0x0000000783200000| Untracked 
|  51|0x0000000783300000, 0x0000000783303c80, 0x0000000783400000|  1%| S|CS|TAMS 0x0000000783300000| PB 0x0000000783300000| Complete 
|  52|0x0000000783400000, 0x0000000783400000, 0x0000000783500000|  0%| F|  |TAMS 0x0000000783400000| PB 0x0000000783400000| Untracked 
|  53|0x0000000783500000, 0x0000000783500000, 0x0000000783600000|  0%| F|  |TAMS 0x0000000783500000| PB 0x0000000783500000| Untracked 
|  54|0x0000000783600000, 0x0000000783600000, 0x0000000783700000|  0%| F|  |TAMS 0x0000000783600000| PB 0x0000000783600000| Untracked 
|  55|0x0000000783700000, 0x0000000783700000, 0x0000000783800000|  0%| F|  |TAMS 0x0000000783700000| PB 0x0000000783700000| Untracked 
|  56|0x0000000783800000, 0x0000000783800000, 0x0000000783900000|  0%| F|  |TAMS 0x0000000783800000| PB 0x0000000783800000| Untracked 
|  57|0x0000000783900000, 0x0000000783900000, 0x0000000783a00000|  0%| F|  |TAMS 0x0000000783900000| PB 0x0000000783900000| Untracked 
|  58|0x0000000783a00000, 0x0000000783a00000, 0x0000000783b00000|  0%| F|  |TAMS 0x0000000783a00000| PB 0x0000000783a00000| Untracked 
|  59|0x0000000783b00000, 0x0000000783b00000, 0x0000000783c00000|  0%| F|  |TAMS 0x0000000783b00000| PB 0x0000000783b00000| Untracked 
|  60|0x0000000783c00000, 0x0000000783c00000, 0x0000000783d00000|  0%| F|  |TAMS 0x0000000783c00000| PB 0x0000000783c00000| Untracked 
|  61|0x0000000783d00000, 0x0000000783d00000, 0x0000000783e00000|  0%| F|  |TAMS 0x0000000783d00000| PB 0x0000000783d00000| Untracked 
|  62|0x0000000783e00000, 0x0000000783e00000, 0x0000000783f00000|  0%| F|  |TAMS 0x0000000783e00000| PB 0x0000000783e00000| Untracked 
|  63|0x0000000783f00000, 0x0000000783f00000, 0x0000000784000000|  0%| F|  |TAMS 0x0000000783f00000| PB 0x0000000783f00000| Untracked 
|  64|0x0000000784000000, 0x0000000784000000, 0x0000000784100000|  0%| F|  |TAMS 0x0000000784000000| PB 0x0000000784000000| Untracked 
|  65|0x0000000784100000, 0x0000000784100000, 0x0000000784200000|  0%| F|  |TAMS 0x0000000784100000| PB 0x0000000784100000| Untracked 
|  66|0x0000000784200000, 0x0000000784200000, 0x0000000784300000|  0%| F|  |TAMS 0x0000000784200000| PB 0x0000000784200000| Untracked 
|  67|0x0000000784300000, 0x0000000784300000, 0x0000000784400000|  0%| F|  |TAMS 0x0000000784300000| PB 0x0000000784300000| Untracked 
|  68|0x0000000784400000, 0x0000000784400000, 0x0000000784500000|  0%| F|  |TAMS 0x0000000784400000| PB 0x0000000784400000| Untracked 
|  69|0x0000000784500000, 0x0000000784500000, 0x0000000784600000|  0%| F|  |TAMS 0x0000000784500000| PB 0x0000000784500000| Untracked 
|  70|0x0000000784600000, 0x0000000784600000, 0x0000000784700000|  0%| F|  |TAMS 0x0000000784600000| PB 0x0000000784600000| Untracked 
|  71|0x0000000784700000, 0x0000000784700000, 0x0000000784800000|  0%| F|  |TAMS 0x0000000784700000| PB 0x0000000784700000| Untracked 
|  72|0x0000000784800000, 0x0000000784800000, 0x0000000784900000|  0%| F|  |TAMS 0x0000000784800000| PB 0x0000000784800000| Untracked 
|  73|0x0000000784900000, 0x0000000784900000, 0x0000000784a00000|  0%| F|  |TAMS 0x0000000784900000| PB 0x0000000784900000| Untracked 
|  74|0x0000000784a00000, 0x0000000784a00000, 0x0000000784b00000|  0%| F|  |TAMS 0x0000000784a00000| PB 0x0000000784a00000| Untracked 
|  75|0x0000000784b00000, 0x0000000784b00000, 0x0000000784c00000|  0%| F|  |TAMS 0x0000000784b00000| PB 0x0000000784b00000| Untracked 
|  76|0x0000000784c00000, 0x0000000784c00000, 0x0000000784d00000|  0%| F|  |TAMS 0x0000000784c00000| PB 0x0000000784c00000| Untracked 
|  77|0x0000000784d00000, 0x0000000784d00000, 0x0000000784e00000|  0%| F|  |TAMS 0x0000000784d00000| PB 0x0000000784d00000| Untracked 
|  78|0x0000000784e00000, 0x0000000784e00000, 0x0000000784f00000|  0%| F|  |TAMS 0x0000000784e00000| PB 0x0000000784e00000| Untracked 
|  79|0x0000000784f00000, 0x0000000784f00000, 0x0000000785000000|  0%| F|  |TAMS 0x0000000784f00000| PB 0x0000000784f00000| Untracked 
|  80|0x0000000785000000, 0x0000000785000000, 0x0000000785100000|  0%| F|  |TAMS 0x0000000785000000| PB 0x0000000785000000| Untracked 
|  81|0x0000000785100000, 0x0000000785100000, 0x0000000785200000|  0%| F|  |TAMS 0x0000000785100000| PB 0x0000000785100000| Untracked 
|  82|0x0000000785200000, 0x0000000785200000, 0x0000000785300000|  0%| F|  |TAMS 0x0000000785200000| PB 0x0000000785200000| Untracked 
|  83|0x0000000785300000, 0x0000000785300000, 0x0000000785400000|  0%| F|  |TAMS 0x0000000785300000| PB 0x0000000785300000| Untracked 
|  84|0x0000000785400000, 0x0000000785400000, 0x0000000785500000|  0%| F|  |TAMS 0x0000000785400000| PB 0x0000000785400000| Untracked 
|  85|0x0000000785500000, 0x0000000785500000, 0x0000000785600000|  0%| F|  |TAMS 0x0000000785500000| PB 0x0000000785500000| Untracked 
|  86|0x0000000785600000, 0x0000000785600000, 0x0000000785700000|  0%| F|  |TAMS 0x0000000785600000| PB 0x0000000785600000| Untracked 
|  87|0x0000000785700000, 0x0000000785700000, 0x0000000785800000|  0%| F|  |TAMS 0x0000000785700000| PB 0x0000000785700000| Untracked 
|  88|0x0000000785800000, 0x0000000785800000, 0x0000000785900000|  0%| F|  |TAMS 0x0000000785800000| PB 0x0000000785800000| Untracked 
|  89|0x0000000785900000, 0x0000000785900000, 0x0000000785a00000|  0%| F|  |TAMS 0x0000000785900000| PB 0x0000000785900000| Untracked 
|  90|0x0000000785a00000, 0x0000000785a00000, 0x0000000785b00000|  0%| F|  |TAMS 0x0000000785a00000| PB 0x0000000785a00000| Untracked 
|  91|0x0000000785b00000, 0x0000000785b00000, 0x0000000785c00000|  0%| F|  |TAMS 0x0000000785b00000| PB 0x0000000785b00000| Untracked 
|  92|0x0000000785c00000, 0x0000000785c00000, 0x0000000785d00000|  0%| F|  |TAMS 0x0000000785c00000| PB 0x0000000785c00000| Untracked 
|  93|0x0000000785d00000, 0x0000000785d00000, 0x0000000785e00000|  0%| F|  |TAMS 0x0000000785d00000| PB 0x0000000785d00000| Untracked 
|  94|0x0000000785e00000, 0x0000000785e00000, 0x0000000785f00000|  0%| F|  |TAMS 0x0000000785e00000| PB 0x0000000785e00000| Untracked 
|  95|0x0000000785f00000, 0x0000000785f00000, 0x0000000786000000|  0%| F|  |TAMS 0x0000000785f00000| PB 0x0000000785f00000| Untracked 
|  96|0x0000000786000000, 0x0000000786000000, 0x0000000786100000|  0%| F|  |TAMS 0x0000000786000000| PB 0x0000000786000000| Untracked 
|  97|0x0000000786100000, 0x0000000786100000, 0x0000000786200000|  0%| F|  |TAMS 0x0000000786100000| PB 0x0000000786100000| Untracked 
|  98|0x0000000786200000, 0x0000000786200000, 0x0000000786300000|  0%| F|  |TAMS 0x0000000786200000| PB 0x0000000786200000| Untracked 
|  99|0x0000000786300000, 0x0000000786300000, 0x0000000786400000|  0%| F|  |TAMS 0x0000000786300000| PB 0x0000000786300000| Untracked 
| 100|0x0000000786400000, 0x0000000786400000, 0x0000000786500000|  0%| F|  |TAMS 0x0000000786400000| PB 0x0000000786400000| Untracked 
| 101|0x0000000786500000, 0x0000000786500000, 0x0000000786600000|  0%| F|  |TAMS 0x0000000786500000| PB 0x0000000786500000| Untracked 
| 102|0x0000000786600000, 0x0000000786600000, 0x0000000786700000|  0%| F|  |TAMS 0x0000000786600000| PB 0x0000000786600000| Untracked 
| 103|0x0000000786700000, 0x0000000786700000, 0x0000000786800000|  0%| F|  |TAMS 0x0000000786700000| PB 0x0000000786700000| Untracked 
| 104|0x0000000786800000, 0x0000000786800000, 0x0000000786900000|  0%| F|  |TAMS 0x0000000786800000| PB 0x0000000786800000| Untracked 
| 105|0x0000000786900000, 0x0000000786900000, 0x0000000786a00000|  0%| F|  |TAMS 0x0000000786900000| PB 0x0000000786900000| Untracked 
| 106|0x0000000786a00000, 0x0000000786a00000, 0x0000000786b00000|  0%| F|  |TAMS 0x0000000786a00000| PB 0x0000000786a00000| Untracked 
| 107|0x0000000786b00000, 0x0000000786b00000, 0x0000000786c00000|  0%| F|  |TAMS 0x0000000786b00000| PB 0x0000000786b00000| Untracked 
| 108|0x0000000786c00000, 0x0000000786c00000, 0x0000000786d00000|  0%| F|  |TAMS 0x0000000786c00000| PB 0x0000000786c00000| Untracked 
| 109|0x0000000786d00000, 0x0000000786d00000, 0x0000000786e00000|  0%| F|  |TAMS 0x0000000786d00000| PB 0x0000000786d00000| Untracked 
| 110|0x0000000786e00000, 0x0000000786e00000, 0x0000000786f00000|  0%| F|  |TAMS 0x0000000786e00000| PB 0x0000000786e00000| Untracked 
| 111|0x0000000786f00000, 0x0000000786f00000, 0x0000000787000000|  0%| F|  |TAMS 0x0000000786f00000| PB 0x0000000786f00000| Untracked 
| 112|0x0000000787000000, 0x0000000787000000, 0x0000000787100000|  0%| F|  |TAMS 0x0000000787000000| PB 0x0000000787000000| Untracked 
| 113|0x0000000787100000, 0x0000000787100000, 0x0000000787200000|  0%| F|  |TAMS 0x0000000787100000| PB 0x0000000787100000| Untracked 
| 114|0x0000000787200000, 0x0000000787200000, 0x0000000787300000|  0%| F|  |TAMS 0x0000000787200000| PB 0x0000000787200000| Untracked 
| 115|0x0000000787300000, 0x0000000787300000, 0x0000000787400000|  0%| F|  |TAMS 0x0000000787300000| PB 0x0000000787300000| Untracked 
| 116|0x0000000787400000, 0x0000000787400000, 0x0000000787500000|  0%| F|  |TAMS 0x0000000787400000| PB 0x0000000787400000| Untracked 
| 117|0x0000000787500000, 0x0000000787500000, 0x0000000787600000|  0%| F|  |TAMS 0x0000000787500000| PB 0x0000000787500000| Untracked 
| 118|0x0000000787600000, 0x0000000787603990, 0x0000000787700000|  1%| E|  |TAMS 0x0000000787600000| PB 0x0000000787600000| Complete 
| 119|0x0000000787700000, 0x0000000787800000, 0x0000000787800000|100%| E|CS|TAMS 0x0000000787700000| PB 0x0000000787700000| Complete 
| 120|0x0000000787800000, 0x0000000787900000, 0x0000000787900000|100%| E|CS|TAMS 0x0000000787800000| PB 0x0000000787800000| Complete 
| 121|0x0000000787900000, 0x0000000787a00000, 0x0000000787a00000|100%| E|CS|TAMS 0x0000000787900000| PB 0x0000000787900000| Complete 
| 122|0x0000000787a00000, 0x0000000787b00000, 0x0000000787b00000|100%| E|CS|TAMS 0x0000000787a00000| PB 0x0000000787a00000| Complete 
| 123|0x0000000787b00000, 0x0000000787c00000, 0x0000000787c00000|100%| E|CS|TAMS 0x0000000787b00000| PB 0x0000000787b00000| Complete 
| 124|0x0000000787c00000, 0x0000000787d00000, 0x0000000787d00000|100%| E|CS|TAMS 0x0000000787c00000| PB 0x0000000787c00000| Complete 
| 125|0x0000000787d00000, 0x0000000787e00000, 0x0000000787e00000|100%| E|CS|TAMS 0x0000000787d00000| PB 0x0000000787d00000| Complete 
| 126|0x0000000787e00000, 0x0000000787f00000, 0x0000000787f00000|100%| E|CS|TAMS 0x0000000787e00000| PB 0x0000000787e00000| Complete 
| 127|0x0000000787f00000, 0x0000000788000000, 0x0000000788000000|100%| E|CS|TAMS 0x0000000787f00000| PB 0x0000000787f00000| Complete 
|2046|0x00000007ffe00000, 0x00000007fff00000, 0x00000007fff00000|100%| O|  |TAMS 0x00000007ffe00000| PB 0x00000007ffe00000| Untracked 
|2047|0x00000007fff00000, 0x00000007fff02f58, 0x0000000800000000|  1%| O|  |TAMS 0x00000007fff00000| PB 0x00000007fff00000| Untracked 

Card table byte_map: [0x0000000102ef0000,0x00000001032f0000] _byte_map_base: 0x00000000ff2f0000

Marking Bits: (CMBitMap*) 0x0000000135811810
 Bits: [0x000000011bd10000, 0x000000011dd10000)

Polling page: 0x0000000102890000

Metaspace:

Usage:
  Non-class:      8.32 MB used.
      Class:   1009.39 KB used.
       Both:      9.30 MB used.

Virtual space:
  Non-class space:       64.00 MB reserved,       8.44 MB ( 13%) committed,  1 nodes.
      Class space:        1.00 GB reserved,       1.06 MB ( <1%) committed,  1 nodes.
             Both:        1.06 GB reserved,       9.50 MB ( <1%) committed. 

Chunk freelists:
   Non-Class:  7.00 MB
       Class:  14.75 MB
        Both:  21.75 MB

MaxMetaspaceSize: unlimited
CompressedClassSpaceSize: 1.00 GB
Initial GC threshold: 21.00 MB
Current GC threshold: 21.00 MB
CDS: on
 - commit_granule_bytes: 65536.
 - commit_granule_words: 8192.
 - virtual_space_node_default_size: 8388608.
 - enlarge_chunks_in_place: 1.
 - use_allocation_guard: 0.


Internal statistics:

num_allocs_failed_limit: 0.
num_arena_births: 208.
num_arena_deaths: 0.
num_vsnodes_births: 2.
num_vsnodes_deaths: 0.
num_space_committed: 152.
num_space_uncommitted: 0.
num_chunks_returned_to_freelist: 0.
num_chunks_taken_from_freelist: 262.
num_chunk_merges: 0.
num_chunk_splits: 166.
num_chunks_enlarged: 91.
num_inconsistent_stats: 0.

CodeHeap 'non-profiled nmethods': size=120032Kb used=2174Kb max_used=2174Kb free=117857Kb
 bounds [0x00000001147d8000, 0x0000000114a48000, 0x000000011bd10000]
CodeHeap 'profiled nmethods': size=120016Kb used=4188Kb max_used=4188Kb free=115827Kb
 bounds [0x000000010cd10000, 0x000000010d130000, 0x0000000114244000]
CodeHeap 'non-nmethods': size=5712Kb used=1502Kb max_used=1600Kb free=4209Kb
 bounds [0x0000000114244000, 0x00000001144b4000, 0x00000001147d8000]
 total_blobs=2921 nmethods=2246 adapters=583
 compilation: enabled
              stopped_count=0, restarted_count=0
 full_count=0

Compilation events (20 events):
Event: 3669.117 Thread 0x00000001358ade00 2241   !   3       java.awt.LightweightDispatcher::eventDispatched (358 bytes)
Event: 3669.120 Thread 0x00000001358ade00 nmethod 2241 0x000000010d119390 code [0x000000010d119980, 0x000000010d11c938]
Event: 3669.128 Thread 0x00000001358ad600 2242       4       java.util.ArrayList$Itr::next (66 bytes)
Event: 3669.131 Thread 0x00000001358ad600 nmethod 2242 0x00000001149ea090 code [0x00000001149ea240, 0x00000001149ea3b0]
Event: 3670.455 Thread 0x00000001358ade00 2243       3       kamui.Screen::paintComponent (21 bytes)
Event: 3670.456 Thread 0x00000001358ade00 nmethod 2243 0x000000010d11da90 code [0x000000010d11dc80, 0x000000010d11def0]
Event: 3670.480 Thread 0x00000001358ade00 2244       3       kamui.Main::draw (253 bytes)
Event: 3670.484 Thread 0x00000001358ade00 nmethod 2244 0x000000010d11e010 code [0x000000010d11e500, 0x000000010d11fec0]
Event: 3670.508 Thread 0x00000001358ade00 2245       3       kamui.Main::update (652 bytes)
Event: 3670.518 Thread 0x00000001358ade00 nmethod 2245 0x000000010d120810 code [0x000000010d121200, 0x000000010d125ab0]
Event: 3722.303 Thread 0x00000001358ad600 2246       4       kamui.mode.Menu::draw (86 bytes)
Event: 3722.324 Thread 0x00000001358ad600 nmethod 2246 0x00000001149ea510 code [0x00000001149ea740, 0x00000001149eab30]
Event: 3740.855 Thread 0x00000001358ad600 2247       4       java.awt.Rectangle::inside (88 bytes)
Event: 3740.880 Thread 0x00000001358ad600 nmethod 2247 0x00000001149eae90 code [0x00000001149eb000, 0x00000001149eb120]
Event: 3818.088 Thread 0x00000001358ad600 2248       4       kamui.Screen::paintComponent (21 bytes)
Event: 3818.176 Thread 0x00000001358ad600 nmethod 2248 0x00000001149eb210 code [0x00000001149eba80, 0x00000001149eef48]
Event: 3818.176 Thread 0x00000001358ad600 2249       4       kamui.Main::draw (253 bytes)
Event: 3818.199 Thread 0x00000001358ad600 nmethod 2249 0x00000001149f1210 code [0x00000001149f19c0, 0x00000001149f4388]
Event: 3847.417 Thread 0x00000001358ad600 2250       4       kamui.Main::update (652 bytes)
Event: 3847.455 Thread 0x00000001358ad600 nmethod 2250 0x00000001149f6210 code [0x00000001149f6500, 0x00000001149f7080]

GC Heap History (20 events):
Event: 3665.930 GC heap before
{Heap before GC invocations=41 (full 0):
 garbage-first heap   total 133120K, used 82879K [0x0000000780000000, 0x0000000800000000)
  region size 1024K, 76 young (77824K), 1 survivors (1024K)
 Metaspace       used 9480K, committed 9664K, reserved 1114112K
  class space    used 1009K, committed 1088K, reserved 1048576K
}
Event: 3665.940 GC heap after
{Heap after GC invocations=42 (full 0):
 garbage-first heap   total 133120K, used 6012K [0x0000000780000000, 0x0000000800000000)
  region size 1024K, 1 young (1024K), 1 survivors (1024K)
 Metaspace       used 9480K, committed 9664K, reserved 1114112K
  class space    used 1009K, committed 1088K, reserved 1048576K
}
Event: 3750.603 GC heap before
{Heap before GC invocations=42 (full 0):
 garbage-first heap   total 133120K, used 82812K [0x0000000780000000, 0x0000000800000000)
  region size 1024K, 76 young (77824K), 1 survivors (1024K)
 Metaspace       used 9526K, committed 9728K, reserved 1114112K
  class space    used 1009K, committed 1088K, reserved 1048576K
}
Event: 3750.608 GC heap after
{Heap after GC invocations=43 (full 0):
 garbage-first heap   total 133120K, used 6141K [0x0000000780000000, 0x0000000800000000)
  region size 1024K, 1 young (1024K), 1 survivors (1024K)
 Metaspace       used 9526K, committed 9728K, reserved 1114112K
  class space    used 1009K, committed 1088K, reserved 1048576K
}
Event: 3837.791 GC heap before
{Heap before GC invocations=43 (full 0):
 garbage-first heap   total 133120K, used 82941K [0x0000000780000000, 0x0000000800000000)
  region size 1024K, 76 young (77824K), 1 survivors (1024K)
 Metaspace       used 9526K, committed 9728K, reserved 1114112K
  class space    used 1009K, committed 1088K, reserved 1048576K
}
Event: 3837.798 GC heap after
{Heap after GC invocations=44 (full 0):
 garbage-first heap   total 133120K, used 6163K [0x0000000780000000, 0x0000000800000000)
  region size 1024K, 1 young (1024K), 1 survivors (1024K)
 Metaspace       used 9526K, committed 9728K, reserved 1114112K
  class space    used 1009K, committed 1088K, reserved 1048576K
}
Event: 3921.888 GC heap before
{Heap before GC invocations=44 (full 0):
 garbage-first heap   total 133120K, used 82963K [0x0000000780000000, 0x0000000800000000)
  region size 1024K, 76 young (77824K), 1 survivors (1024K)
 Metaspace       used 9526K, committed 9728K, reserved 1114112K
  class space    used 1009K, committed 1088K, reserved 1048576K
}
Event: 3921.893 GC heap after
{Heap after GC invocations=45 (full 0):
 garbage-first heap   total 133120K, used 6092K [0x0000000780000000, 0x0000000800000000)
  region size 1024K, 1 young (1024K), 1 survivors (1024K)
 Metaspace       used 9526K, committed 9728K, reserved 1114112K
  class space    used 1009K, committed 1088K, reserved 1048576K
}
Event: 4006.303 GC heap before
{Heap before GC invocations=45 (full 0):
 garbage-first heap   total 133120K, used 82892K [0x0000000780000000, 0x0000000800000000)
  region size 1024K, 76 young (77824K), 1 survivors (1024K)
 Metaspace       used 9526K, committed 9728K, reserved 1114112K
  class space    used 1009K, committed 1088K, reserved 1048576K
}
Event: 4006.305 GC heap after
{Heap after GC invocations=46 (full 0):
 garbage-first heap   total 133120K, used 6078K [0x0000000780000000, 0x0000000800000000)
  region size 1024K, 1 young (1024K), 1 survivors (1024K)
 Metaspace       used 9526K, committed 9728K, reserved 1114112K
  class space    used 1009K, committed 1088K, reserved 1048576K
}
Event: 4089.169 GC heap before
{Heap before GC invocations=46 (full 0):
 garbage-first heap   total 133120K, used 82878K [0x0000000780000000, 0x0000000800000000)
  region size 1024K, 76 young (77824K), 1 survivors (1024K)
 Metaspace       used 9526K, committed 9728K, reserved 1114112K
  class space    used 1009K, committed 1088K, reserved 1048576K
}
Event: 4089.177 GC heap after
{Heap after GC invocations=47 (full 0):
 garbage-first heap   total 133120K, used 6015K [0x0000000780000000, 0x0000000800000000)
  region size 1024K, 1 young (1024K), 1 survivors (1024K)
 Metaspace       used 9526K, committed 9728K, reserved 1114112K
  class space    used 1009K, committed 1088K, reserved 1048576K
}
Event: 4171.860 GC heap before
{Heap before GC invocations=47 (full 0):
 garbage-first heap   total 133120K, used 82815K [0x0000000780000000, 0x0000000800000000)
  region size 1024K, 76 young (77824K), 1 survivors (1024K)
 Metaspace       used 9526K, committed 9728K, reserved 1114112K
  class space    used 1009K, committed 1088K, reserved 1048576K
}
Event: 4171.866 GC heap after
{Heap after GC invocations=48 (full 0):
 garbage-first heap   total 133120K, used 6087K [0x0000000780000000, 0x0000000800000000)
  region size 1024K, 1 young (1024K), 1 survivors (1024K)
 Metaspace       used 9526K, committed 9728K, reserved 1114112K
  class space    used 1009K, committed 1088K, reserved 1048576K
}
Event: 4255.068 GC heap before
{Heap before GC invocations=48 (full 0):
 garbage-first heap   total 133120K, used 82887K [0x0000000780000000, 0x0000000800000000)
  region size 1024K, 76 young (77824K), 1 survivors (1024K)
 Metaspace       used 9526K, committed 9728K, reserved 1114112K
  class space    used 1009K, committed 1088K, reserved 1048576K
}
Event: 4255.077 GC heap after
{Heap after GC invocations=49 (full 0):
 garbage-first heap   total 133120K, used 6096K [0x0000000780000000, 0x0000000800000000)
  region size 1024K, 1 young (1024K), 1 survivors (1024K)
 Metaspace       used 9526K, committed 9728K, reserved 1114112K
  class space    used 1009K, committed 1088K, reserved 1048576K
}
Event: 4339.396 GC heap before
{Heap before GC invocations=49 (full 0):
 garbage-first heap   total 133120K, used 82896K [0x0000000780000000, 0x0000000800000000)
  region size 1024K, 76 young (77824K), 1 survivors (1024K)
 Metaspace       used 9526K, committed 9728K, reserved 1114112K
  class space    used 1009K, committed 1088K, reserved 1048576K
}
Event: 4339.404 GC heap after
{Heap after GC invocations=50 (full 0):
 garbage-first heap   total 133120K, used 6101K [0x0000000780000000, 0x0000000800000000)
  region size 1024K, 1 young (1024K), 1 survivors (1024K)
 Metaspace       used 9526K, committed 9728K, reserved 1114112K
  class space    used 1009K, committed 1088K, reserved 1048576K
}
Event: 4423.353 GC heap before
{Heap before GC invocations=50 (full 0):
 garbage-first heap   total 133120K, used 82901K [0x0000000780000000, 0x0000000800000000)
  region size 1024K, 76 young (77824K), 1 survivors (1024K)
 Metaspace       used 9526K, committed 9728K, reserved 1114112K
  class space    used 1009K, committed 1088K, reserved 1048576K
}
Event: 4423.356 GC heap after
{Heap after GC invocations=51 (full 0):
 garbage-first heap   total 133120K, used 6106K [0x0000000780000000, 0x0000000800000000)
  region size 1024K, 1 young (1024K), 1 survivors (1024K)
 Metaspace       used 9526K, committed 9728K, reserved 1114112K
  class space    used 1009K, committed 1088K, reserved 1048576K
}

Dll operation events (8 events):
Event: 0.013 Loaded shared library /opt/homebrew/Cellar/openjdk/21/libexec/openjdk.jdk/Contents/Home/lib/libjava.dylib
Event: 0.094 Loaded shared library /opt/homebrew/Cellar/openjdk/21/libexec/openjdk.jdk/Contents/Home/lib/libnio.dylib
Event: 0.097 Loaded shared library /opt/homebrew/Cellar/openjdk/21/libexec/openjdk.jdk/Contents/Home/lib/libzip.dylib
Event: 0.116 Loaded shared library /opt/homebrew/Cellar/openjdk/21/libexec/openjdk.jdk/Contents/Home/lib/libjimage.dylib
Event: 0.134 Loaded shared library /opt/homebrew/Cellar/openjdk/21/libexec/openjdk.jdk/Contents/Home/lib/libawt.dylib
Event: 0.150 Loaded shared library /opt/homebrew/Cellar/openjdk/21/libexec/openjdk.jdk/Contents/Home/lib/libawt_lwawt.dylib
Event: 0.195 Loaded shared library /opt/homebrew/Cellar/openjdk/21/libexec/openjdk.jdk/Contents/Home/lib/libfontmanager.dylib
Event: 0.424 Loaded shared library /opt/homebrew/Cellar/openjdk/21/libexec/openjdk.jdk/Contents/Home/lib/libosxui.dylib

Deoptimization events (20 events):
Event: 3170.522 Thread 0x00000001359f6400 DEOPT PACKING pc=0x000000010d0547b8 sp=0x00000001705527d0
Event: 3170.522 Thread 0x00000001359f6400 DEOPT UNPACKING pc=0x0000000114286e7c sp=0x00000001705524f0 mode 0
Event: 3184.620 Thread 0x0000000135808800 DEOPT PACKING pc=0x000000010d0553b4 sp=0x000000016d91aae0
Event: 3184.620 Thread 0x0000000135808800 DEOPT UNPACKING pc=0x0000000114286e7c sp=0x000000016d91a7d0 mode 0
Event: 3666.869 Thread 0x00000001359f6400 Uncommon trap: trap_request=0xffffff45 fr.pc=0x00000001149e7530 relative=0x00000000000008b0
Event: 3666.869 Thread 0x00000001359f6400 Uncommon trap: reason=unstable_if action=reinterpret pc=0x00000001149e7530 method=java.awt.Rectangle.inside(II)Z @ 41 c2
Event: 3666.870 Thread 0x00000001359f6400 DEOPT PACKING pc=0x00000001149e7530 sp=0x0000000170551d40
Event: 3666.870 Thread 0x00000001359f6400 DEOPT UNPACKING pc=0x000000011428701c sp=0x0000000170551b40 mode 2
Event: 3666.870 Thread 0x00000001359f6400 Uncommon trap: trap_request=0xffffff45 fr.pc=0x00000001149de210 relative=0x0000000000002090
Event: 3666.870 Thread 0x00000001359f6400 Uncommon trap: reason=unstable_if action=reinterpret pc=0x00000001149de210 method=java.awt.Rectangle.inside(II)Z @ 41 c2
Event: 3666.870 Thread 0x00000001359f6400 DEOPT PACKING pc=0x00000001149de210 sp=0x0000000170551d90
Event: 3666.870 Thread 0x00000001359f6400 DEOPT UNPACKING pc=0x000000011428701c sp=0x0000000170551b30 mode 2
Event: 3666.897 Thread 0x00000001359f6400 Uncommon trap: trap_request=0xffffff45 fr.pc=0x00000001149d9624 relative=0x00000000000000e4
Event: 3666.897 Thread 0x00000001359f6400 Uncommon trap: reason=unstable_if action=reinterpret pc=0x00000001149d9624 method=java.awt.Rectangle.inside(II)Z @ 41 c2
Event: 3666.897 Thread 0x00000001359f6400 DEOPT PACKING pc=0x00000001149d9624 sp=0x0000000170551c20
Event: 3666.897 Thread 0x00000001359f6400 DEOPT UNPACKING pc=0x000000011428701c sp=0x0000000170551b80 mode 2
Event: 3666.897 Thread 0x00000001359f6400 Uncommon trap: trap_request=0xffffff45 fr.pc=0x00000001149e37c4 relative=0x0000000000001684
Event: 3666.897 Thread 0x00000001359f6400 Uncommon trap: reason=unstable_if action=reinterpret pc=0x00000001149e37c4 method=java.awt.Rectangle.inside(II)Z @ 41 c2
Event: 3666.897 Thread 0x00000001359f6400 DEOPT PACKING pc=0x00000001149e37c4 sp=0x0000000170551cf0
Event: 3666.898 Thread 0x00000001359f6400 DEOPT UNPACKING pc=0x000000011428701c sp=0x0000000170551b10 mode 2

Classes loaded (20 events):
Event: 3030.150 Loading class sun/java2d/marlin/MergeSort
Event: 3030.151 Loading class sun/java2d/marlin/MergeSort done
Event: 3030.151 Loading class sun/java2d/marlin/MarlinUtils
Event: 3030.151 Loading class sun/java2d/marlin/MarlinUtils done
Event: 3030.151 Loading class sun/java2d/marlin/DPQSSorterContext
Event: 3030.151 Loading class sun/java2d/marlin/DPQSSorterContext done
Event: 3030.151 Loading class java/awt/geom/ArcIterator
Event: 3030.151 Loading class java/awt/geom/ArcIterator done
Event: 3030.151 Loading class sun/java2d/marlin/Helpers
Event: 3030.151 Loading class sun/java2d/marlin/Helpers done
Event: 3030.152 Loading class java/lang/FdLibm$Cbrt
Event: 3030.152 Loading class java/lang/FdLibm$Cbrt done
Event: 3030.152 Loading class java/lang/FdLibm
Event: 3030.153 Loading class java/lang/FdLibm done
Event: 3030.155 Loading class java/awt/geom/Ellipse2D$Float
Event: 3030.156 Loading class java/awt/geom/Ellipse2D
Event: 3030.156 Loading class java/awt/geom/Ellipse2D done
Event: 3030.156 Loading class java/awt/geom/Ellipse2D$Float done
Event: 3030.156 Loading class java/awt/geom/EllipseIterator
Event: 3030.156 Loading class java/awt/geom/EllipseIterator done

Classes unloaded (0 events):
No events

Classes redefined (0 events):
No events

Internal exceptions (20 events):
Event: 0.456 Thread 0x0000000135808800 Exception <a 'java/lang/ClassNotFoundException'{0x0000000787c44190}: com/sun/swing/internal/plaf/basic/resources/spi/basicProvider> (0x0000000787c44190) 
thrown [src/hotspot/share/classfile/systemDictionary.cpp, line 312]
Event: 0.464 Thread 0x0000000135808800 Exception <a 'java/lang/NoSuchMethodError'{0x0000000787c66d00}: 'int java.lang.invoke.Invokers$Holder.invokeExact_MT(java.lang.Object, java.lang.Object)'> (0x0000000787c66d00) 
thrown [src/hotspot/share/interpreter/linkResolver.cpp, line 773]
Event: 0.470 Thread 0x0000000135808800 Exception <a 'java/lang/NoSuchMethodError'{0x0000000787c7e330}: 'void java.lang.invoke.Invokers$Holder.invokeExact_MT(java.lang.Object, java.lang.Object, java.lang.Object, java.lang.Object)'> (0x0000000787c7e330) 
thrown [src/hotspot/share/interpreter/linkResolver.cpp, line 773]
Event: 0.473 Thread 0x0000000135808800 Exception <a 'java/lang/NoSuchMethodError'{0x0000000787c89ab0}: 'java.lang.Object java.lang.invoke.DirectMethodHandle$Holder.newInvokeSpecial(java.lang.Object, java.lang.Object, java.lang.Object, int, java.lang.Object)'> (0x0000000787c89ab0) 
thrown [src/hotspot/share/interpreter/linkResolver.cpp, line 773]
Event: 0.473 Thread 0x0000000135808800 Exception <a 'java/lang/NoSuchMethodError'{0x0000000787c90ea8}: 'java.lang.Object java.lang.invoke.Invokers$Holder.linkToTargetMethod(java.lang.Object, java.lang.Object, int, java.lang.Object, java.lang.Object)'> (0x0000000787c90ea8) 
thrown [src/hotspot/share/interpreter/linkResolver.cpp, line 773]
Event: 0.499 Thread 0x0000000135808800 Exception <a 'java/lang/NoSuchMethodError'{0x0000000787c94f18}: 'void java.lang.invoke.DirectMethodHandle$Holder.invokeStatic(java.lang.Object, int, long)'> (0x0000000787c94f18) 
thrown [src/hotspot/share/interpreter/linkResolver.cpp, line 773]
Event: 0.502 Thread 0x00000001359f6400 Exception <a 'java/lang/NoSuchMethodError'{0x0000000787ced5b0}: 'void java.lang.invoke.DirectMethodHandle$Holder.invokeStatic(java.lang.Object, long)'> (0x0000000787ced5b0) 
thrown [src/hotspot/share/interpreter/linkResolver.cpp, line 773]
Event: 0.512 Thread 0x0000000135808800 Exception <a 'java/lang/NoSuchMethodError'{0x0000000787cb9ab0}: 'java.lang.Object java.lang.invoke.Invokers$Holder.linkToTargetMethod(int, int, int, int, java.lang.Object)'> (0x0000000787cb9ab0) 
thrown [src/hotspot/share/interpreter/linkResolver.cpp, line 773]
Event: 0.513 Thread 0x0000000135808800 Exception <a 'java/lang/NoSuchMethodError'{0x0000000787cbd0e0}: 'void java.lang.invoke.DirectMethodHandle$Holder.invokeStatic(java.lang.Object, java.lang.Object, long)'> (0x0000000787cbd0e0) 
thrown [src/hotspot/share/interpreter/linkResolver.cpp, line 773]
Event: 0.522 Thread 0x0000000136014000 Exception <a 'java/lang/NoSuchMethodError'{0x0000000787b26f28}: 'void java.lang.invoke.DirectMethodHandle$Holder.invokeSpecial(java.lang.Object, java.lang.Object, long)'> (0x0000000787b26f28) 
thrown [src/hotspot/share/interpreter/linkResolver.cpp, line 773]
Event: 0.552 Thread 0x0000000135808800 Exception <a 'java/lang/NoSuchMethodError'{0x0000000787bc6ff8}: 'java.lang.Object java.lang.invoke.DirectMethodHandle$Holder.invokeSpecial(java.lang.Object, java.lang.Object, double, double)'> (0x0000000787bc6ff8) 
thrown [src/hotspot/share/interpreter/linkResolver.cpp, line 773]
Event: 0.554 Thread 0x0000000135808800 Exception <a 'java/lang/NoSuchMethodError'{0x0000000787bdc4b0}: 'java.lang.Object java.lang.invoke.DirectMethodHandle$Holder.newInvokeSpecial(java.lang.Object, java.lang.Object, int, int)'> (0x0000000787bdc4b0) 
thrown [src/hotspot/share/interpreter/linkResolver.cpp, line 773]
Event: 0.567 Thread 0x0000000135808800 Exception <a 'java/lang/NoSuchMethodError'{0x0000000787a053a8}: 'void java.lang.invoke.DirectMethodHandle$Holder.invokeSpecial(java.lang.Object, java.lang.Object, java.lang.Object, long)'> (0x0000000787a053a8) 
thrown [src/hotspot/share/interpreter/linkResolver.cpp, line 773]
Event: 0.571 Thread 0x0000000135808800 Exception <a 'java/lang/NoSuchMethodError'{0x0000000787a26f80}: 'void java.lang.invoke.DirectMethodHandle$Holder.invokeStatic(java.lang.Object, long, long)'> (0x0000000787a26f80) 
thrown [src/hotspot/share/interpreter/linkResolver.cpp, line 773]
Event: 0.572 Thread 0x0000000135808800 Exception <a 'java/lang/NoSuchMethodError'{0x0000000787a2bfe0}: 'java.lang.Object java.lang.invoke.DirectMethodHandle$Holder.newInvokeSpecial(java.lang.Object, long)'> (0x0000000787a2bfe0) 
thrown [src/hotspot/share/interpreter/linkResolver.cpp, line 773]
Event: 1.033 Thread 0x0000000135808800 Exception <a 'java/lang/NoSuchMethodError'{0x0000000787adedb8}: 'java.lang.Object java.lang.invoke.DirectMethodHandle$Holder.newInvokeSpecial(java.lang.Object, java.lang.Object, int)'> (0x0000000787adedb8) 
thrown [src/hotspot/share/interpreter/linkResolver.cpp, line 773]
Event: 84.369 Thread 0x00000001359f6400 Implicit null exception at 0x000000011488e67c to 0x000000011488f2fc
Event: 84.369 Thread 0x00000001359f6400 Implicit null exception at 0x00000001148a5550 to 0x00000001148a58c8
Event: 153.373 Thread 0x00000001359f6400 Implicit null exception at 0x0000000114820b0c to 0x00000001148227a8
Event: 598.772 Thread 0x00000001359f6400 Implicit null exception at 0x0000000114910df8 to 0x0000000114912744

ZGC Phase Switch (0 events):
No events

VM Operations (20 events):
Event: 4147.872 Executing VM operation: HandshakeAllThreads (HandshakeForDeflation)
Event: 4147.873 Executing VM operation: HandshakeAllThreads (HandshakeForDeflation) done
Event: 4147.873 Executing VM operation: RendezvousGCThreads
Event: 4147.873 Executing VM operation: RendezvousGCThreads done
Event: 4171.859 Executing VM operation: G1CollectForAllocation (G1 Evacuation Pause)
Event: 4171.866 Executing VM operation: G1CollectForAllocation (G1 Evacuation Pause) done
Event: 4255.065 Executing VM operation: G1CollectForAllocation (G1 Evacuation Pause)
Event: 4255.077 Executing VM operation: G1CollectForAllocation (G1 Evacuation Pause) done
Event: 4267.940 Executing VM operation: HandshakeAllThreads (HandshakeForDeflation)
Event: 4267.941 Executing VM operation: HandshakeAllThreads (HandshakeForDeflation) done
Event: 4267.941 Executing VM operation: RendezvousGCThreads
Event: 4267.941 Executing VM operation: RendezvousGCThreads done
Event: 4328.053 Executing VM operation: HandshakeAllThreads (HandshakeForDeflation)
Event: 4328.054 Executing VM operation: HandshakeAllThreads (HandshakeForDeflation) done
Event: 4328.054 Executing VM operation: RendezvousGCThreads
Event: 4328.054 Executing VM operation: RendezvousGCThreads done
Event: 4339.396 Executing VM operation: G1CollectForAllocation (G1 Evacuation Pause)
Event: 4339.404 Executing VM operation: G1CollectForAllocation (G1 Evacuation Pause) done
Event: 4423.352 Executing VM operation: G1CollectForAllocation (G1 Evacuation Pause)
Event: 4423.356 Executing VM operation: G1CollectForAllocation (G1 Evacuation Pause) done

Events (20 events):
Event: 0.086 Thread 0x00000001358ace00 Thread added: 0x00000001358ace00
Event: 0.086 Protecting memory [0x000000016f14c000,0x000000016f158000] with protection modes 0
Event: 0.086 Thread 0x00000001358ad600 Thread added: 0x00000001358ad600
Event: 0.086 Protecting memory [0x000000016f358000,0x000000016f364000] with protection modes 0
Event: 0.086 Thread 0x00000001358ade00 Thread added: 0x00000001358ade00
Event: 0.086 Protecting memory [0x000000016f564000,0x000000016f570000] with protection modes 0
Event: 0.088 Thread 0x00000001358a9400 Thread added: 0x00000001358a9400
Event: 0.088 Protecting memory [0x000000016f770000,0x000000016f77c000] with protection modes 0
Event: 0.090 Thread 0x000000013589d400 Thread added: 0x000000013589d400
Event: 0.090 Protecting memory [0x000000016f97c000,0x000000016f988000] with protection modes 0
Event: 0.200 Protecting memory [0x000000016ce90000,0x000000016ce9c000] with protection modes 0
Event: 0.200 Thread 0x0000000136014000 Thread added: 0x0000000136014000
Event: 0.245 Thread 0x000000013595fa00 Thread added: 0x000000013595fa00
Event: 0.245 Protecting memory [0x000000016fb88000,0x000000016fb94000] with protection modes 0
Event: 0.401 Thread 0x00000001359a9200 Thread added: 0x00000001359a9200
Event: 0.401 Protecting memory [0x000000016ff38000,0x000000016ff44000] with protection modes 0
Event: 0.406 Thread 0x00000001359bde00 Thread added: 0x00000001359bde00
Event: 0.406 Protecting memory [0x0000000170144000,0x0000000170150000] with protection modes 0
Event: 0.501 Thread 0x00000001359f6400 Thread added: 0x00000001359f6400
Event: 0.501 Protecting memory [0x0000000170350000,0x000000017035c000] with protection modes 0


Dynamic libraries:
0x00000001027f0000 	/opt/homebrew/Cellar/openjdk/21/libexec/openjdk.jdk/Contents/Home/lib/libjli.dylib
0x0000000197538000 	/usr/lib/libz.1.dylib
0x00000001975f2000 	/usr/lib/libSystem.B.dylib
0x00000001975ec000 	/usr/lib/system/libcache.dylib
0x00000001975a8000 	/usr/lib/system/libcommonCrypto.dylib
0x00000001975d3000 	/usr/lib/system/libcompiler_rt.dylib
0x00000001975c9000 	/usr/lib/system/libcopyfile.dylib
0x000000018b9f5000 	/usr/lib/system/libcorecrypto.dylib
0x000000018baac000 	/usr/lib/system/libdispatch.dylib
0x000000018bc66000 	/usr/lib/system/libdyld.dylib
0x00000001975e2000 	/usr/lib/system/libkeymgr.dylib
0x0000000197582000 	/usr/lib/system/libmacho.dylib
0x0000000196b87000 	/usr/lib/system/libquarantine.dylib
0x00000001975df000 	/usr/lib/system/libremovefile.dylib
0x0000000190914000 	/usr/lib/system/libsystem_asl.dylib
0x000000018b991000 	/usr/lib/system/libsystem_blocks.dylib
0x000000018baf7000 	/usr/lib/system/libsystem_c.dylib
0x00000001975d7000 	/usr/lib/system/libsystem_collections.dylib
0x0000000195fc6000 	/usr/lib/system/libsystem_configuration.dylib
0x000000019505c000 	/usr/lib/system/libsystem_containermanager.dylib
0x0000000197276000 	/usr/lib/system/libsystem_coreservices.dylib
0x000000018ea5b000 	/usr/lib/system/libsystem_darwin.dylib
0x00000001975e3000 	/usr/lib/system/libsystem_dnssd.dylib
0x000000018baf4000 	/usr/lib/system/libsystem_featureflags.dylib
0x000000018bc92000 	/usr/lib/system/libsystem_info.dylib
0x000000019754a000 	/usr/lib/system/libsystem_m.dylib
0x000000018ba80000 	/usr/lib/system/libsystem_malloc.dylib
0x0000000190892000 	/usr/lib/system/libsystem_networkextension.dylib
0x000000018eec5000 	/usr/lib/system/libsystem_notify.dylib
0x0000000195fcb000 	/usr/lib/system/libsystem_sandbox.dylib
0x00000001975dc000 	/usr/lib/system/libsystem_secinit.dylib
0x000000018bc1f000 	/usr/lib/system/libsystem_kernel.dylib
0x000000018bc8b000 	/usr/lib/system/libsystem_platform.dylib
0x000000018bc59000 	/usr/lib/system/libsystem_pthread.dylib
0x00000001920dc000 	/usr/lib/system/libsystem_symptoms.dylib
0x000000018b9da000 	/usr/lib/system/libsystem_trace.dylib
0x00000001975b6000 	/usr/lib/system/libunwind.dylib
0x000000018b996000 	/usr/lib/system/libxpc.dylib
0x000000018bc03000 	/usr/lib/libc++abi.dylib
0x000000018b8bc000 	/usr/lib/libobjc.A.dylib
0x00000001975c1000 	/usr/lib/liboah.dylib
0x000000018bb76000 	/usr/lib/libc++.1.dylib
0x00000001a424e000 	/System/Library/Frameworks/Cocoa.framework/Versions/A/Cocoa
0x000000018ef2a000 	/System/Library/Frameworks/AppKit.framework/Versions/C/AppKit
0x000000019192c000 	/System/Library/Frameworks/CoreData.framework/Versions/A/CoreData
0x000000018cc59000 	/System/Library/Frameworks/Foundation.framework/Versions/C/Foundation
0x000000018fe3a000 	/System/Library/PrivateFrameworks/UIFoundation.framework/Versions/A/UIFoundation
0x00000001fa846000 	/System/Library/PrivateFrameworks/CollectionViewCore.framework/Versions/A/CollectionViewCore
0x000000019e564000 	/System/Library/PrivateFrameworks/RemoteViewServices.framework/Versions/A/RemoteViewServices
0x00000001958aa000 	/System/Library/PrivateFrameworks/XCTTargetBootstrap.framework/Versions/A/XCTTargetBootstrap
0x000000019a001000 	/System/Library/PrivateFrameworks/InternationalSupport.framework/Versions/A/InternationalSupport
0x000000019a088000 	/System/Library/PrivateFrameworks/UserActivity.framework/Versions/A/UserActivity
0x000000021294c000 	/System/Library/PrivateFrameworks/WindowManagement.framework/Versions/A/WindowManagement
0x000000018c926000 	/System/Library/Frameworks/SystemConfiguration.framework/Versions/A/SystemConfiguration
0x00000001994e7000 	/usr/lib/libspindump.dylib
0x000000018ffe0000 	/System/Library/Frameworks/UniformTypeIdentifiers.framework/Versions/A/UniformTypeIdentifiers
0x00000001938b6000 	/usr/lib/libapp_launch_measurement.dylib
0x0000000192d68000 	/System/Library/PrivateFrameworks/CoreAnalytics.framework/Versions/A/CoreAnalytics
0x00000001938bd000 	/System/Library/PrivateFrameworks/CoreAutoLayout.framework/Versions/A/CoreAutoLayout
0x00000001950b0000 	/System/Library/Frameworks/Metal.framework/Versions/A/Metal
0x0000000195fd7000 	/usr/lib/liblangid.dylib
0x00000001958b0000 	/System/Library/PrivateFrameworks/CoreSVG.framework/Versions/A/CoreSVG
0x000000019094a000 	/System/Library/PrivateFrameworks/SkyLight.framework/Versions/A/SkyLight
0x0000000190d76000 	/System/Library/Frameworks/CoreGraphics.framework/Versions/A/CoreGraphics
0x000000019ec40000 	/System/Library/Frameworks/Accelerate.framework/Versions/A/Accelerate
0x0000000198f54000 	/System/Library/PrivateFrameworks/IconServices.framework/Versions/A/IconServices
0x000000019508e000 	/System/Library/Frameworks/IOSurface.framework/Versions/A/IOSurface
0x0000000192d96000 	/usr/lib/libDiagnosticMessagesClient.dylib
0x00000001a2064000 	/System/Library/Frameworks/ApplicationServices.framework/Versions/A/ApplicationServices
0x0000000195892000 	/System/Library/PrivateFrameworks/DFRFoundation.framework/Versions/A/DFRFoundation
0x000000018e7a7000 	/usr/lib/libicucore.A.dylib
0x000000019af99000 	/System/Library/Frameworks/AudioToolbox.framework/Versions/A/AudioToolbox
0x000000019a00c000 	/System/Library/PrivateFrameworks/DataDetectorsCore.framework/Versions/A/DataDetectorsCore
0x00000001b184c000 	/System/Library/PrivateFrameworks/TextInput.framework/Versions/A/TextInput
0x00000001908ad000 	/usr/lib/libMobileGestalt.dylib
0x000000019555e000 	/System/Library/Frameworks/Carbon.framework/Versions/A/Frameworks/HIToolbox.framework/Versions/A/HIToolbox
0x0000000193225000 	/System/Library/Frameworks/QuartzCore.framework/Versions/A/QuartzCore
0x000000018e3f1000 	/System/Library/Frameworks/Security.framework/Versions/A/Security
0x000000019e5a4000 	/System/Library/Frameworks/Carbon.framework/Versions/A/Frameworks/SpeechRecognition.framework/Versions/A/SpeechRecognition
0x00000001935f5000 	/System/Library/PrivateFrameworks/CoreUI.framework/Versions/A/CoreUI
0x000000018dd5d000 	/System/Library/Frameworks/CoreAudio.framework/Versions/A/CoreAudio
0x0000000192e73000 	/System/Library/Frameworks/DiskArbitration.framework/Versions/A/DiskArbitration
0x0000000199928000 	/System/Library/PrivateFrameworks/MultitouchSupport.framework/Versions/A/MultitouchSupport
0x00000001908ab000 	/usr/lib/libenergytrace.dylib
0x000000018edea000 	/System/Library/Frameworks/IOKit.framework/Versions/A/IOKit
0x000000019e98f000 	/System/Library/Frameworks/CoreServices.framework/Versions/A/CoreServices
0x0000000193843000 	/System/Library/PrivateFrameworks/PerformanceAnalysis.framework/Versions/A/PerformanceAnalysis
0x00000001f085c000 	/System/Library/Frameworks/OpenGL.framework/Versions/A/OpenGL
0x0000000193907000 	/usr/lib/libxml2.2.dylib
0x0000000196a8f000 	/System/Library/PrivateFrameworks/MobileKeyBag.framework/Versions/A/MobileKeyBag
0x00000001913bd000 	/System/Library/Frameworks/ColorSync.framework/Versions/A/ColorSync
0x000000018bcbf000 	/System/Library/Frameworks/CoreFoundation.framework/Versions/A/CoreFoundation
0x0000000195bec000 	/System/Library/Frameworks/CoreImage.framework/Versions/A/CoreImage
0x000000018db7a000 	/System/Library/Frameworks/CoreText.framework/Versions/A/CoreText
0x00000001958e8000 	/System/Library/Frameworks/ImageIO.framework/Versions/A/ImageIO
0x00000001975f8000 	/System/Library/PrivateFrameworks/SoftLinking.framework/Versions/A/SoftLinking
0x000000019788e000 	/usr/lib/libcompression.dylib
0x0000000199f5c000 	/System/Library/PrivateFrameworks/TextureIO.framework/Versions/A/TextureIO
0x0000000198c21000 	/usr/lib/libate.dylib
0x0000000198ada000 	/usr/lib/liblzma.5.dylib
0x00000001975f4000 	/usr/lib/libfakelink.dylib
0x00000001904cf000 	/System/Library/Frameworks/CFNetwork.framework/Versions/A/CFNetwork
0x0000000197732000 	/usr/lib/libarchive.2.dylib
0x000000019c8c8000 	/System/Library/Frameworks/Combine.framework/Versions/A/Combine
0x000000019a978000 	/usr/lib/swift/libswiftCore.dylib
0x00000001ae8d4000 	/usr/lib/swift/libswiftCoreFoundation.dylib
0x00000001ac843000 	/usr/lib/swift/libswiftDarwin.dylib
0x000000019fedc000 	/usr/lib/swift/libswiftDispatch.dylib
0x00000001ae8f5000 	/usr/lib/swift/libswiftIOKit.dylib
0x00000001a249a000 	/usr/lib/swift/libswiftObjectiveC.dylib
0x00000001ae8e8000 	/usr/lib/swift/libswiftXPC.dylib
0x00000002193d5000 	/usr/lib/swift/libswift_Concurrency.dylib
0x0000000219523000 	/usr/lib/swift/libswift_StringProcessing.dylib
0x00000001a249e000 	/usr/lib/swift/libswiftos.dylib
0x000000018ed6e000 	/System/Library/PrivateFrameworks/CoreServicesInternal.framework/Versions/A/CoreServicesInternal
0x0000000196bae000 	/usr/lib/libbsm.0.dylib
0x0000000197588000 	/usr/lib/system/libkxld.dylib
0x000000019387f000 	/System/Library/Frameworks/CoreServices.framework/Versions/A/Frameworks/FSEvents.framework/Versions/A/FSEvents
0x000000018ea66000 	/System/Library/Frameworks/CoreServices.framework/Versions/A/Frameworks/CarbonCore.framework/Versions/A/CarbonCore
0x0000000192dda000 	/System/Library/Frameworks/CoreServices.framework/Versions/A/Frameworks/Metadata.framework/Versions/A/Metadata
0x000000019727c000 	/System/Library/Frameworks/CoreServices.framework/Versions/A/Frameworks/OSServices.framework/Versions/A/OSServices
0x00000001977ba000 	/System/Library/Frameworks/CoreServices.framework/Versions/A/Frameworks/SearchKit.framework/Versions/A/SearchKit
0x000000019205e000 	/System/Library/Frameworks/CoreServices.framework/Versions/A/Frameworks/AE.framework/Versions/A/AE
0x000000018c199000 	/System/Library/Frameworks/CoreServices.framework/Versions/A/Frameworks/LaunchServices.framework/Versions/A/LaunchServices
0x0000000198a83000 	/System/Library/Frameworks/CoreServices.framework/Versions/A/Frameworks/DictionaryServices.framework/Versions/A/DictionaryServices
0x000000019388c000 	/System/Library/Frameworks/CoreServices.framework/Versions/A/Frameworks/SharedFileList.framework/Versions/A/SharedFileList
0x0000000197858000 	/usr/lib/libapple_nghttp2.dylib
0x00000001904cb000 	/usr/lib/libnetwork.dylib
0x0000000191d0d000 	/usr/lib/libsqlite3.dylib
0x00000001920e5000 	/System/Library/Frameworks/Network.framework/Versions/A/Network
0x00000002184b4000 	/usr/lib/libCoreEntitlements.dylib
0x0000000204449000 	/System/Library/PrivateFrameworks/MessageSecurity.framework/Versions/A/MessageSecurity
0x0000000191cf3000 	/System/Library/PrivateFrameworks/ProtocolBuffer.framework/Versions/A/ProtocolBuffer
0x00000001971a4000 	/System/Library/PrivateFrameworks/AppleFSCompression.framework/Versions/A/AppleFSCompression
0x0000000196b96000 	/usr/lib/libcoretls.dylib
0x0000000198af3000 	/usr/lib/libcoretls_cfhelpers.dylib
0x0000000197888000 	/usr/lib/libpam.2.dylib
0x0000000198b5f000 	/usr/lib/libxar.1.dylib
0x0000000198f2e000 	/usr/lib/libheimdal-asn1.dylib
0x00000001975f9000 	/usr/lib/libpcap.A.dylib
0x00000001920d2000 	/usr/lib/libdns_services.dylib
0x0000000195fd3000 	/System/Library/PrivateFrameworks/AppleSystemInfo.framework/Versions/A/AppleSystemInfo
0x000000019688a000 	/System/Library/PrivateFrameworks/IOMobileFramebuffer.framework/Versions/A/IOMobileFramebuffer
0x0000000197269000 	/usr/lib/libbz2.1.0.dylib
0x0000000196b8a000 	/usr/lib/libCheckFix.dylib
0x000000019092c000 	/System/Library/PrivateFrameworks/TCC.framework/Versions/A/TCC
0x0000000195fd9000 	/System/Library/PrivateFrameworks/CoreNLP.framework/Versions/A/CoreNLP
0x0000000192d98000 	/System/Library/PrivateFrameworks/MetadataUtilities.framework/Versions/A/MetadataUtilities
0x0000000196bc0000 	/usr/lib/libmecab.dylib
0x000000018c9b0000 	/usr/lib/libCRFSuite.dylib
0x0000000196c1c000 	/usr/lib/libgermantok.dylib
0x0000000197831000 	/usr/lib/libThaiTokenizer.dylib
0x0000000192e7c000 	/System/Library/Frameworks/Accelerate.framework/Versions/A/Frameworks/vImage.framework/Versions/A/vImage
0x000000019e966000 	/System/Library/Frameworks/Accelerate.framework/Versions/A/Frameworks/vecLib.framework/Versions/A/vecLib
0x0000000198ba5000 	/System/Library/Frameworks/Accelerate.framework/Versions/A/Frameworks/vecLib.framework/Versions/A/libvMisc.dylib
0x0000000196789000 	/System/Library/Frameworks/Accelerate.framework/Versions/A/Frameworks/vecLib.framework/Versions/A/libvDSP.dylib
0x000000018c551000 	/System/Library/Frameworks/Accelerate.framework/Versions/A/Frameworks/vecLib.framework/Versions/A/libBLAS.dylib
0x0000000197963000 	/System/Library/Frameworks/Accelerate.framework/Versions/A/Frameworks/vecLib.framework/Versions/A/libLAPACK.dylib
0x0000000196c1f000 	/System/Library/Frameworks/Accelerate.framework/Versions/A/Frameworks/vecLib.framework/Versions/A/libLinearAlgebra.dylib
0x0000000197873000 	/System/Library/Frameworks/Accelerate.framework/Versions/A/Frameworks/vecLib.framework/Versions/A/libSparseBLAS.dylib
0x000000019795e000 	/System/Library/Frameworks/Accelerate.framework/Versions/A/Frameworks/vecLib.framework/Versions/A/libQuadrature.dylib
0x00000001960ce000 	/System/Library/Frameworks/Accelerate.framework/Versions/A/Frameworks/vecLib.framework/Versions/A/libBNNS.dylib
0x000000018c8be000 	/System/Library/Frameworks/Accelerate.framework/Versions/A/Frameworks/vecLib.framework/Versions/A/libSparse.dylib
0x0000000203677000 	/System/Library/PrivateFrameworks/MIL.framework/Versions/A/MIL
0x000000019762e000 	/usr/lib/libiconv.2.dylib
0x0000000197581000 	/usr/lib/libcharset.1.dylib
0x000000019385f000 	/System/Library/Frameworks/OpenDirectory.framework/Versions/A/Frameworks/CFOpenDirectory.framework/Versions/A/CFOpenDirectory
0x000000019384f000 	/System/Library/Frameworks/OpenDirectory.framework/Versions/A/OpenDirectory
0x0000000198af5000 	/System/Library/PrivateFrameworks/APFS.framework/Versions/A/APFS
0x0000000196ac5000 	/System/Library/Frameworks/SecurityFoundation.framework/Versions/A/SecurityFoundation
0x0000000198b6e000 	/usr/lib/libutil.dylib
0x00000002024cb000 	/System/Library/PrivateFrameworks/InstalledContentLibrary.framework/Versions/A/InstalledContentLibrary
0x000000018edad000 	/System/Library/PrivateFrameworks/CoreServicesStore.framework/Versions/A/CoreServicesStore
0x00000001f91eb000 	/System/Library/PrivateFrameworks/AppleMobileFileIntegrity.framework/Versions/A/AppleMobileFileIntegrity
0x00000001ae8b4000 	/usr/lib/libmis.dylib
0x00000001bcaa5000 	/System/Library/PrivateFrameworks/MobileSystemServices.framework/Versions/A/MobileSystemServices
0x00000001d8005000 	/System/Library/PrivateFrameworks/ConfigProfileHelper.framework/Versions/A/ConfigProfileHelper
0x0000000197833000 	/System/Library/PrivateFrameworks/AppleSauce.framework/Versions/A/AppleSauce
0x000000018d61f000 	/System/Library/PrivateFrameworks/LanguageModeling.framework/Versions/A/LanguageModeling
0x0000000198b72000 	/usr/lib/libxslt.1.dylib
0x0000000197720000 	/usr/lib/libcmph.dylib
0x0000000196877000 	/System/Library/PrivateFrameworks/CoreEmoji.framework/Versions/A/CoreEmoji
0x00000001960c8000 	/System/Library/PrivateFrameworks/LinguisticData.framework/Versions/A/LinguisticData
0x000000018c876000 	/System/Library/PrivateFrameworks/Lexicon.framework/Versions/A/Lexicon
0x0000000196b57000 	/System/Library/PrivateFrameworks/BackgroundTaskManagement.framework/Versions/A/BackgroundTaskManagement
0x0000000218657000 	/usr/lib/libTLE.dylib
0x0000000219473000 	/usr/lib/swift/libswift_RegexParser.dylib
0x00000001997ed000 	/System/Library/PrivateFrameworks/AppleJPEG.framework/Versions/A/AppleJPEG
0x0000000198f13000 	/usr/lib/libexpat.1.dylib
0x0000000199dbf000 	/System/Library/Frameworks/ImageIO.framework/Versions/A/Resources/libPng.dylib
0x0000000199dea000 	/System/Library/Frameworks/ImageIO.framework/Versions/A/Resources/libTIFF.dylib
0x0000000199ed2000 	/System/Library/Frameworks/ImageIO.framework/Versions/A/Resources/libGIF.dylib
0x0000000199833000 	/System/Library/Frameworks/ImageIO.framework/Versions/A/Resources/libJP2.dylib
0x0000000199e77000 	/System/Library/Frameworks/ImageIO.framework/Versions/A/Resources/libJPEG.dylib
0x0000000199e6e000 	/System/Library/Frameworks/ImageIO.framework/Versions/A/Resources/libRadiance.dylib
0x00000001953eb000 	/System/Library/PrivateFrameworks/FontServices.framework/libFontParser.dylib
0x0000000191fff000 	/System/Library/PrivateFrameworks/RunningBoardServices.framework/Versions/A/RunningBoardServices
0x00000001a49f9000 	/System/Library/PrivateFrameworks/IOSurfaceAccelerator.framework/Versions/A/IOSurfaceAccelerator
0x0000000199924000 	/System/Library/PrivateFrameworks/WatchdogClient.framework/Versions/A/WatchdogClient
0x000000018d79b000 	/System/Library/Frameworks/CoreDisplay.framework/Versions/A/CoreDisplay
0x00000001952c2000 	/System/Library/Frameworks/CoreMedia.framework/Versions/A/CoreMedia
0x00000001950a6000 	/System/Library/PrivateFrameworks/IOAccelerator.framework/Versions/A/IOAccelerator
0x00000001939f0000 	/System/Library/Frameworks/CoreVideo.framework/Versions/A/CoreVideo
0x0000000197886000 	/System/Library/Frameworks/MetalPerformanceShaders.framework/Versions/A/MetalPerformanceShaders
0x0000000199965000 	/System/Library/Frameworks/VideoToolbox.framework/Versions/A/VideoToolbox
0x0000000191f3c000 	/System/Library/PrivateFrameworks/BaseBoard.framework/Versions/A/BaseBoard
0x0000000199e69000 	/System/Library/PrivateFrameworks/GPUWrangler.framework/Versions/A/GPUWrangler
0x0000000199e49000 	/System/Library/PrivateFrameworks/IOPresentment.framework/Versions/A/IOPresentment
0x0000000199e71000 	/System/Library/PrivateFrameworks/DSExternalDisplay.framework/Versions/A/DSExternalDisplay
0x00000001feae8000 	/System/Library/PrivateFrameworks/GPUCompiler.framework/Versions/31001/Libraries/libllvm-flatbuffers.dylib
0x00000001f084f000 	/System/Library/Frameworks/OpenGL.framework/Versions/A/Libraries/libCoreFSCache.dylib
0x00000001feae4000 	/System/Library/PrivateFrameworks/GPUCompiler.framework/Versions/31001/Libraries/libGPUCompilerUtils.dylib
0x0000000199ed8000 	/System/Library/PrivateFrameworks/CMCaptureCore.framework/Versions/A/CMCaptureCore
0x00000001f31e3000 	/System/Library/Frameworks/ExtensionFoundation.framework/Versions/A/ExtensionFoundation
0x00000001a069f000 	/System/Library/PrivateFrameworks/CoreTime.framework/Versions/A/CoreTime
0x00000001994d2000 	/System/Library/PrivateFrameworks/AppServerSupport.framework/Versions/A/AppServerSupport
0x000000019b87d000 	/System/Library/PrivateFrameworks/perfdata.framework/Versions/A/perfdata
0x000000018d8bb000 	/System/Library/PrivateFrameworks/AudioToolboxCore.framework/Versions/A/AudioToolboxCore
0x0000000195299000 	/System/Library/PrivateFrameworks/caulk.framework/Versions/A/caulk
0x000000019b134000 	/usr/lib/libAudioStatistics.dylib
0x00000001adcf2000 	/System/Library/PrivateFrameworks/SystemPolicy.framework/Versions/A/SystemPolicy
0x000000019b3d4000 	/usr/lib/libSMC.dylib
0x00000001a4117000 	/System/Library/Frameworks/CoreMIDI.framework/Versions/A/CoreMIDI
0x0000000199d8c000 	/usr/lib/libAudioToolboxUtility.dylib
0x00000001a996e000 	/System/Library/PrivateFrameworks/OSAServicesClient.framework/Versions/A/OSAServicesClient
0x000000019b88b000 	/usr/lib/libperfcheck.dylib
0x0000000198dfe000 	/System/Library/PrivateFrameworks/PlugInKit.framework/Versions/A/PlugInKit
0x0000000196ab7000 	/System/Library/PrivateFrameworks/AssertionServices.framework/Versions/A/AssertionServices
0x00000001f08b1000 	/System/Library/Frameworks/OpenGL.framework/Versions/A/Libraries/libGLU.dylib
0x00000001f0870000 	/System/Library/Frameworks/OpenGL.framework/Versions/A/Libraries/libGFXShared.dylib
0x00000001f0a4b000 	/System/Library/Frameworks/OpenGL.framework/Versions/A/Libraries/libGL.dylib
0x00000001f0879000 	/System/Library/Frameworks/OpenGL.framework/Versions/A/Libraries/libGLImage.dylib
0x00000001f086d000 	/System/Library/Frameworks/OpenGL.framework/Versions/A/Libraries/libCVMSPluginSupport.dylib
0x0000000218636000 	/usr/lib/libRosetta.dylib
0x00000001f0856000 	/System/Library/Frameworks/OpenGL.framework/Versions/A/Libraries/libCoreVMClient.dylib
0x0000000195f4a000 	/System/Library/Frameworks/MetalPerformanceShaders.framework/Versions/A/Frameworks/MPSCore.framework/Versions/A/MPSCore
0x000000019711a000 	/System/Library/Frameworks/MetalPerformanceShaders.framework/Versions/A/Frameworks/MPSImage.framework/Versions/A/MPSImage
0x0000000196c34000 	/System/Library/Frameworks/MetalPerformanceShaders.framework/Versions/A/Frameworks/MPSNeuralNetwork.framework/Versions/A/MPSNeuralNetwork
0x000000019701c000 	/System/Library/Frameworks/MetalPerformanceShaders.framework/Versions/A/Frameworks/MPSMatrix.framework/Versions/A/MPSMatrix
0x0000000196e2e000 	/System/Library/Frameworks/MetalPerformanceShaders.framework/Versions/A/Frameworks/MPSRayIntersector.framework/Versions/A/MPSRayIntersector
0x000000019704b000 	/System/Library/Frameworks/MetalPerformanceShaders.framework/Versions/A/Frameworks/MPSNDArray.framework/Versions/A/MPSNDArray
0x00000001f46b3000 	/System/Library/Frameworks/MetalPerformanceShaders.framework/Versions/A/Frameworks/MPSFunctions.framework/Versions/A/MPSFunctions
0x000000018c416000 	/System/Library/PrivateFrameworks/MetalTools.framework/Versions/A/MetalTools
0x0000000195fd1000 	/System/Library/PrivateFrameworks/AggregateDictionary.framework/Versions/A/AggregateDictionary
0x0000000198cb6000 	/usr/lib/libIOReport.dylib
0x00000001a3303000 	/System/Library/PrivateFrameworks/ASEProcessing.framework/Versions/A/ASEProcessing
0x00000002074d3000 	/System/Library/PrivateFrameworks/PhotosensitivityProcessing.framework/Versions/A/PhotosensitivityProcessing
0x0000000199070000 	/System/Library/PrivateFrameworks/GraphVisualizer.framework/Versions/A/GraphVisualizer
0x00000001fea05000 	/System/Library/PrivateFrameworks/FontServices.framework/Versions/A/FontServices
0x0000000199490000 	/System/Library/PrivateFrameworks/OTSVG.framework/Versions/A/OTSVG
0x00000001935a3000 	/System/Library/Frameworks/ApplicationServices.framework/Versions/A/Frameworks/ATS.framework/Versions/A/Resources/libFontRegistry.dylib
0x00000001994dc000 	/System/Library/PrivateFrameworks/FontServices.framework/libhvf.dylib
0x00000001fea06000 	/System/Library/PrivateFrameworks/FontServices.framework/libXTFontStaticRegistryData.dylib
0x00000001b9111000 	/usr/lib/swift/libswiftMetal.dylib
0x00000001b17b2000 	/usr/lib/swift/libswiftsimd.dylib
0x00000002114a4000 	/System/Library/PrivateFrameworks/VideoToolboxParavirtualizationSupport.framework/Versions/A/VideoToolboxParavirtualizationSupport
0x0000000198ec7000 	/System/Library/PrivateFrameworks/AppleVA.framework/Versions/A/AppleVA
0x000000019b174000 	/System/Library/Frameworks/ApplicationServices.framework/Versions/A/Frameworks/ATS.framework/Versions/A/ATS
0x00000001914af000 	/System/Library/Frameworks/ApplicationServices.framework/Versions/A/Frameworks/HIServices.framework/Versions/A/HIServices
0x0000000199ee4000 	/System/Library/Frameworks/ApplicationServices.framework/Versions/A/Frameworks/PrintCore.framework/Versions/A/PrintCore
0x000000019b52d000 	/System/Library/Frameworks/ApplicationServices.framework/Versions/A/Frameworks/QD.framework/Versions/A/QD
0x000000019b521000 	/System/Library/Frameworks/ApplicationServices.framework/Versions/A/Frameworks/ColorSyncLegacy.framework/Versions/A/ColorSyncLegacy
0x000000019b148000 	/System/Library/Frameworks/ApplicationServices.framework/Versions/A/Frameworks/SpeechSynthesis.framework/Versions/A/SpeechSynthesis
0x0000000199ea2000 	/System/Library/Frameworks/ApplicationServices.framework/Versions/A/Frameworks/ATSUI.framework/Versions/A/ATSUI
0x000000019b4b4000 	/usr/lib/libcups.2.dylib
0x000000019b899000 	/System/Library/Frameworks/Kerberos.framework/Versions/A/Kerberos
0x000000019b8aa000 	/System/Library/Frameworks/GSS.framework/Versions/A/GSS
0x000000019b1e6000 	/usr/lib/libresolv.9.dylib
0x00000001994ec000 	/System/Library/PrivateFrameworks/Heimdal.framework/Versions/A/Heimdal
0x00000001a241c000 	/System/Library/Frameworks/Kerberos.framework/Versions/A/Libraries/libHeimdalProxy.dylib
0x000000019b902000 	/System/Library/PrivateFrameworks/CommonAuth.framework/Versions/A/CommonAuth
0x00000001f23eb000 	/System/Library/Frameworks/AVFAudio.framework/Versions/A/AVFAudio
0x00000001a99bd000 	/System/Library/PrivateFrameworks/AXCoreUtilities.framework/Versions/A/AXCoreUtilities
0x000000019b0c0000 	/System/Library/PrivateFrameworks/AudioSession.framework/Versions/A/AudioSession
0x000000019c67a000 	/System/Library/Frameworks/IOBluetooth.framework/Versions/A/IOBluetooth
0x0000000198fc9000 	/System/Library/PrivateFrameworks/MediaExperience.framework/Versions/A/MediaExperience
0x000000019af5f000 	/System/Library/PrivateFrameworks/AudioSession.framework/libSessionUtility.dylib
0x000000019b539000 	/System/Library/PrivateFrameworks/AudioResourceArbitration.framework/Versions/A/AudioResourceArbitration
0x000000019f5a2000 	/System/Library/PrivateFrameworks/PowerLog.framework/Versions/A/PowerLog
0x000000019f4e1000 	/System/Library/Frameworks/CoreBluetooth.framework/Versions/A/CoreBluetooth
0x00000001a241d000 	/System/Library/Frameworks/AudioUnit.framework/Versions/A/AudioUnit
0x0000000196916000 	/System/Library/PrivateFrameworks/CoreUtils.framework/Versions/A/CoreUtils
0x00000001fd2d8000 	/System/Library/PrivateFrameworks/CoreUtilsExtras.framework/Versions/A/CoreUtilsExtras
0x0000000202361000 	/System/Library/PrivateFrameworks/IO80211.framework/Versions/A/IO80211
0x0000000198f39000 	/System/Library/PrivateFrameworks/IconFoundation.framework/Versions/A/IconFoundation
0x000000019e590000 	/System/Library/PrivateFrameworks/SpeechRecognitionCore.framework/Versions/A/SpeechRecognitionCore
0x00000001037b0000 	/opt/homebrew/Cellar/openjdk/21/libexec/openjdk.jdk/Contents/Home/lib/server/libjvm.dylib
0x00000001028a4000 	/opt/homebrew/Cellar/openjdk/21/libexec/openjdk.jdk/Contents/Home/lib/libjimage.dylib
0x00000001028e8000 	/opt/homebrew/Cellar/openjdk/21/libexec/openjdk.jdk/Contents/Home/lib/libjava.dylib
0x0000000103378000 	/opt/homebrew/Cellar/openjdk/21/libexec/openjdk.jdk/Contents/Home/lib/libnio.dylib
0x0000000103398000 	/opt/homebrew/Cellar/openjdk/21/libexec/openjdk.jdk/Contents/Home/lib/libnet.dylib
0x0000000103358000 	/opt/homebrew/Cellar/openjdk/21/libexec/openjdk.jdk/Contents/Home/lib/libzip.dylib
0x0000000103430000 	/opt/homebrew/Cellar/openjdk/21/libexec/openjdk.jdk/Contents/Home/lib/libawt.dylib
0x00000001034d8000 	/opt/homebrew/Cellar/openjdk/21/libexec/openjdk.jdk/Contents/Home/lib/libmlib_image.dylib
0x00000001f37e4000 	/System/Library/Frameworks/JavaRuntimeSupport.framework/Versions/A/JavaRuntimeSupport
0x00000001ad6ea000 	/System/Library/Frameworks/Carbon.framework/Versions/A/Carbon
0x00000001a05b3000 	/System/Library/PrivateFrameworks/CoreSymbolication.framework/Versions/A/CoreSymbolication
0x00000001a5f90000 	/System/Library/Frameworks/Carbon.framework/Versions/A/Frameworks/CommonPanels.framework/Versions/A/CommonPanels
0x00000001a1d88000 	/System/Library/Frameworks/Carbon.framework/Versions/A/Frameworks/Help.framework/Versions/A/Help
0x00000001a5f94000 	/System/Library/Frameworks/Carbon.framework/Versions/A/Frameworks/ImageCapture.framework/Versions/A/ImageCapture
0x00000001a5f68000 	/System/Library/Frameworks/Carbon.framework/Versions/A/Frameworks/OpenScripting.framework/Versions/A/OpenScripting
0x00000001a5f8c000 	/System/Library/Frameworks/Carbon.framework/Versions/A/Frameworks/Ink.framework/Versions/A/Ink
0x00000001ad6e6000 	/System/Library/Frameworks/Carbon.framework/Versions/A/Frameworks/Print.framework/Versions/A/Print
0x00000001a5f88000 	/System/Library/Frameworks/Carbon.framework/Versions/A/Frameworks/SecurityHI.framework/Versions/A/SecurityHI
0x00000001a056e000 	/System/Library/PrivateFrameworks/DebugSymbols.framework/Versions/A/DebugSymbols
0x0000000103660000 	/opt/homebrew/Cellar/openjdk/21/libexec/openjdk.jdk/Contents/Home/lib/libawt_lwawt.dylib
0x00000001033e8000 	/opt/homebrew/Cellar/openjdk/21/libexec/openjdk.jdk/Contents/Home/lib/libosxapp.dylib
0x00000001ac8bb000 	/System/Library/Frameworks/ExceptionHandling.framework/Versions/A/ExceptionHandling
0x00000001033b4000 	/opt/homebrew/Cellar/openjdk/21/libexec/openjdk.jdk/Contents/Home/lib/libfontmanager.dylib
0x000000011fd10000 	/opt/homebrew/Cellar/harfbuzz/8.2.1/lib/libharfbuzz.0.dylib
0x00000001035bc000 	/opt/homebrew/Cellar/openjdk/21/libexec/openjdk.jdk/Contents/Home/lib/libfreetype.dylib
0x000000011fed8000 	/opt/homebrew/Cellar/freetype/2.13.2/lib/libfreetype.6.dylib
0x0000000124128000 	/opt/homebrew/Cellar/glib/2.78.0/lib/libglib-2.0.0.dylib
0x0000000103558000 	/opt/homebrew/Cellar/graphite2/1.3.14/lib/libgraphite2.3.2.1.dylib
0x000000011fe38000 	/opt/homebrew/Cellar/libpng/1.6.40/lib/libpng16.16.dylib
0x000000011fe6c000 	/opt/homebrew/Cellar/gettext/0.22.2/lib/libintl.8.dylib
0x0000000124000000 	/opt/homebrew/Cellar/pcre2/10.42/lib/libpcre2-8.0.dylib
0x000000019f7f3000 	/System/Library/Frameworks/FileProvider.framework/Versions/A/FileProvider
0x0000000191ea5000 	/System/Library/Frameworks/Accounts.framework/Versions/A/Accounts
0x0000000193a8e000 	/System/Library/PrivateFrameworks/UserManagement.framework/Versions/A/UserManagement
0x000000019f98b000 	/System/Library/PrivateFrameworks/GenerationalStorage.framework/Versions/A/GenerationalStorage
0x000000019f596000 	/System/Library/PrivateFrameworks/SymptomDiagnosticReporter.framework/Versions/A/SymptomDiagnosticReporter
0x000000018fff6000 	/System/Library/PrivateFrameworks/DesktopServicesPriv.framework/Versions/A/DesktopServicesPriv
0x000000018eed6000 	/usr/lib/libsandbox.1.dylib
0x000000019b514000 	/System/Library/PrivateFrameworks/NetAuth.framework/Versions/A/NetAuth
0x000000019c4ed000 	/System/Library/PrivateFrameworks/Sharing.framework/Versions/A/Sharing
0x0000000193a52000 	/System/Library/PrivateFrameworks/login.framework/Versions/A/Frameworks/loginsupport.framework/Versions/A/loginsupport
0x00000001a18e9000 	/System/Library/PrivateFrameworks/Apple80211.framework/Versions/A/Apple80211
0x00000001972af000 	/System/Library/PrivateFrameworks/AuthKit.framework/Versions/A/AuthKit
0x0000000196898000 	/System/Library/Frameworks/CoreWLAN.framework/Versions/A/CoreWLAN
0x00000001a18ed000 	/System/Library/PrivateFrameworks/CoreWiFi.framework/Versions/A/CoreWiFi
0x00000001d130a000 	/System/Library/PrivateFrameworks/WiFiPeerToPeer.framework/Versions/A/WiFiPeerToPeer
0x00000001a0123000 	/System/Library/PrivateFrameworks/FrontBoardServices.framework/Versions/A/FrontBoardServices
0x00000001a01c0000 	/System/Library/PrivateFrameworks/BoardServices.framework/Versions/A/BoardServices
0x00000001a1a8f000 	/System/Library/PrivateFrameworks/BackBoardServices.framework/Versions/A/BackBoardServices
0x000000019741c000 	/System/Library/Frameworks/UserNotifications.framework/Versions/A/UserNotifications
0x000000019ba01000 	/System/Library/PrivateFrameworks/CorePhoneNumbers.framework/Versions/A/CorePhoneNumbers
0x000000019b213000 	/System/Library/PrivateFrameworks/MultiverseSupport.framework/Versions/A/MultiverseSupport
0x00000001a1d18000 	/System/Library/PrivateFrameworks/RemoteServiceDiscovery.framework/Versions/A/RemoteServiceDiscovery
0x000000019f6c3000 	/System/Library/PrivateFrameworks/DiskManagement.framework/Versions/A/DiskManagement
0x000000019f5ca000 	/System/Library/PrivateFrameworks/AppleIDAuthSupport.framework/Versions/A/AppleIDAuthSupport
0x00000001f7686000 	/System/Library/PrivateFrameworks/AAAFoundation.framework/Versions/A/AAAFoundation
0x000000019b9d9000 	/System/Library/PrivateFrameworks/KeychainCircle.framework/Versions/A/KeychainCircle
0x00000001a1d2c000 	/System/Library/PrivateFrameworks/RemoteXPC.framework/Versions/A/RemoteXPC
0x000000019f68f000 	/System/Library/PrivateFrameworks/MediaKit.framework/Versions/A/MediaKit
0x000000019f5d7000 	/System/Library/Frameworks/DiscRecording.framework/Versions/A/DiscRecording
0x0000000198e43000 	/usr/lib/libCoreStorage.dylib
0x00000001a1d94000 	/usr/lib/libcsfde.dylib
0x000000019c753000 	/System/Library/PrivateFrameworks/ProtectedCloudStorage.framework/Versions/A/ProtectedCloudStorage
0x00000001a1d8c000 	/System/Library/PrivateFrameworks/EFILogin.framework/Versions/A/EFILogin
0x000000019f9b1000 	/System/Library/PrivateFrameworks/OctagonTrust.framework/Versions/A/OctagonTrust
0x0000000198e3b000 	/usr/lib/libMatch.1.dylib
0x00000001b6413000 	/System/Library/CoreServices/RawCamera.bundle/Contents/MacOS/RawCamera
0x000000019b915000 	/System/Library/PrivateFrameworks/MobileAsset.framework/Versions/A/MobileAsset
0x00000001b3c90000 	/System/Library/PrivateFrameworks/SoftwareUpdateCoreSupport.framework/Versions/A/SoftwareUpdateCoreSupport
0x00000001b9df8000 	/System/Library/PrivateFrameworks/SoftwareUpdateCoreConnect.framework/Versions/A/SoftwareUpdateCoreConnect
0x00000001a2443000 	/System/Library/PrivateFrameworks/StreamingZip.framework/Versions/A/StreamingZip
0x00000001b3971000 	/System/Library/PrivateFrameworks/MSUDataAccessor.framework/Versions/A/MSUDataAccessor
0x00000001b007f000 	/usr/lib/libbootpolicy.dylib
0x00000001c0753000 	/usr/lib/libpartition2_dynamic.dylib
0x00000001f9d96000 	/System/Library/PrivateFrameworks/CMPhoto.framework/Versions/A/CMPhoto
0x000000019a0f4000 	/System/Library/Frameworks/MediaToolbox.framework/Versions/A/MediaToolbox
0x000000019f7bf000 	/System/Library/PrivateFrameworks/CoreAVCHD.framework/Versions/A/CoreAVCHD
0x000000019ec8b000 	/System/Library/Frameworks/MediaAccessibility.framework/Versions/A/MediaAccessibility
0x000000019f7bb000 	/System/Library/PrivateFrameworks/Mangrove.framework/Versions/A/Mangrove
0x000000019f7af000 	/System/Library/PrivateFrameworks/CoreAUC.framework/Versions/A/CoreAUC
0x00000001b334b000 	/System/Library/Frameworks/Accelerate.framework/Versions/A/Frameworks/vImage.framework/Versions/A/Libraries/libCGInterfaces.dylib
0x00000001242d8000 	/usr/lib/libobjc-trampolines.dylib
0x0000000218389000 	/usr/lib/libAccessibilityBaseImplementations.dylib
0x000000019373b000 	/System/Library/PrivateFrameworks/ViewBridge.framework/Versions/A/ViewBridge
0x00000001f0cc1000 	/System/Library/Extensions/AGXMetal13_3.bundle/Contents/MacOS/AGXMetal13_3
0x00000001ae8c7000 	/System/Library/PrivateFrameworks/GPURawCounter.framework/Versions/A/GPURawCounter
0x00000001a89b4000 	/System/Library/PrivateFrameworks/IOGPU.framework/Versions/A/IOGPU
0x00000001354d4000 	/opt/homebrew/Cellar/openjdk/21/libexec/openjdk.jdk/Contents/Home/lib/libosxui.dylib
0x00000001995bf000 	/System/Library/PrivateFrameworks/login.framework/Versions/A/login
0x000000019ecc2000 	/System/Library/PrivateFrameworks/SystemAdministration.framework/Versions/A/SystemAdministration
0x000000019e558000 	/System/Library/Frameworks/DirectoryService.framework/Versions/A/DirectoryService
0x00000001a1c20000 	/System/Library/PrivateFrameworks/DiskImages.framework/Versions/A/DiskImages
0x0000000196b7c000 	/System/Library/Frameworks/ServiceManagement.framework/Versions/A/ServiceManagement
0x00000001a1e16000 	/System/Library/PrivateFrameworks/LoginUIKit.framework/Versions/A/Frameworks/LoginUICore.framework/Versions/A/LoginUICore
0x000000019977e000 	/usr/lib/libodfde.dylib
0x00000001a1da0000 	/usr/lib/libcurl.4.dylib
0x0000000218984000 	/usr/lib/libcrypto.46.dylib
0x0000000219008000 	/usr/lib/libssl.48.dylib
0x00000001a1ab2000 	/System/Library/Frameworks/LDAP.framework/Versions/A/LDAP
0x00000001a1af2000 	/System/Library/PrivateFrameworks/TrustEvaluationAgent.framework/Versions/A/TrustEvaluationAgent
0x000000019b1ff000 	/usr/lib/libsasl2.2.dylib


VM Arguments:
java_command: /Users/kamui-nakahara/programs/logic2/target/logic2-1.0-SNAPSHOT.jar
java_class_path (initial): /Users/kamui-nakahara/programs/logic2/target/logic2-1.0-SNAPSHOT.jar
Launcher Type: SUN_STANDARD

[Global flags]
     intx CICompilerCount                          = 4                                         {product} {ergonomic}
     uint ConcGCThreads                            = 2                                         {product} {ergonomic}
     uint G1ConcRefinementThreads                  = 8                                         {product} {ergonomic}
   size_t G1HeapRegionSize                         = 1048576                                   {product} {ergonomic}
    uintx GCDrainStackTargetSize                   = 64                                        {product} {ergonomic}
   size_t InitialHeapSize                          = 134217728                                 {product} {ergonomic}
   size_t MarkStackSize                            = 4194304                                   {product} {ergonomic}
   size_t MaxHeapSize                              = 2147483648                                {product} {ergonomic}
   size_t MaxNewSize                               = 1287651328                                {product} {ergonomic}
   size_t MinHeapDeltaBytes                        = 1048576                                   {product} {ergonomic}
   size_t MinHeapSize                              = 8388608                                   {product} {ergonomic}
    uintx NonNMethodCodeHeapSize                   = 5839564                                {pd product} {ergonomic}
    uintx NonProfiledCodeHeapSize                  = 122909338                              {pd product} {ergonomic}
    uintx ProfiledCodeHeapSize                     = 122909338                              {pd product} {ergonomic}
    uintx ReservedCodeCacheSize                    = 251658240                              {pd product} {ergonomic}
     bool SegmentedCodeCache                       = true                                      {product} {ergonomic}
   size_t SoftMaxHeapSize                          = 2147483648                             {manageable} {ergonomic}
     bool UseCompressedOops                        = true                           {product lp64_product} {ergonomic}
     bool UseG1GC                                  = true                                      {product} {ergonomic}
     bool UseNUMA                                  = false                                     {product} {ergonomic}
     bool UseNUMAInterleaving                      = false                                     {product} {ergonomic}

Logging:
Log output configuration:
 #0: stdout all=warning uptime,level,tags foldmultilines=false
 #1: stderr all=off uptime,level,tags foldmultilines=false

Environment Variables:
PATH=/usr/bin:/bin:/usr/sbin:/sbin
SHELL=/bin/zsh
DISPLAY=/private/tmp/com.apple.launchd.4Ha2J4UoXR/org.xquartz:0
TMPDIR=/var/folders/nd/h19n1myj6mx19n831b6j5wlc0000gn/T/

Active Locale:
LC_ALL=C
LC_COLLATE=C
LC_CTYPE=C
LC_MESSAGES=C
LC_MONETARY=C
LC_NUMERIC=C
LC_TIME=C

Signal Handlers:
   SIGSEGV: crash_handler in libjvm.dylib, mask=11100110000111110111111111111111, flags=SA_ONSTACK|SA_RESTART|SA_SIGINFO, unblocked
    SIGBUS: crash_handler in libjvm.dylib, mask=11100110000111110111111111111111, flags=SA_RESTART|SA_SIGINFO, unblocked
    SIGFPE: crash_handler in libjvm.dylib, mask=11100110000111110111111111111111, flags=SA_RESTART|SA_SIGINFO, unblocked
   SIGPIPE: javaSignalHandler in libjvm.dylib, mask=11100110000111110111111111111111, flags=SA_RESTART|SA_SIGINFO, blocked
   SIGXFSZ: javaSignalHandler in libjvm.dylib, mask=11100110000111110111111111111111, flags=SA_RESTART|SA_SIGINFO, blocked
    SIGILL: crash_handler in libjvm.dylib, mask=11100110000111110111111111111111, flags=SA_RESTART|SA_SIGINFO, unblocked
   SIGUSR2: SR_handler in libjvm.dylib, mask=00000000000000000000000000000000, flags=SA_RESTART|SA_SIGINFO, blocked
    SIGHUP: UserHandler in libjvm.dylib, mask=11100110000111110111111111111111, flags=SA_RESTART|SA_SIGINFO, blocked
    SIGINT: UserHandler in libjvm.dylib, mask=11100110000111110111111111111111, flags=SA_RESTART|SA_SIGINFO, blocked
   SIGTERM: UserHandler in libjvm.dylib, mask=11100110000111110111111111111111, flags=SA_RESTART|SA_SIGINFO, blocked
   SIGQUIT: UserHandler in libjvm.dylib, mask=11100110000111110111111111111111, flags=SA_RESTART|SA_SIGINFO, blocked
   SIGTRAP: crash_handler in libjvm.dylib, mask=11100110000111110111111111111111, flags=SA_RESTART|SA_SIGINFO, unblocked


---------------  S Y S T E M  ---------------

OS:
uname: Darwin 22.6.0 Darwin Kernel Version 22.6.0: Wed Jul  5 22:22:52 PDT 2023; root:xnu-8796.141.3~6/RELEASE_ARM64_T8103 arm64
OS uptime: 96 days 4:57 hours
rlimit (soft/hard): STACK 8176k/65520k , CORE 0k/infinity , NPROC 1333/2000 , NOFILE 10240/infinity , AS infinity/infinity , CPU infinity/infinity , DATA infinity/infinity , FSIZE infinity/infinity , MEMLOCK infinity/infinity , RSS infinity/infinity
load average: 2.35 3.70 3.81

CPU: total 8 (initial active 8) 0x61:0x0:0x1b588bb3:0, fp, asimd, aes, pmull, sha1, sha256, crc32, lse, sha3, sha512
machdep.cpu.brand_string:Apple M1
hw.cachelinesize:128
hw.l1icachesize:131072
hw.l1dcachesize:65536
hw.l2cachesize:4194304

Memory: 16k page, physical 8388608k(112320k free), swap 7340032k(715840k free)

vm_info: OpenJDK 64-Bit Server VM (21) for bsd-aarch64 JRE (21), built on 2023-08-09T20:19:41Z by "brew" with clang Apple LLVM 14.0.3 (clang-1403.0.22.14.1)

END.
